running egg_info
writing ../build/plant_docking/plant_docking.egg-info/PKG-INFO
writing dependency_links to ../build/plant_docking/plant_docking.egg-info/dependency_links.txt
writing entry points to ../build/plant_docking/plant_docking.egg-info/entry_points.txt
writing requirements to ../build/plant_docking/plant_docking.egg-info/requires.txt
writing top-level names to ../build/plant_docking/plant_docking.egg-info/top_level.txt
reading manifest file '../build/plant_docking/plant_docking.egg-info/SOURCES.txt'
writing manifest file '../build/plant_docking/plant_docking.egg-info/SOURCES.txt'
running build
running build_py
running install
running install_lib
running install_data
running install_egg_info
removing '/home/zhanger/tmp/bloomba/bloomba_ws/src/install/plant_docking/lib/python3.10/site-packages/plant_docking-0.0.0-py3.10.egg-info' (and everything under it)
Copying ../build/plant_docking/plant_docking.egg-info to /home/zhanger/tmp/bloomba/bloomba_ws/src/install/plant_docking/lib/python3.10/site-packages/plant_docking-0.0.0-py3.10.egg-info
running install_scripts
Installing plant_docking_listener script to /home/zhanger/tmp/bloomba/bloomba_ws/src/install/plant_docking/lib/plant_docking
Installing plant_tf2_broadcaster script to /home/zhanger/tmp/bloomba/bloomba_ws/src/install/plant_docking/lib/plant_docking
Installing plant_tf2_listener script to /home/zhanger/tmp/bloomba/bloomba_ws/src/install/plant_docking/lib/plant_docking
writing list of installed files to '/home/zhanger/tmp/bloomba/bloomba_ws/src/build/plant_docking/install.log'
