-- Install configuration: ""
-- Up-to-date: /home/zhanger/tmp/bloomba/bloomba_ws/src/install/bloomba_bringup/share/bloomba_bringup/launch
-- Up-to-date: /home/zhanger/tmp/bloomba/bloomba_ws/src/install/bloomba_bringup/share/bloomba_bringup/launch/rviz_launch.py
-- Up-to-date: /home/zhanger/tmp/bloomba/bloomba_ws/src/install/bloomba_bringup/share/bloomba_bringup/launch/live_launch.py
-- Up-to-date: /home/zhanger/tmp/bloomba/bloomba_ws/src/install/bloomba_bringup/share/bloomba_bringup/launch/sensors_launch.py
-- Up-to-date: /home/zhanger/tmp/bloomba/bloomba_ws/src/install/bloomba_bringup/share/bloomba_bringup/launch/sim_launch.py
-- Up-to-date: /home/zhanger/tmp/bloomba/bloomba_ws/src/install/bloomba_bringup/share/bloomba_bringup/config
-- Up-to-date: /home/zhanger/tmp/bloomba/bloomba_ws/src/install/bloomba_bringup/share/bloomba_bringup/config/rplidar_node.yaml
-- Up-to-date: /home/zhanger/tmp/bloomba/bloomba_ws/src/install/bloomba_bringup/share/bloomba_bringup/rviz
-- Up-to-date: /home/zhanger/tmp/bloomba/bloomba_ws/src/install/bloomba_bringup/share/bloomba_bringup/rviz/bloomba_view.rviz
-- Up-to-date: /home/zhanger/tmp/bloomba/bloomba_ws/src/install/bloomba_bringup/share/ament_index/resource_index/package_run_dependencies/bloomba_bringup
-- Up-to-date: /home/zhanger/tmp/bloomba/bloomba_ws/src/install/bloomba_bringup/share/ament_index/resource_index/parent_prefix_path/bloomba_bringup
-- Up-to-date: /home/zhanger/tmp/bloomba/bloomba_ws/src/install/bloomba_bringup/share/bloomba_bringup/environment/ament_prefix_path.sh
-- Up-to-date: /home/zhanger/tmp/bloomba/bloomba_ws/src/install/bloomba_bringup/share/bloomba_bringup/environment/ament_prefix_path.dsv
-- Up-to-date: /home/zhanger/tmp/bloomba/bloomba_ws/src/install/bloomba_bringup/share/bloomba_bringup/environment/path.sh
-- Up-to-date: /home/zhanger/tmp/bloomba/bloomba_ws/src/install/bloomba_bringup/share/bloomba_bringup/environment/path.dsv
-- Up-to-date: /home/zhanger/tmp/bloomba/bloomba_ws/src/install/bloomba_bringup/share/bloomba_bringup/local_setup.bash
-- Up-to-date: /home/zhanger/tmp/bloomba/bloomba_ws/src/install/bloomba_bringup/share/bloomba_bringup/local_setup.sh
-- Up-to-date: /home/zhanger/tmp/bloomba/bloomba_ws/src/install/bloomba_bringup/share/bloomba_bringup/local_setup.zsh
-- Up-to-date: /home/zhanger/tmp/bloomba/bloomba_ws/src/install/bloomba_bringup/share/bloomba_bringup/local_setup.dsv
-- Up-to-date: /home/zhanger/tmp/bloomba/bloomba_ws/src/install/bloomba_bringup/share/bloomba_bringup/package.dsv
-- Up-to-date: /home/zhanger/tmp/bloomba/bloomba_ws/src/install/bloomba_bringup/share/ament_index/resource_index/packages/bloomba_bringup
-- Up-to-date: /home/zhanger/tmp/bloomba/bloomba_ws/src/install/bloomba_bringup/share/bloomba_bringup/cmake/bloomba_bringupConfig.cmake
-- Up-to-date: /home/zhanger/tmp/bloomba/bloomba_ws/src/install/bloomba_bringup/share/bloomba_bringup/cmake/bloomba_bringupConfig-version.cmake
-- Up-to-date: /home/zhanger/tmp/bloomba/bloomba_ws/src/install/bloomba_bringup/share/bloomba_bringup/package.xml
