[0.072s] Invoking command in '/home/zhanger/tmp/bloomba/bloomba_ws/src/build/bloomba_bringup': CMAKE_PREFIX_PATH=${CMAKE_PREFIX_PATH}:/home/zhanger/tmp/bloomba/bloomba_ws/install/plant_docking:/home/zhanger/tmp/bloomba/bloomba_ws/install/learning_tf2_py:/home/zhanger/tmp/bloomba/bloomba_ws/install/bloomba_slam:/home/zhanger/tmp/bloomba/bloomba_ws/install/bloomba_navigation:/home/zhanger/tmp/bloomba/bloomba_ws/install/bloomba_docking:/opt/ros/humble /usr/bin/cmake --build /home/zhanger/tmp/bloomba/bloomba_ws/src/build/bloomba_bringup -- -j4 -l4
[0.519s] Invoked command in '/home/zhanger/tmp/bloomba/bloomba_ws/src/build/bloomba_bringup' returned '0': CMAKE_PREFIX_PATH=${CMAKE_PREFIX_PATH}:/home/zhanger/tmp/bloomba/bloomba_ws/install/plant_docking:/home/zhanger/tmp/bloomba/bloomba_ws/install/learning_tf2_py:/home/zhanger/tmp/bloomba/bloomba_ws/install/bloomba_slam:/home/zhanger/tmp/bloomba/bloomba_ws/install/bloomba_navigation:/home/zhanger/tmp/bloomba/bloomba_ws/install/bloomba_docking:/opt/ros/humble /usr/bin/cmake --build /home/zhanger/tmp/bloomba/bloomba_ws/src/build/bloomba_bringup -- -j4 -l4
[0.554s] Invoking command in '/home/zhanger/tmp/bloomba/bloomba_ws/src/build/bloomba_bringup': CMAKE_PREFIX_PATH=${CMAKE_PREFIX_PATH}:/home/zhanger/tmp/bloomba/bloomba_ws/install/plant_docking:/home/zhanger/tmp/bloomba/bloomba_ws/install/learning_tf2_py:/home/zhanger/tmp/bloomba/bloomba_ws/install/bloomba_slam:/home/zhanger/tmp/bloomba/bloomba_ws/install/bloomba_navigation:/home/zhanger/tmp/bloomba/bloomba_ws/install/bloomba_docking:/opt/ros/humble /usr/bin/cmake --install /home/zhanger/tmp/bloomba/bloomba_ws/src/build/bloomba_bringup
[0.567s] -- Install configuration: ""
[0.567s] -- Up-to-date: /home/zhanger/tmp/bloomba/bloomba_ws/src/install/bloomba_bringup/share/bloomba_bringup/launch
[0.568s] -- Up-to-date: /home/zhanger/tmp/bloomba/bloomba_ws/src/install/bloomba_bringup/share/bloomba_bringup/launch/rviz_launch.py
[0.568s] -- Up-to-date: /home/zhanger/tmp/bloomba/bloomba_ws/src/install/bloomba_bringup/share/bloomba_bringup/launch/live_launch.py
[0.568s] -- Up-to-date: /home/zhanger/tmp/bloomba/bloomba_ws/src/install/bloomba_bringup/share/bloomba_bringup/launch/sensors_launch.py
[0.568s] -- Up-to-date: /home/zhanger/tmp/bloomba/bloomba_ws/src/install/bloomba_bringup/share/bloomba_bringup/launch/sim_launch.py
[0.568s] -- Up-to-date: /home/zhanger/tmp/bloomba/bloomba_ws/src/install/bloomba_bringup/share/bloomba_bringup/config
[0.569s] -- Up-to-date: /home/zhanger/tmp/bloomba/bloomba_ws/src/install/bloomba_bringup/share/bloomba_bringup/config/rplidar_node.yaml
[0.569s] -- Up-to-date: /home/zhanger/tmp/bloomba/bloomba_ws/src/install/bloomba_bringup/share/bloomba_bringup/rviz
[0.569s] -- Up-to-date: /home/zhanger/tmp/bloomba/bloomba_ws/src/install/bloomba_bringup/share/bloomba_bringup/rviz/bloomba_view.rviz
[0.569s] -- Up-to-date: /home/zhanger/tmp/bloomba/bloomba_ws/src/install/bloomba_bringup/share/ament_index/resource_index/package_run_dependencies/bloomba_bringup
[0.570s] -- Up-to-date: /home/zhanger/tmp/bloomba/bloomba_ws/src/install/bloomba_bringup/share/ament_index/resource_index/parent_prefix_path/bloomba_bringup
[0.570s] -- Up-to-date: /home/zhanger/tmp/bloomba/bloomba_ws/src/install/bloomba_bringup/share/bloomba_bringup/environment/ament_prefix_path.sh
[0.570s] -- Up-to-date: /home/zhanger/tmp/bloomba/bloomba_ws/src/install/bloomba_bringup/share/bloomba_bringup/environment/ament_prefix_path.dsv
[0.570s] -- Up-to-date: /home/zhanger/tmp/bloomba/bloomba_ws/src/install/bloomba_bringup/share/bloomba_bringup/environment/path.sh
[0.571s] -- Up-to-date: /home/zhanger/tmp/bloomba/bloomba_ws/src/install/bloomba_bringup/share/bloomba_bringup/environment/path.dsv
[0.571s] -- Up-to-date: /home/zhanger/tmp/bloomba/bloomba_ws/src/install/bloomba_bringup/share/bloomba_bringup/local_setup.bash
[0.571s] -- Up-to-date: /home/zhanger/tmp/bloomba/bloomba_ws/src/install/bloomba_bringup/share/bloomba_bringup/local_setup.sh
[0.571s] -- Up-to-date: /home/zhanger/tmp/bloomba/bloomba_ws/src/install/bloomba_bringup/share/bloomba_bringup/local_setup.zsh
[0.572s] -- Up-to-date: /home/zhanger/tmp/bloomba/bloomba_ws/src/install/bloomba_bringup/share/bloomba_bringup/local_setup.dsv
[0.572s] -- Up-to-date: /home/zhanger/tmp/bloomba/bloomba_ws/src/install/bloomba_bringup/share/bloomba_bringup/package.dsv
[0.572s] -- Up-to-date: /home/zhanger/tmp/bloomba/bloomba_ws/src/install/bloomba_bringup/share/ament_index/resource_index/packages/bloomba_bringup
[0.572s] -- Up-to-date: /home/zhanger/tmp/bloomba/bloomba_ws/src/install/bloomba_bringup/share/bloomba_bringup/cmake/bloomba_bringupConfig.cmake
[0.572s] -- Up-to-date: /home/zhanger/tmp/bloomba/bloomba_ws/src/install/bloomba_bringup/share/bloomba_bringup/cmake/bloomba_bringupConfig-version.cmake
[0.573s] -- Up-to-date: /home/zhanger/tmp/bloomba/bloomba_ws/src/install/bloomba_bringup/share/bloomba_bringup/package.xml
[0.578s] Invoked command in '/home/zhanger/tmp/bloomba/bloomba_ws/src/build/bloomba_bringup' returned '0': CMAKE_PREFIX_PATH=${CMAKE_PREFIX_PATH}:/home/zhanger/tmp/bloomba/bloomba_ws/install/plant_docking:/home/zhanger/tmp/bloomba/bloomba_ws/install/learning_tf2_py:/home/zhanger/tmp/bloomba/bloomba_ws/install/bloomba_slam:/home/zhanger/tmp/bloomba/bloomba_ws/install/bloomba_navigation:/home/zhanger/tmp/bloomba/bloomba_ws/install/bloomba_docking:/opt/ros/humble /usr/bin/cmake --install /home/zhanger/tmp/bloomba/bloomba_ws/src/build/bloomba_bringup
