[0.037s] Invoking command in '/home/zhanger/tmp/bloomba/bloomba_ws/src/build/irobot_create_control': CMAKE_PREFIX_PATH=${CMAKE_PREFIX_PATH}:/home/zhanger/tmp/bloomba/bloomba_ws/install/plant_docking:/home/zhanger/tmp/bloomba/bloomba_ws/install/learning_tf2_py:/home/zhanger/tmp/bloomba/bloomba_ws/install/bloomba_slam:/home/zhanger/tmp/bloomba/bloomba_ws/install/bloomba_navigation:/home/zhanger/tmp/bloomba/bloomba_ws/install/bloomba_docking:/opt/ros/humble /usr/bin/cmake /home/zhanger/tmp/bloomba/bloomba_ws/src/bloomba_sim/irobot_create_common/irobot_create_control -DCMAKE_INSTALL_PREFIX=/home/zhanger/tmp/bloomba/bloomba_ws/src/install/irobot_create_control
[0.235s] -- The C compiler identification is GNU 11.3.0
[0.454s] -- The CXX compiler identification is GNU 11.3.0
[0.486s] -- Detecting C compiler ABI info
[0.618s] -- Detecting C compiler ABI info - done
[0.642s] -- Check for working C compiler: /usr/bin/cc - skipped
[0.643s] -- Detecting C compile features
[0.645s] -- Detecting C compile features - done
[0.656s] -- Detecting CXX compiler ABI info
[0.847s] -- Detecting CXX compiler ABI info - done
[0.885s] -- Check for working CXX compiler: /usr/bin/c++ - skipped
[0.886s] -- Detecting CXX compile features
[0.886s] -- Detecting CXX compile features - done
[0.899s] -- Found ament_cmake: 1.3.3 (/opt/ros/humble/share/ament_cmake/cmake)
[1.451s] -- Found Python3: /usr/bin/python3.10 (found version "3.10.6") found components: Interpreter 
[1.709s] -- Found ament_lint_auto: 0.12.5 (/opt/ros/humble/share/ament_lint_auto/cmake)
[1.859s] -- Added test 'flake8' to check Python code syntax and style conventions
[1.860s] -- Added test 'lint_cmake' to check CMake code style
[1.865s] -- Added test 'pep257' to check Python code against some of the docstring style conventions in PEP 257
[1.879s] -- Added test 'xmllint' to check XML markup files
[1.894s] -- Configuring done
[1.894s] -- Generating done
[1.895s] -- Build files have been written to: /home/zhanger/tmp/bloomba/bloomba_ws/src/build/irobot_create_control
[1.911s] Invoked command in '/home/zhanger/tmp/bloomba/bloomba_ws/src/build/irobot_create_control' returned '0': CMAKE_PREFIX_PATH=${CMAKE_PREFIX_PATH}:/home/zhanger/tmp/bloomba/bloomba_ws/install/plant_docking:/home/zhanger/tmp/bloomba/bloomba_ws/install/learning_tf2_py:/home/zhanger/tmp/bloomba/bloomba_ws/install/bloomba_slam:/home/zhanger/tmp/bloomba/bloomba_ws/install/bloomba_navigation:/home/zhanger/tmp/bloomba/bloomba_ws/install/bloomba_docking:/opt/ros/humble /usr/bin/cmake /home/zhanger/tmp/bloomba/bloomba_ws/src/bloomba_sim/irobot_create_common/irobot_create_control -DCMAKE_INSTALL_PREFIX=/home/zhanger/tmp/bloomba/bloomba_ws/src/install/irobot_create_control
[1.912s] Invoking command in '/home/zhanger/tmp/bloomba/bloomba_ws/src/build/irobot_create_control': CMAKE_PREFIX_PATH=${CMAKE_PREFIX_PATH}:/home/zhanger/tmp/bloomba/bloomba_ws/install/plant_docking:/home/zhanger/tmp/bloomba/bloomba_ws/install/learning_tf2_py:/home/zhanger/tmp/bloomba/bloomba_ws/install/bloomba_slam:/home/zhanger/tmp/bloomba/bloomba_ws/install/bloomba_navigation:/home/zhanger/tmp/bloomba/bloomba_ws/install/bloomba_docking:/opt/ros/humble /usr/bin/cmake --build /home/zhanger/tmp/bloomba/bloomba_ws/src/build/irobot_create_control -- -j4 -l4
[2.034s] Invoked command in '/home/zhanger/tmp/bloomba/bloomba_ws/src/build/irobot_create_control' returned '0': CMAKE_PREFIX_PATH=${CMAKE_PREFIX_PATH}:/home/zhanger/tmp/bloomba/bloomba_ws/install/plant_docking:/home/zhanger/tmp/bloomba/bloomba_ws/install/learning_tf2_py:/home/zhanger/tmp/bloomba/bloomba_ws/install/bloomba_slam:/home/zhanger/tmp/bloomba/bloomba_ws/install/bloomba_navigation:/home/zhanger/tmp/bloomba/bloomba_ws/install/bloomba_docking:/opt/ros/humble /usr/bin/cmake --build /home/zhanger/tmp/bloomba/bloomba_ws/src/build/irobot_create_control -- -j4 -l4
[2.066s] Invoking command in '/home/zhanger/tmp/bloomba/bloomba_ws/src/build/irobot_create_control': CMAKE_PREFIX_PATH=${CMAKE_PREFIX_PATH}:/home/zhanger/tmp/bloomba/bloomba_ws/install/plant_docking:/home/zhanger/tmp/bloomba/bloomba_ws/install/learning_tf2_py:/home/zhanger/tmp/bloomba/bloomba_ws/install/bloomba_slam:/home/zhanger/tmp/bloomba/bloomba_ws/install/bloomba_navigation:/home/zhanger/tmp/bloomba/bloomba_ws/install/bloomba_docking:/opt/ros/humble /usr/bin/cmake --install /home/zhanger/tmp/bloomba/bloomba_ws/src/build/irobot_create_control
[2.084s] -- Install configuration: ""
[2.084s] -- Installing: /home/zhanger/tmp/bloomba/bloomba_ws/src/install/irobot_create_control/share/irobot_create_control//launch
[2.084s] -- Installing: /home/zhanger/tmp/bloomba/bloomba_ws/src/install/irobot_create_control/share/irobot_create_control//launch/include
[2.084s] -- Installing: /home/zhanger/tmp/bloomba/bloomba_ws/src/install/irobot_create_control/share/irobot_create_control//launch/include/control.py
[2.086s] -- Installing: /home/zhanger/tmp/bloomba/bloomba_ws/src/install/irobot_create_control/share/irobot_create_control//config
[2.086s] -- Installing: /home/zhanger/tmp/bloomba/bloomba_ws/src/install/irobot_create_control/share/irobot_create_control//config/control.yaml
[2.091s] -- Installing: /home/zhanger/tmp/bloomba/bloomba_ws/src/install/irobot_create_control/share/ament_index/resource_index/package_run_dependencies/irobot_create_control
[2.093s] -- Installing: /home/zhanger/tmp/bloomba/bloomba_ws/src/install/irobot_create_control/share/ament_index/resource_index/parent_prefix_path/irobot_create_control
[2.093s] -- Installing: /home/zhanger/tmp/bloomba/bloomba_ws/src/install/irobot_create_control/share/irobot_create_control/environment/ament_prefix_path.sh
[2.093s] -- Installing: /home/zhanger/tmp/bloomba/bloomba_ws/src/install/irobot_create_control/share/irobot_create_control/environment/ament_prefix_path.dsv
[2.094s] -- Installing: /home/zhanger/tmp/bloomba/bloomba_ws/src/install/irobot_create_control/share/irobot_create_control/environment/path.sh
[2.094s] -- Installing: /home/zhanger/tmp/bloomba/bloomba_ws/src/install/irobot_create_control/share/irobot_create_control/environment/path.dsv
[2.095s] -- Installing: /home/zhanger/tmp/bloomba/bloomba_ws/src/install/irobot_create_control/share/irobot_create_control/local_setup.bash
[2.095s] -- Installing: /home/zhanger/tmp/bloomba/bloomba_ws/src/install/irobot_create_control/share/irobot_create_control/local_setup.sh
[2.095s] -- Installing: /home/zhanger/tmp/bloomba/bloomba_ws/src/install/irobot_create_control/share/irobot_create_control/local_setup.zsh
[2.096s] -- Installing: /home/zhanger/tmp/bloomba/bloomba_ws/src/install/irobot_create_control/share/irobot_create_control/local_setup.dsv
[2.096s] -- Installing: /home/zhanger/tmp/bloomba/bloomba_ws/src/install/irobot_create_control/share/irobot_create_control/package.dsv
[2.097s] -- Installing: /home/zhanger/tmp/bloomba/bloomba_ws/src/install/irobot_create_control/share/ament_index/resource_index/packages/irobot_create_control
[2.097s] -- Installing: /home/zhanger/tmp/bloomba/bloomba_ws/src/install/irobot_create_control/share/irobot_create_control/cmake/irobot_create_controlConfig.cmake
[2.097s] -- Installing: /home/zhanger/tmp/bloomba/bloomba_ws/src/install/irobot_create_control/share/irobot_create_control/cmake/irobot_create_controlConfig-version.cmake
[2.098s] -- Installing: /home/zhanger/tmp/bloomba/bloomba_ws/src/install/irobot_create_control/share/irobot_create_control/package.xml
[2.102s] Invoked command in '/home/zhanger/tmp/bloomba/bloomba_ws/src/build/irobot_create_control' returned '0': CMAKE_PREFIX_PATH=${CMAKE_PREFIX_PATH}:/home/zhanger/tmp/bloomba/bloomba_ws/install/plant_docking:/home/zhanger/tmp/bloomba/bloomba_ws/install/learning_tf2_py:/home/zhanger/tmp/bloomba/bloomba_ws/install/bloomba_slam:/home/zhanger/tmp/bloomba/bloomba_ws/install/bloomba_navigation:/home/zhanger/tmp/bloomba/bloomba_ws/install/bloomba_docking:/opt/ros/humble /usr/bin/cmake --install /home/zhanger/tmp/bloomba/bloomba_ws/src/build/irobot_create_control
