[1.703s] Invoking command in '/home/zhanger/tmp/bloomba/bloomba_ws/src/bloomba_navigation': PYTHONPATH=/home/zhanger/tmp/bloomba/bloomba_ws/src/build/bloomba_navigation/prefix_override:/home/zhanger/tmp/bloomba/bloomba_ws/src/install/bloomba_navigation/lib/python3.10/site-packages:${PYTHONPATH} /usr/bin/python3 setup.py egg_info --egg-base ../build/bloomba_navigation build --build-base /home/zhanger/tmp/bloomba/bloomba_ws/src/build/bloomba_navigation/build install --record /home/zhanger/tmp/bloomba/bloomba_ws/src/build/bloomba_navigation/install.log --single-version-externally-managed
[2.229s] running egg_info
[2.230s] writing ../build/bloomba_navigation/bloomba_navigation.egg-info/PKG-INFO
[2.230s] writing dependency_links to ../build/bloomba_navigation/bloomba_navigation.egg-info/dependency_links.txt
[2.235s] writing entry points to ../build/bloomba_navigation/bloomba_navigation.egg-info/entry_points.txt
[2.235s] writing requirements to ../build/bloomba_navigation/bloomba_navigation.egg-info/requires.txt
[2.235s] writing top-level names to ../build/bloomba_navigation/bloomba_navigation.egg-info/top_level.txt
[2.236s] reading manifest file '../build/bloomba_navigation/bloomba_navigation.egg-info/SOURCES.txt'
[2.238s] writing manifest file '../build/bloomba_navigation/bloomba_navigation.egg-info/SOURCES.txt'
[2.238s] running build
[2.238s] running build_py
[2.238s] running install
[2.241s] /usr/lib/python3/dist-packages/setuptools/command/install.py:34: SetuptoolsDeprecationWarning: setup.py install is deprecated. Use build and pip and other standards-based tools.
[2.241s]   warnings.warn(
[2.241s] running install_lib
[2.244s] running install_data
[2.245s] running install_egg_info
[2.247s] removing '/home/zhanger/tmp/bloomba/bloomba_ws/src/install/bloomba_navigation/lib/python3.10/site-packages/bloomba_navigation-0.0.0-py3.10.egg-info' (and everything under it)
[2.248s] Copying ../build/bloomba_navigation/bloomba_navigation.egg-info to /home/zhanger/tmp/bloomba/bloomba_ws/src/install/bloomba_navigation/lib/python3.10/site-packages/bloomba_navigation-0.0.0-py3.10.egg-info
[2.249s] running install_scripts
[2.290s] Installing test script to /home/zhanger/tmp/bloomba/bloomba_ws/src/install/bloomba_navigation/lib/bloomba_navigation
[2.291s] writing list of installed files to '/home/zhanger/tmp/bloomba/bloomba_ws/src/build/bloomba_navigation/install.log'
[2.643s] Invoked command in '/home/zhanger/tmp/bloomba/bloomba_ws/src/bloomba_navigation' returned '0': PYTHONPATH=/home/zhanger/tmp/bloomba/bloomba_ws/src/build/bloomba_navigation/prefix_override:/home/zhanger/tmp/bloomba/bloomba_ws/src/install/bloomba_navigation/lib/python3.10/site-packages:${PYTHONPATH} /usr/bin/python3 setup.py egg_info --egg-base ../build/bloomba_navigation build --build-base /home/zhanger/tmp/bloomba/bloomba_ws/src/build/bloomba_navigation/build install --record /home/zhanger/tmp/bloomba/bloomba_ws/src/build/bloomba_navigation/install.log --single-version-externally-managed
