-- Install configuration: ""
-- Up-to-date: /home/zhanger/tmp/bloomba/bloomba_ws/src/install/irobot_create_control/share/irobot_create_control//launch
-- Up-to-date: /home/zhanger/tmp/bloomba/bloomba_ws/src/install/irobot_create_control/share/irobot_create_control//launch/include
-- Up-to-date: /home/zhanger/tmp/bloomba/bloomba_ws/src/install/irobot_create_control/share/irobot_create_control//launch/include/control.py
-- Up-to-date: /home/zhanger/tmp/bloomba/bloomba_ws/src/install/irobot_create_control/share/irobot_create_control//config
-- Up-to-date: /home/zhanger/tmp/bloomba/bloomba_ws/src/install/irobot_create_control/share/irobot_create_control//config/control.yaml
-- Up-to-date: /home/zhanger/tmp/bloomba/bloomba_ws/src/install/irobot_create_control/share/ament_index/resource_index/package_run_dependencies/irobot_create_control
-- Up-to-date: /home/zhanger/tmp/bloomba/bloomba_ws/src/install/irobot_create_control/share/ament_index/resource_index/parent_prefix_path/irobot_create_control
-- Up-to-date: /home/zhanger/tmp/bloomba/bloomba_ws/src/install/irobot_create_control/share/irobot_create_control/environment/ament_prefix_path.sh
-- Up-to-date: /home/zhanger/tmp/bloomba/bloomba_ws/src/install/irobot_create_control/share/irobot_create_control/environment/ament_prefix_path.dsv
-- Up-to-date: /home/zhanger/tmp/bloomba/bloomba_ws/src/install/irobot_create_control/share/irobot_create_control/environment/path.sh
-- Up-to-date: /home/zhanger/tmp/bloomba/bloomba_ws/src/install/irobot_create_control/share/irobot_create_control/environment/path.dsv
-- Up-to-date: /home/zhanger/tmp/bloomba/bloomba_ws/src/install/irobot_create_control/share/irobot_create_control/local_setup.bash
-- Up-to-date: /home/zhanger/tmp/bloomba/bloomba_ws/src/install/irobot_create_control/share/irobot_create_control/local_setup.sh
-- Up-to-date: /home/zhanger/tmp/bloomba/bloomba_ws/src/install/irobot_create_control/share/irobot_create_control/local_setup.zsh
-- Up-to-date: /home/zhanger/tmp/bloomba/bloomba_ws/src/install/irobot_create_control/share/irobot_create_control/local_setup.dsv
-- Up-to-date: /home/zhanger/tmp/bloomba/bloomba_ws/src/install/irobot_create_control/share/irobot_create_control/package.dsv
-- Up-to-date: /home/zhanger/tmp/bloomba/bloomba_ws/src/install/irobot_create_control/share/ament_index/resource_index/packages/irobot_create_control
-- Up-to-date: /home/zhanger/tmp/bloomba/bloomba_ws/src/install/irobot_create_control/share/irobot_create_control/cmake/irobot_create_controlConfig.cmake
-- Up-to-date: /home/zhanger/tmp/bloomba/bloomba_ws/src/install/irobot_create_control/share/irobot_create_control/cmake/irobot_create_controlConfig-version.cmake
-- Up-to-date: /home/zhanger/tmp/bloomba/bloomba_ws/src/install/irobot_create_control/share/irobot_create_control/package.xml
