[0.038s] Invoking command in '/home/zhanger/tmp/bloomba/bloomba_ws/src/build/irobot_create_control': CMAKE_PREFIX_PATH=${CMAKE_PREFIX_PATH}:/home/zhanger/tmp/bloomba/bloomba_ws/install/plant_docking:/home/zhanger/tmp/bloomba/bloomba_ws/install/learning_tf2_py:/home/zhanger/tmp/bloomba/bloomba_ws/install/bloomba_slam:/home/zhanger/tmp/bloomba/bloomba_ws/install/bloomba_navigation:/home/zhanger/tmp/bloomba/bloomba_ws/install/bloomba_docking:/opt/ros/humble /usr/bin/cmake --build /home/zhanger/tmp/bloomba/bloomba_ws/src/build/irobot_create_control -- -j4 -l4
[0.100s] Invoked command in '/home/zhanger/tmp/bloomba/bloomba_ws/src/build/irobot_create_control' returned '0': CMAKE_PREFIX_PATH=${CMAKE_PREFIX_PATH}:/home/zhanger/tmp/bloomba/bloomba_ws/install/plant_docking:/home/zhanger/tmp/bloomba/bloomba_ws/install/learning_tf2_py:/home/zhanger/tmp/bloomba/bloomba_ws/install/bloomba_slam:/home/zhanger/tmp/bloomba/bloomba_ws/install/bloomba_navigation:/home/zhanger/tmp/bloomba/bloomba_ws/install/bloomba_docking:/opt/ros/humble /usr/bin/cmake --build /home/zhanger/tmp/bloomba/bloomba_ws/src/build/irobot_create_control -- -j4 -l4
[0.150s] Invoking command in '/home/zhanger/tmp/bloomba/bloomba_ws/src/build/irobot_create_control': CMAKE_PREFIX_PATH=${CMAKE_PREFIX_PATH}:/home/zhanger/tmp/bloomba/bloomba_ws/install/plant_docking:/home/zhanger/tmp/bloomba/bloomba_ws/install/learning_tf2_py:/home/zhanger/tmp/bloomba/bloomba_ws/install/bloomba_slam:/home/zhanger/tmp/bloomba/bloomba_ws/install/bloomba_navigation:/home/zhanger/tmp/bloomba/bloomba_ws/install/bloomba_docking:/opt/ros/humble /usr/bin/cmake --install /home/zhanger/tmp/bloomba/bloomba_ws/src/build/irobot_create_control
[0.164s] -- Install configuration: ""
[0.182s] -- Up-to-date: /home/zhanger/tmp/bloomba/bloomba_ws/src/install/irobot_create_control/share/irobot_create_control//launch
[0.182s] -- Up-to-date: /home/zhanger/tmp/bloomba/bloomba_ws/src/install/irobot_create_control/share/irobot_create_control//launch/include
[0.182s] -- Up-to-date: /home/zhanger/tmp/bloomba/bloomba_ws/src/install/irobot_create_control/share/irobot_create_control//launch/include/control.py
[0.182s] -- Up-to-date: /home/zhanger/tmp/bloomba/bloomba_ws/src/install/irobot_create_control/share/irobot_create_control//config
[0.182s] -- Up-to-date: /home/zhanger/tmp/bloomba/bloomba_ws/src/install/irobot_create_control/share/irobot_create_control//config/control.yaml
[0.182s] -- Up-to-date: /home/zhanger/tmp/bloomba/bloomba_ws/src/install/irobot_create_control/share/ament_index/resource_index/package_run_dependencies/irobot_create_control
[0.182s] -- Up-to-date: /home/zhanger/tmp/bloomba/bloomba_ws/src/install/irobot_create_control/share/ament_index/resource_index/parent_prefix_path/irobot_create_control
[0.183s] -- Up-to-date: /home/zhanger/tmp/bloomba/bloomba_ws/src/install/irobot_create_control/share/irobot_create_control/environment/ament_prefix_path.sh
[0.183s] -- Up-to-date: /home/zhanger/tmp/bloomba/bloomba_ws/src/install/irobot_create_control/share/irobot_create_control/environment/ament_prefix_path.dsv
[0.183s] -- Up-to-date: /home/zhanger/tmp/bloomba/bloomba_ws/src/install/irobot_create_control/share/irobot_create_control/environment/path.sh
[0.183s] -- Up-to-date: /home/zhanger/tmp/bloomba/bloomba_ws/src/install/irobot_create_control/share/irobot_create_control/environment/path.dsv
[0.183s] -- Up-to-date: /home/zhanger/tmp/bloomba/bloomba_ws/src/install/irobot_create_control/share/irobot_create_control/local_setup.bash
[0.183s] -- Up-to-date: /home/zhanger/tmp/bloomba/bloomba_ws/src/install/irobot_create_control/share/irobot_create_control/local_setup.sh
[0.183s] -- Up-to-date: /home/zhanger/tmp/bloomba/bloomba_ws/src/install/irobot_create_control/share/irobot_create_control/local_setup.zsh
[0.184s] -- Up-to-date: /home/zhanger/tmp/bloomba/bloomba_ws/src/install/irobot_create_control/share/irobot_create_control/local_setup.dsv
[0.184s] -- Up-to-date: /home/zhanger/tmp/bloomba/bloomba_ws/src/install/irobot_create_control/share/irobot_create_control/package.dsv
[0.184s] -- Up-to-date: /home/zhanger/tmp/bloomba/bloomba_ws/src/install/irobot_create_control/share/ament_index/resource_index/packages/irobot_create_control
[0.184s] -- Up-to-date: /home/zhanger/tmp/bloomba/bloomba_ws/src/install/irobot_create_control/share/irobot_create_control/cmake/irobot_create_controlConfig.cmake
[0.184s] -- Up-to-date: /home/zhanger/tmp/bloomba/bloomba_ws/src/install/irobot_create_control/share/irobot_create_control/cmake/irobot_create_controlConfig-version.cmake
[0.184s] -- Up-to-date: /home/zhanger/tmp/bloomba/bloomba_ws/src/install/irobot_create_control/share/irobot_create_control/package.xml
[0.185s] Invoked command in '/home/zhanger/tmp/bloomba/bloomba_ws/src/build/irobot_create_control' returned '0': CMAKE_PREFIX_PATH=${CMAKE_PREFIX_PATH}:/home/zhanger/tmp/bloomba/bloomba_ws/install/plant_docking:/home/zhanger/tmp/bloomba/bloomba_ws/install/learning_tf2_py:/home/zhanger/tmp/bloomba/bloomba_ws/install/bloomba_slam:/home/zhanger/tmp/bloomba/bloomba_ws/install/bloomba_navigation:/home/zhanger/tmp/bloomba/bloomba_ws/install/bloomba_docking:/opt/ros/humble /usr/bin/cmake --install /home/zhanger/tmp/bloomba/bloomba_ws/src/build/irobot_create_control
