[1.908s] Invoking command in '/home/zhanger/tmp/bloomba/bloomba_ws/src/bloomba_slam': PYTHONPATH=/home/zhanger/tmp/bloomba/bloomba_ws/src/build/bloomba_slam/prefix_override:/home/zhanger/tmp/bloomba/bloomba_ws/src/install/bloomba_slam/lib/python3.10/site-packages:${PYTHONPATH} /usr/bin/python3 setup.py egg_info --egg-base ../build/bloomba_slam build --build-base /home/zhanger/tmp/bloomba/bloomba_ws/src/build/bloomba_slam/build install --record /home/zhanger/tmp/bloomba/bloomba_ws/src/build/bloomba_slam/install.log --single-version-externally-managed
[2.384s] running egg_info
[2.387s] writing ../build/bloomba_slam/bloomba_slam.egg-info/PKG-INFO
[2.387s] writing dependency_links to ../build/bloomba_slam/bloomba_slam.egg-info/dependency_links.txt
[2.387s] writing entry points to ../build/bloomba_slam/bloomba_slam.egg-info/entry_points.txt
[2.387s] writing requirements to ../build/bloomba_slam/bloomba_slam.egg-info/requires.txt
[2.387s] writing top-level names to ../build/bloomba_slam/bloomba_slam.egg-info/top_level.txt
[2.391s] reading manifest file '../build/bloomba_slam/bloomba_slam.egg-info/SOURCES.txt'
[2.392s] writing manifest file '../build/bloomba_slam/bloomba_slam.egg-info/SOURCES.txt'
[2.393s] running build
[2.393s] running build_py
[2.393s] running install
[2.393s] /usr/lib/python3/dist-packages/setuptools/command/install.py:34: SetuptoolsDeprecationWarning: setup.py install is deprecated. Use build and pip and other standards-based tools.
[2.393s]   warnings.warn(
[2.394s] running install_lib
[2.398s] running install_data
[2.399s] running install_egg_info
[2.402s] removing '/home/zhanger/tmp/bloomba/bloomba_ws/src/install/bloomba_slam/lib/python3.10/site-packages/bloomba_slam-0.0.0-py3.10.egg-info' (and everything under it)
[2.402s] Copying ../build/bloomba_slam/bloomba_slam.egg-info to /home/zhanger/tmp/bloomba/bloomba_ws/src/install/bloomba_slam/lib/python3.10/site-packages/bloomba_slam-0.0.0-py3.10.egg-info
[2.406s] running install_scripts
[2.451s] writing list of installed files to '/home/zhanger/tmp/bloomba/bloomba_ws/src/build/bloomba_slam/install.log'
[2.490s] Invoked command in '/home/zhanger/tmp/bloomba/bloomba_ws/src/bloomba_slam' returned '0': PYTHONPATH=/home/zhanger/tmp/bloomba/bloomba_ws/src/build/bloomba_slam/prefix_override:/home/zhanger/tmp/bloomba/bloomba_ws/src/install/bloomba_slam/lib/python3.10/site-packages:${PYTHONPATH} /usr/bin/python3 setup.py egg_info --egg-base ../build/bloomba_slam build --build-base /home/zhanger/tmp/bloomba/bloomba_ws/src/build/bloomba_slam/build install --record /home/zhanger/tmp/bloomba/bloomba_ws/src/build/bloomba_slam/install.log --single-version-externally-managed
