[0.321s] DEBUG:colcon:Command line arguments: ['/usr/bin/colcon', 'build', '--packages-select', 'plant_docking/plant_docking/']
[0.321s] DEBUG:colcon:Parsed command line arguments: Namespace(log_base=None, log_level=None, verb_name='build', build_base='build', install_base='install', merge_install=False, symlink_install=False, test_result_base=None, continue_on_error=False, executor='parallel', parallel_workers=4, event_handlers=None, ignore_user_meta=False, metas=['./colcon.meta'], base_paths=['.'], packages_ignore=None, packages_ignore_regex=None, paths=None, packages_up_to=None, packages_up_to_regex=None, packages_above=None, packages_above_and_dependencies=None, packages_above_depth=None, packages_select_by_dep=None, packages_skip_by_dep=None, packages_skip_up_to=None, packages_select_build_failed=False, packages_skip_build_finished=False, packages_select_test_failures=False, packages_skip_test_passed=False, packages_select=['plant_docking/plant_docking/'], packages_skip=None, packages_select_regex=None, packages_skip_regex=None, packages_start=None, packages_end=None, allow_overriding=[], cmake_args=None, cmake_target=None, cmake_target_skip_unavailable=False, cmake_clean_cache=False, cmake_clean_first=False, cmake_force_configure=False, ament_cmake_args=None, catkin_cmake_args=None, catkin_skip_building_tests=False, verb_parser=<colcon_defaults.argument_parser.defaults.DefaultArgumentsDecorator object at 0x7f1af4cfd750>, verb_extension=<colcon_core.verb.build.BuildVerb object at 0x7f1af551f820>, main=<bound method BuildVerb.main of <colcon_core.verb.build.BuildVerb object at 0x7f1af551f820>>)
[0.353s] Level 1:colcon.colcon_core.package_discovery:discover_packages(colcon_meta) check parameters
[0.353s] Level 1:colcon.colcon_core.package_discovery:discover_packages(recursive) check parameters
[0.353s] Level 1:colcon.colcon_core.package_discovery:discover_packages(ignore) check parameters
[0.354s] Level 1:colcon.colcon_core.package_discovery:discover_packages(path) check parameters
[0.354s] Level 1:colcon.colcon_core.package_discovery:discover_packages(colcon_meta) discover
[0.354s] Level 1:colcon.colcon_core.package_discovery:discover_packages(recursive) discover
[0.354s] INFO:colcon.colcon_core.package_discovery:Crawling recursively for packages in '/home/zhanger/tmp/bloomba/bloomba_ws/src'
[0.354s] Level 1:colcon.colcon_core.package_identification:_identify(.) by extensions ['ignore', 'ignore_ament_install']
[0.354s] Level 1:colcon.colcon_core.package_identification:_identify(.) by extension 'ignore'
[0.354s] Level 1:colcon.colcon_core.package_identification:_identify(.) by extension 'ignore_ament_install'
[0.354s] Level 1:colcon.colcon_core.package_identification:_identify(.) by extensions ['colcon_pkg']
[0.354s] Level 1:colcon.colcon_core.package_identification:_identify(.) by extension 'colcon_pkg'
[0.354s] Level 1:colcon.colcon_core.package_identification:_identify(.) by extensions ['colcon_meta']
[0.354s] Level 1:colcon.colcon_core.package_identification:_identify(.) by extension 'colcon_meta'
[0.354s] Level 1:colcon.colcon_core.package_identification:_identify(.) by extensions ['ros']
[0.354s] Level 1:colcon.colcon_core.package_identification:_identify(.) by extension 'ros'
[0.366s] Level 1:colcon.colcon_core.package_identification:_identify(.) by extensions ['cmake', 'python']
[0.366s] Level 1:colcon.colcon_core.package_identification:_identify(.) by extension 'cmake'
[0.366s] Level 1:colcon.colcon_core.package_identification:_identify(.) by extension 'python'
[0.366s] Level 1:colcon.colcon_core.package_identification:_identify(.) by extensions ['python_setup_py']
[0.366s] Level 1:colcon.colcon_core.package_identification:_identify(.) by extension 'python_setup_py'
[0.366s] Level 1:colcon.colcon_core.package_identification:_identify(apriltag_msgs) by extensions ['ignore', 'ignore_ament_install']
[0.366s] Level 1:colcon.colcon_core.package_identification:_identify(apriltag_msgs) by extension 'ignore'
[0.366s] Level 1:colcon.colcon_core.package_identification:_identify(apriltag_msgs) by extension 'ignore_ament_install'
[0.366s] Level 1:colcon.colcon_core.package_identification:_identify(apriltag_msgs) by extensions ['colcon_pkg']
[0.366s] Level 1:colcon.colcon_core.package_identification:_identify(apriltag_msgs) by extension 'colcon_pkg'
[0.367s] Level 1:colcon.colcon_core.package_identification:_identify(apriltag_msgs) by extensions ['colcon_meta']
[0.367s] Level 1:colcon.colcon_core.package_identification:_identify(apriltag_msgs) by extension 'colcon_meta'
[0.367s] Level 1:colcon.colcon_core.package_identification:_identify(apriltag_msgs) by extensions ['ros']
[0.367s] Level 1:colcon.colcon_core.package_identification:_identify(apriltag_msgs) by extension 'ros'
[0.369s] DEBUG:colcon.colcon_core.package_identification:Package 'apriltag_msgs' with type 'ros.ament_cmake' and name 'apriltag_msgs'
[0.369s] Level 1:colcon.colcon_core.package_identification:_identify(apriltag_ros) by extensions ['ignore', 'ignore_ament_install']
[0.369s] Level 1:colcon.colcon_core.package_identification:_identify(apriltag_ros) by extension 'ignore'
[0.369s] Level 1:colcon.colcon_core.package_identification:_identify(apriltag_ros) by extension 'ignore_ament_install'
[0.369s] Level 1:colcon.colcon_core.package_identification:_identify(apriltag_ros) by extensions ['colcon_pkg']
[0.370s] Level 1:colcon.colcon_core.package_identification:_identify(apriltag_ros) by extension 'colcon_pkg'
[0.370s] Level 1:colcon.colcon_core.package_identification:_identify(apriltag_ros) by extensions ['colcon_meta']
[0.370s] Level 1:colcon.colcon_core.package_identification:_identify(apriltag_ros) by extension 'colcon_meta'
[0.370s] Level 1:colcon.colcon_core.package_identification:_identify(apriltag_ros) by extensions ['ros']
[0.370s] Level 1:colcon.colcon_core.package_identification:_identify(apriltag_ros) by extension 'ros'
[0.371s] DEBUG:colcon.colcon_core.package_identification:Package 'apriltag_ros' with type 'ros.ament_cmake' and name 'apriltag_ros'
[0.371s] Level 1:colcon.colcon_core.package_identification:_identify(bloomba_bringup) by extensions ['ignore', 'ignore_ament_install']
[0.371s] Level 1:colcon.colcon_core.package_identification:_identify(bloomba_bringup) by extension 'ignore'
[0.371s] Level 1:colcon.colcon_core.package_identification:_identify(bloomba_bringup) by extension 'ignore_ament_install'
[0.371s] Level 1:colcon.colcon_core.package_identification:_identify(bloomba_bringup) by extensions ['colcon_pkg']
[0.371s] Level 1:colcon.colcon_core.package_identification:_identify(bloomba_bringup) by extension 'colcon_pkg'
[0.371s] Level 1:colcon.colcon_core.package_identification:_identify(bloomba_bringup) by extensions ['colcon_meta']
[0.371s] Level 1:colcon.colcon_core.package_identification:_identify(bloomba_bringup) by extension 'colcon_meta'
[0.372s] Level 1:colcon.colcon_core.package_identification:_identify(bloomba_bringup) by extensions ['ros']
[0.372s] Level 1:colcon.colcon_core.package_identification:_identify(bloomba_bringup) by extension 'ros'
[0.372s] DEBUG:colcon.colcon_core.package_identification:Package 'bloomba_bringup' with type 'ros.ament_cmake' and name 'bloomba_bringup'
[0.372s] Level 1:colcon.colcon_core.package_identification:_identify(bloomba_navigation) by extensions ['ignore', 'ignore_ament_install']
[0.372s] Level 1:colcon.colcon_core.package_identification:_identify(bloomba_navigation) by extension 'ignore'
[0.372s] Level 1:colcon.colcon_core.package_identification:_identify(bloomba_navigation) by extension 'ignore_ament_install'
[0.372s] Level 1:colcon.colcon_core.package_identification:_identify(bloomba_navigation) by extensions ['colcon_pkg']
[0.373s] Level 1:colcon.colcon_core.package_identification:_identify(bloomba_navigation) by extension 'colcon_pkg'
[0.373s] Level 1:colcon.colcon_core.package_identification:_identify(bloomba_navigation) by extensions ['colcon_meta']
[0.373s] Level 1:colcon.colcon_core.package_identification:_identify(bloomba_navigation) by extension 'colcon_meta'
[0.373s] Level 1:colcon.colcon_core.package_identification:_identify(bloomba_navigation) by extensions ['ros']
[0.373s] Level 1:colcon.colcon_core.package_identification:_identify(bloomba_navigation) by extension 'ros'
[0.373s] DEBUG:colcon.colcon_core.package_identification:Package 'bloomba_navigation' with type 'ros.ament_python' and name 'bloomba_navigation'
[0.373s] Level 1:colcon.colcon_core.package_identification:_identify(bloomba_sim) by extensions ['ignore', 'ignore_ament_install']
[0.373s] Level 1:colcon.colcon_core.package_identification:_identify(bloomba_sim) by extension 'ignore'
[0.374s] Level 1:colcon.colcon_core.package_identification:_identify(bloomba_sim) by extension 'ignore_ament_install'
[0.374s] Level 1:colcon.colcon_core.package_identification:_identify(bloomba_sim) by extensions ['colcon_pkg']
[0.374s] Level 1:colcon.colcon_core.package_identification:_identify(bloomba_sim) by extension 'colcon_pkg'
[0.374s] Level 1:colcon.colcon_core.package_identification:_identify(bloomba_sim) by extensions ['colcon_meta']
[0.374s] Level 1:colcon.colcon_core.package_identification:_identify(bloomba_sim) by extension 'colcon_meta'
[0.374s] Level 1:colcon.colcon_core.package_identification:_identify(bloomba_sim) by extensions ['ros']
[0.374s] Level 1:colcon.colcon_core.package_identification:_identify(bloomba_sim) by extension 'ros'
[0.374s] Level 1:colcon.colcon_core.package_identification:_identify(bloomba_sim) by extensions ['cmake', 'python']
[0.374s] Level 1:colcon.colcon_core.package_identification:_identify(bloomba_sim) by extension 'cmake'
[0.374s] Level 1:colcon.colcon_core.package_identification:_identify(bloomba_sim) by extension 'python'
[0.374s] Level 1:colcon.colcon_core.package_identification:_identify(bloomba_sim) by extensions ['python_setup_py']
[0.374s] Level 1:colcon.colcon_core.package_identification:_identify(bloomba_sim) by extension 'python_setup_py'
[0.374s] Level 1:colcon.colcon_core.package_identification:_identify(bloomba_sim/irobot_create_common) by extensions ['ignore', 'ignore_ament_install']
[0.374s] Level 1:colcon.colcon_core.package_identification:_identify(bloomba_sim/irobot_create_common) by extension 'ignore'
[0.375s] Level 1:colcon.colcon_core.package_identification:_identify(bloomba_sim/irobot_create_common) by extension 'ignore_ament_install'
[0.375s] Level 1:colcon.colcon_core.package_identification:_identify(bloomba_sim/irobot_create_common) by extensions ['colcon_pkg']
[0.375s] Level 1:colcon.colcon_core.package_identification:_identify(bloomba_sim/irobot_create_common) by extension 'colcon_pkg'
[0.375s] Level 1:colcon.colcon_core.package_identification:_identify(bloomba_sim/irobot_create_common) by extensions ['colcon_meta']
[0.375s] Level 1:colcon.colcon_core.package_identification:_identify(bloomba_sim/irobot_create_common) by extension 'colcon_meta'
[0.375s] Level 1:colcon.colcon_core.package_identification:_identify(bloomba_sim/irobot_create_common) by extensions ['ros']
[0.375s] Level 1:colcon.colcon_core.package_identification:_identify(bloomba_sim/irobot_create_common) by extension 'ros'
[0.375s] Level 1:colcon.colcon_core.package_identification:_identify(bloomba_sim/irobot_create_common) by extensions ['cmake', 'python']
[0.375s] Level 1:colcon.colcon_core.package_identification:_identify(bloomba_sim/irobot_create_common) by extension 'cmake'
[0.375s] Level 1:colcon.colcon_core.package_identification:_identify(bloomba_sim/irobot_create_common) by extension 'python'
[0.375s] Level 1:colcon.colcon_core.package_identification:_identify(bloomba_sim/irobot_create_common) by extensions ['python_setup_py']
[0.375s] Level 1:colcon.colcon_core.package_identification:_identify(bloomba_sim/irobot_create_common) by extension 'python_setup_py'
[0.375s] Level 1:colcon.colcon_core.package_identification:_identify(bloomba_sim/irobot_create_common/irobot_create_common_bringup) by extensions ['ignore', 'ignore_ament_install']
[0.375s] Level 1:colcon.colcon_core.package_identification:_identify(bloomba_sim/irobot_create_common/irobot_create_common_bringup) by extension 'ignore'
[0.376s] Level 1:colcon.colcon_core.package_identification:_identify(bloomba_sim/irobot_create_common/irobot_create_common_bringup) by extension 'ignore_ament_install'
[0.376s] Level 1:colcon.colcon_core.package_identification:_identify(bloomba_sim/irobot_create_common/irobot_create_common_bringup) by extensions ['colcon_pkg']
[0.376s] Level 1:colcon.colcon_core.package_identification:_identify(bloomba_sim/irobot_create_common/irobot_create_common_bringup) by extension 'colcon_pkg'
[0.376s] Level 1:colcon.colcon_core.package_identification:_identify(bloomba_sim/irobot_create_common/irobot_create_common_bringup) by extensions ['colcon_meta']
[0.376s] Level 1:colcon.colcon_core.package_identification:_identify(bloomba_sim/irobot_create_common/irobot_create_common_bringup) by extension 'colcon_meta'
[0.376s] Level 1:colcon.colcon_core.package_identification:_identify(bloomba_sim/irobot_create_common/irobot_create_common_bringup) by extensions ['ros']
[0.376s] Level 1:colcon.colcon_core.package_identification:_identify(bloomba_sim/irobot_create_common/irobot_create_common_bringup) by extension 'ros'
[0.377s] DEBUG:colcon.colcon_core.package_identification:Package 'bloomba_sim/irobot_create_common/irobot_create_common_bringup' with type 'ros.ament_cmake' and name 'irobot_create_common_bringup'
[0.377s] Level 1:colcon.colcon_core.package_identification:_identify(bloomba_sim/irobot_create_common/irobot_create_control) by extensions ['ignore', 'ignore_ament_install']
[0.377s] Level 1:colcon.colcon_core.package_identification:_identify(bloomba_sim/irobot_create_common/irobot_create_control) by extension 'ignore'
[0.377s] Level 1:colcon.colcon_core.package_identification:_identify(bloomba_sim/irobot_create_common/irobot_create_control) by extension 'ignore_ament_install'
[0.377s] Level 1:colcon.colcon_core.package_identification:_identify(bloomba_sim/irobot_create_common/irobot_create_control) by extensions ['colcon_pkg']
[0.377s] Level 1:colcon.colcon_core.package_identification:_identify(bloomba_sim/irobot_create_common/irobot_create_control) by extension 'colcon_pkg'
[0.377s] Level 1:colcon.colcon_core.package_identification:_identify(bloomba_sim/irobot_create_common/irobot_create_control) by extensions ['colcon_meta']
[0.377s] Level 1:colcon.colcon_core.package_identification:_identify(bloomba_sim/irobot_create_common/irobot_create_control) by extension 'colcon_meta'
[0.377s] Level 1:colcon.colcon_core.package_identification:_identify(bloomba_sim/irobot_create_common/irobot_create_control) by extensions ['ros']
[0.377s] Level 1:colcon.colcon_core.package_identification:_identify(bloomba_sim/irobot_create_common/irobot_create_control) by extension 'ros'
[0.378s] DEBUG:colcon.colcon_core.package_identification:Package 'bloomba_sim/irobot_create_common/irobot_create_control' with type 'ros.ament_cmake' and name 'irobot_create_control'
[0.378s] Level 1:colcon.colcon_core.package_identification:_identify(bloomba_sim/irobot_create_common/irobot_create_description) by extensions ['ignore', 'ignore_ament_install']
[0.378s] Level 1:colcon.colcon_core.package_identification:_identify(bloomba_sim/irobot_create_common/irobot_create_description) by extension 'ignore'
[0.378s] Level 1:colcon.colcon_core.package_identification:_identify(bloomba_sim/irobot_create_common/irobot_create_description) by extension 'ignore_ament_install'
[0.378s] Level 1:colcon.colcon_core.package_identification:_identify(bloomba_sim/irobot_create_common/irobot_create_description) by extensions ['colcon_pkg']
[0.378s] Level 1:colcon.colcon_core.package_identification:_identify(bloomba_sim/irobot_create_common/irobot_create_description) by extension 'colcon_pkg'
[0.378s] Level 1:colcon.colcon_core.package_identification:_identify(bloomba_sim/irobot_create_common/irobot_create_description) by extensions ['colcon_meta']
[0.378s] Level 1:colcon.colcon_core.package_identification:_identify(bloomba_sim/irobot_create_common/irobot_create_description) by extension 'colcon_meta'
[0.379s] Level 1:colcon.colcon_core.package_identification:_identify(bloomba_sim/irobot_create_common/irobot_create_description) by extensions ['ros']
[0.379s] Level 1:colcon.colcon_core.package_identification:_identify(bloomba_sim/irobot_create_common/irobot_create_description) by extension 'ros'
[0.379s] DEBUG:colcon.colcon_core.package_identification:Package 'bloomba_sim/irobot_create_common/irobot_create_description' with type 'ros.ament_cmake' and name 'irobot_create_description'
[0.379s] Level 1:colcon.colcon_core.package_identification:_identify(bloomba_sim/irobot_create_common/irobot_create_nodes) by extensions ['ignore', 'ignore_ament_install']
[0.379s] Level 1:colcon.colcon_core.package_identification:_identify(bloomba_sim/irobot_create_common/irobot_create_nodes) by extension 'ignore'
[0.379s] Level 1:colcon.colcon_core.package_identification:_identify(bloomba_sim/irobot_create_common/irobot_create_nodes) by extension 'ignore_ament_install'
[0.380s] Level 1:colcon.colcon_core.package_identification:_identify(bloomba_sim/irobot_create_common/irobot_create_nodes) by extensions ['colcon_pkg']
[0.380s] Level 1:colcon.colcon_core.package_identification:_identify(bloomba_sim/irobot_create_common/irobot_create_nodes) by extension 'colcon_pkg'
[0.380s] Level 1:colcon.colcon_core.package_identification:_identify(bloomba_sim/irobot_create_common/irobot_create_nodes) by extensions ['colcon_meta']
[0.380s] Level 1:colcon.colcon_core.package_identification:_identify(bloomba_sim/irobot_create_common/irobot_create_nodes) by extension 'colcon_meta'
[0.380s] Level 1:colcon.colcon_core.package_identification:_identify(bloomba_sim/irobot_create_common/irobot_create_nodes) by extensions ['ros']
[0.380s] Level 1:colcon.colcon_core.package_identification:_identify(bloomba_sim/irobot_create_common/irobot_create_nodes) by extension 'ros'
[0.381s] DEBUG:colcon.colcon_core.package_identification:Package 'bloomba_sim/irobot_create_common/irobot_create_nodes' with type 'ros.ament_cmake' and name 'irobot_create_nodes'
[0.381s] Level 1:colcon.colcon_core.package_identification:_identify(bloomba_sim/irobot_create_common/irobot_create_toolbox) by extensions ['ignore', 'ignore_ament_install']
[0.382s] Level 1:colcon.colcon_core.package_identification:_identify(bloomba_sim/irobot_create_common/irobot_create_toolbox) by extension 'ignore'
[0.382s] Level 1:colcon.colcon_core.package_identification:_identify(bloomba_sim/irobot_create_common/irobot_create_toolbox) by extension 'ignore_ament_install'
[0.382s] Level 1:colcon.colcon_core.package_identification:_identify(bloomba_sim/irobot_create_common/irobot_create_toolbox) by extensions ['colcon_pkg']
[0.382s] Level 1:colcon.colcon_core.package_identification:_identify(bloomba_sim/irobot_create_common/irobot_create_toolbox) by extension 'colcon_pkg'
[0.382s] Level 1:colcon.colcon_core.package_identification:_identify(bloomba_sim/irobot_create_common/irobot_create_toolbox) by extensions ['colcon_meta']
[0.382s] Level 1:colcon.colcon_core.package_identification:_identify(bloomba_sim/irobot_create_common/irobot_create_toolbox) by extension 'colcon_meta'
[0.382s] Level 1:colcon.colcon_core.package_identification:_identify(bloomba_sim/irobot_create_common/irobot_create_toolbox) by extensions ['ros']
[0.382s] Level 1:colcon.colcon_core.package_identification:_identify(bloomba_sim/irobot_create_common/irobot_create_toolbox) by extension 'ros'
[0.383s] DEBUG:colcon.colcon_core.package_identification:Package 'bloomba_sim/irobot_create_common/irobot_create_toolbox' with type 'ros.ament_cmake' and name 'irobot_create_toolbox'
[0.383s] Level 1:colcon.colcon_core.package_identification:_identify(bloomba_sim/irobot_create_gazebo) by extensions ['ignore', 'ignore_ament_install']
[0.383s] Level 1:colcon.colcon_core.package_identification:_identify(bloomba_sim/irobot_create_gazebo) by extension 'ignore'
[0.383s] Level 1:colcon.colcon_core.package_identification:_identify(bloomba_sim/irobot_create_gazebo) by extension 'ignore_ament_install'
[0.383s] Level 1:colcon.colcon_core.package_identification:_identify(bloomba_sim/irobot_create_gazebo) by extensions ['colcon_pkg']
[0.383s] Level 1:colcon.colcon_core.package_identification:_identify(bloomba_sim/irobot_create_gazebo) by extension 'colcon_pkg'
[0.383s] Level 1:colcon.colcon_core.package_identification:_identify(bloomba_sim/irobot_create_gazebo) by extensions ['colcon_meta']
[0.383s] Level 1:colcon.colcon_core.package_identification:_identify(bloomba_sim/irobot_create_gazebo) by extension 'colcon_meta'
[0.383s] Level 1:colcon.colcon_core.package_identification:_identify(bloomba_sim/irobot_create_gazebo) by extensions ['ros']
[0.383s] Level 1:colcon.colcon_core.package_identification:_identify(bloomba_sim/irobot_create_gazebo) by extension 'ros'
[0.383s] Level 1:colcon.colcon_core.package_identification:_identify(bloomba_sim/irobot_create_gazebo) by extensions ['cmake', 'python']
[0.384s] Level 1:colcon.colcon_core.package_identification:_identify(bloomba_sim/irobot_create_gazebo) by extension 'cmake'
[0.384s] Level 1:colcon.colcon_core.package_identification:_identify(bloomba_sim/irobot_create_gazebo) by extension 'python'
[0.384s] Level 1:colcon.colcon_core.package_identification:_identify(bloomba_sim/irobot_create_gazebo) by extensions ['python_setup_py']
[0.384s] Level 1:colcon.colcon_core.package_identification:_identify(bloomba_sim/irobot_create_gazebo) by extension 'python_setup_py'
[0.384s] Level 1:colcon.colcon_core.package_identification:_identify(bloomba_sim/irobot_create_gazebo/irobot_create_gazebo_bringup) by extensions ['ignore', 'ignore_ament_install']
[0.384s] Level 1:colcon.colcon_core.package_identification:_identify(bloomba_sim/irobot_create_gazebo/irobot_create_gazebo_bringup) by extension 'ignore'
[0.384s] Level 1:colcon.colcon_core.package_identification:_identify(bloomba_sim/irobot_create_gazebo/irobot_create_gazebo_bringup) by extension 'ignore_ament_install'
[0.384s] Level 1:colcon.colcon_core.package_identification:_identify(bloomba_sim/irobot_create_gazebo/irobot_create_gazebo_bringup) by extensions ['colcon_pkg']
[0.384s] Level 1:colcon.colcon_core.package_identification:_identify(bloomba_sim/irobot_create_gazebo/irobot_create_gazebo_bringup) by extension 'colcon_pkg'
[0.384s] Level 1:colcon.colcon_core.package_identification:_identify(bloomba_sim/irobot_create_gazebo/irobot_create_gazebo_bringup) by extensions ['colcon_meta']
[0.384s] Level 1:colcon.colcon_core.package_identification:_identify(bloomba_sim/irobot_create_gazebo/irobot_create_gazebo_bringup) by extension 'colcon_meta'
[0.384s] Level 1:colcon.colcon_core.package_identification:_identify(bloomba_sim/irobot_create_gazebo/irobot_create_gazebo_bringup) by extensions ['ros']
[0.384s] Level 1:colcon.colcon_core.package_identification:_identify(bloomba_sim/irobot_create_gazebo/irobot_create_gazebo_bringup) by extension 'ros'
[0.385s] DEBUG:colcon.colcon_core.package_identification:Package 'bloomba_sim/irobot_create_gazebo/irobot_create_gazebo_bringup' with type 'ros.ament_cmake' and name 'irobot_create_gazebo_bringup'
[0.385s] Level 1:colcon.colcon_core.package_identification:_identify(bloomba_sim/irobot_create_gazebo/irobot_create_gazebo_plugins) by extensions ['ignore', 'ignore_ament_install']
[0.385s] Level 1:colcon.colcon_core.package_identification:_identify(bloomba_sim/irobot_create_gazebo/irobot_create_gazebo_plugins) by extension 'ignore'
[0.385s] Level 1:colcon.colcon_core.package_identification:_identify(bloomba_sim/irobot_create_gazebo/irobot_create_gazebo_plugins) by extension 'ignore_ament_install'
[0.385s] Level 1:colcon.colcon_core.package_identification:_identify(bloomba_sim/irobot_create_gazebo/irobot_create_gazebo_plugins) by extensions ['colcon_pkg']
[0.386s] Level 1:colcon.colcon_core.package_identification:_identify(bloomba_sim/irobot_create_gazebo/irobot_create_gazebo_plugins) by extension 'colcon_pkg'
[0.386s] Level 1:colcon.colcon_core.package_identification:_identify(bloomba_sim/irobot_create_gazebo/irobot_create_gazebo_plugins) by extensions ['colcon_meta']
[0.386s] Level 1:colcon.colcon_core.package_identification:_identify(bloomba_sim/irobot_create_gazebo/irobot_create_gazebo_plugins) by extension 'colcon_meta'
[0.386s] Level 1:colcon.colcon_core.package_identification:_identify(bloomba_sim/irobot_create_gazebo/irobot_create_gazebo_plugins) by extensions ['ros']
[0.386s] Level 1:colcon.colcon_core.package_identification:_identify(bloomba_sim/irobot_create_gazebo/irobot_create_gazebo_plugins) by extension 'ros'
[0.387s] DEBUG:colcon.colcon_core.package_identification:Package 'bloomba_sim/irobot_create_gazebo/irobot_create_gazebo_plugins' with type 'ros.ament_cmake' and name 'irobot_create_gazebo_plugins'
[0.388s] Level 1:colcon.colcon_core.package_identification:_identify(bloomba_sim/irobot_create_gazebo/irobot_create_gazebo_sim) by extensions ['ignore', 'ignore_ament_install']
[0.388s] Level 1:colcon.colcon_core.package_identification:_identify(bloomba_sim/irobot_create_gazebo/irobot_create_gazebo_sim) by extension 'ignore'
[0.388s] Level 1:colcon.colcon_core.package_identification:_identify(bloomba_sim/irobot_create_gazebo/irobot_create_gazebo_sim) by extension 'ignore_ament_install'
[0.388s] Level 1:colcon.colcon_core.package_identification:_identify(bloomba_sim/irobot_create_gazebo/irobot_create_gazebo_sim) by extensions ['colcon_pkg']
[0.388s] Level 1:colcon.colcon_core.package_identification:_identify(bloomba_sim/irobot_create_gazebo/irobot_create_gazebo_sim) by extension 'colcon_pkg'
[0.388s] Level 1:colcon.colcon_core.package_identification:_identify(bloomba_sim/irobot_create_gazebo/irobot_create_gazebo_sim) by extensions ['colcon_meta']
[0.388s] Level 1:colcon.colcon_core.package_identification:_identify(bloomba_sim/irobot_create_gazebo/irobot_create_gazebo_sim) by extension 'colcon_meta'
[0.388s] Level 1:colcon.colcon_core.package_identification:_identify(bloomba_sim/irobot_create_gazebo/irobot_create_gazebo_sim) by extensions ['ros']
[0.388s] Level 1:colcon.colcon_core.package_identification:_identify(bloomba_sim/irobot_create_gazebo/irobot_create_gazebo_sim) by extension 'ros'
[0.389s] DEBUG:colcon.colcon_core.package_identification:Package 'bloomba_sim/irobot_create_gazebo/irobot_create_gazebo_sim' with type 'ros.ament_cmake' and name 'irobot_create_gazebo_sim'
[0.389s] Level 1:colcon.colcon_core.package_identification:_identify(bloomba_sim/lake_harbour_office_gazebo) by extensions ['ignore', 'ignore_ament_install']
[0.389s] Level 1:colcon.colcon_core.package_identification:_identify(bloomba_sim/lake_harbour_office_gazebo) by extension 'ignore'
[0.389s] Level 1:colcon.colcon_core.package_identification:_identify(bloomba_sim/lake_harbour_office_gazebo) by extension 'ignore_ament_install'
[0.389s] Level 1:colcon.colcon_core.package_identification:_identify(bloomba_sim/lake_harbour_office_gazebo) by extensions ['colcon_pkg']
[0.389s] Level 1:colcon.colcon_core.package_identification:_identify(bloomba_sim/lake_harbour_office_gazebo) by extension 'colcon_pkg'
[0.389s] Level 1:colcon.colcon_core.package_identification:_identify(bloomba_sim/lake_harbour_office_gazebo) by extensions ['colcon_meta']
[0.389s] Level 1:colcon.colcon_core.package_identification:_identify(bloomba_sim/lake_harbour_office_gazebo) by extension 'colcon_meta'
[0.389s] Level 1:colcon.colcon_core.package_identification:_identify(bloomba_sim/lake_harbour_office_gazebo) by extensions ['ros']
[0.389s] Level 1:colcon.colcon_core.package_identification:_identify(bloomba_sim/lake_harbour_office_gazebo) by extension 'ros'
[0.390s] DEBUG:colcon.colcon_core.package_identification:Package 'bloomba_sim/lake_harbour_office_gazebo' with type 'ros.ament_cmake' and name 'lake_harbour_office_gazebo'
[0.390s] Level 1:colcon.colcon_core.package_identification:_identify(bloomba_slam) by extensions ['ignore', 'ignore_ament_install']
[0.390s] Level 1:colcon.colcon_core.package_identification:_identify(bloomba_slam) by extension 'ignore'
[0.390s] Level 1:colcon.colcon_core.package_identification:_identify(bloomba_slam) by extension 'ignore_ament_install'
[0.390s] Level 1:colcon.colcon_core.package_identification:_identify(bloomba_slam) by extensions ['colcon_pkg']
[0.390s] Level 1:colcon.colcon_core.package_identification:_identify(bloomba_slam) by extension 'colcon_pkg'
[0.390s] Level 1:colcon.colcon_core.package_identification:_identify(bloomba_slam) by extensions ['colcon_meta']
[0.390s] Level 1:colcon.colcon_core.package_identification:_identify(bloomba_slam) by extension 'colcon_meta'
[0.390s] Level 1:colcon.colcon_core.package_identification:_identify(bloomba_slam) by extensions ['ros']
[0.390s] Level 1:colcon.colcon_core.package_identification:_identify(bloomba_slam) by extension 'ros'
[0.391s] DEBUG:colcon.colcon_core.package_identification:Package 'bloomba_slam' with type 'ros.ament_python' and name 'bloomba_slam'
[0.391s] Level 1:colcon.colcon_core.package_identification:_identify(build) by extensions ['ignore', 'ignore_ament_install']
[0.391s] Level 1:colcon.colcon_core.package_identification:_identify(build) by extension 'ignore'
[0.391s] Level 1:colcon.colcon_core.package_identification:_identify(build) ignored
[0.391s] Level 1:colcon.colcon_core.package_identification:_identify(install) by extensions ['ignore', 'ignore_ament_install']
[0.392s] Level 1:colcon.colcon_core.package_identification:_identify(install) by extension 'ignore'
[0.392s] Level 1:colcon.colcon_core.package_identification:_identify(install) ignored
[0.392s] Level 1:colcon.colcon_core.package_identification:_identify(log) by extensions ['ignore', 'ignore_ament_install']
[0.392s] Level 1:colcon.colcon_core.package_identification:_identify(log) by extension 'ignore'
[0.392s] Level 1:colcon.colcon_core.package_identification:_identify(log) ignored
[0.392s] Level 1:colcon.colcon_core.package_identification:_identify(plant_docking) by extensions ['ignore', 'ignore_ament_install']
[0.392s] Level 1:colcon.colcon_core.package_identification:_identify(plant_docking) by extension 'ignore'
[0.392s] Level 1:colcon.colcon_core.package_identification:_identify(plant_docking) by extension 'ignore_ament_install'
[0.392s] Level 1:colcon.colcon_core.package_identification:_identify(plant_docking) by extensions ['colcon_pkg']
[0.392s] Level 1:colcon.colcon_core.package_identification:_identify(plant_docking) by extension 'colcon_pkg'
[0.392s] Level 1:colcon.colcon_core.package_identification:_identify(plant_docking) by extensions ['colcon_meta']
[0.392s] Level 1:colcon.colcon_core.package_identification:_identify(plant_docking) by extension 'colcon_meta'
[0.393s] Level 1:colcon.colcon_core.package_identification:_identify(plant_docking) by extensions ['ros']
[0.393s] Level 1:colcon.colcon_core.package_identification:_identify(plant_docking) by extension 'ros'
[0.393s] DEBUG:colcon.colcon_core.package_identification:Package 'plant_docking' with type 'ros.ament_python' and name 'plant_docking'
[0.393s] Level 1:colcon.colcon_core.package_discovery:discover_packages(recursive) using defaults
[0.393s] Level 1:colcon.colcon_core.package_discovery:discover_packages(ignore) discover
[0.393s] Level 1:colcon.colcon_core.package_discovery:discover_packages(ignore) using defaults
[0.393s] Level 1:colcon.colcon_core.package_discovery:discover_packages(path) discover
[0.393s] Level 1:colcon.colcon_core.package_discovery:discover_packages(path) using defaults
[0.396s] WARNING:colcon.colcon_core.package_selection:ignoring unknown package 'plant_docking/plant_docking/' in --packages-select
[0.416s] INFO:colcon.colcon_metadata.metadata.colcon_pkg:Updating descriptor of package 'bloomba_sim/irobot_create_gazebo/irobot_create_gazebo_plugins' from colcon.pkg: {'dependencies': ['Gazebo']}
[0.419s] INFO:colcon.colcon_core.package_selection:Skipping not selected package 'apriltag_msgs' in 'apriltag_msgs'
[0.419s] INFO:colcon.colcon_core.package_selection:Skipping not selected package 'bloomba_bringup' in 'bloomba_bringup'
[0.419s] INFO:colcon.colcon_core.package_selection:Skipping not selected package 'bloomba_navigation' in 'bloomba_navigation'
[0.419s] INFO:colcon.colcon_core.package_selection:Skipping not selected package 'bloomba_slam' in 'bloomba_slam'
[0.419s] INFO:colcon.colcon_core.package_selection:Skipping not selected package 'irobot_create_control' in 'bloomba_sim/irobot_create_common/irobot_create_control'
[0.419s] INFO:colcon.colcon_core.package_selection:Skipping not selected package 'irobot_create_description' in 'bloomba_sim/irobot_create_common/irobot_create_description'
[0.419s] INFO:colcon.colcon_core.package_selection:Skipping not selected package 'irobot_create_toolbox' in 'bloomba_sim/irobot_create_common/irobot_create_toolbox'
[0.419s] INFO:colcon.colcon_core.package_selection:Skipping not selected package 'lake_harbour_office_gazebo' in 'bloomba_sim/lake_harbour_office_gazebo'
[0.419s] INFO:colcon.colcon_core.package_selection:Skipping not selected package 'plant_docking' in 'plant_docking'
[0.419s] INFO:colcon.colcon_core.package_selection:Skipping not selected package 'apriltag_ros' in 'apriltag_ros'
[0.419s] INFO:colcon.colcon_core.package_selection:Skipping not selected package 'irobot_create_gazebo_plugins' in 'bloomba_sim/irobot_create_gazebo/irobot_create_gazebo_plugins'
[0.419s] INFO:colcon.colcon_core.package_selection:Skipping not selected package 'irobot_create_nodes' in 'bloomba_sim/irobot_create_common/irobot_create_nodes'
[0.419s] INFO:colcon.colcon_core.package_selection:Skipping not selected package 'irobot_create_common_bringup' in 'bloomba_sim/irobot_create_common/irobot_create_common_bringup'
[0.419s] INFO:colcon.colcon_core.package_selection:Skipping not selected package 'irobot_create_gazebo_bringup' in 'bloomba_sim/irobot_create_gazebo/irobot_create_gazebo_bringup'
[0.419s] INFO:colcon.colcon_core.package_selection:Skipping not selected package 'irobot_create_gazebo_sim' in 'bloomba_sim/irobot_create_gazebo/irobot_create_gazebo_sim'
[0.420s] Level 1:colcon.colcon_core.package_discovery:discover_packages(prefix_path) check parameters
[0.420s] Level 1:colcon.colcon_core.package_discovery:discover_packages(prefix_path) discover
[0.424s] DEBUG:colcon.colcon_installed_package_information.package_discovery:Found 17 installed packages in /home/zhanger/tmp/bloomba/bloomba_ws/install
[0.427s] DEBUG:colcon.colcon_installed_package_information.package_discovery:Found 394 installed packages in /opt/ros/humble
[0.429s] Level 1:colcon.colcon_core.package_discovery:discover_packages(prefix_path) using defaults
[0.501s] INFO:colcon.colcon_core.executor:Executing jobs using 'parallel' executor
[0.504s] DEBUG:colcon.colcon_parallel_executor.executor.parallel:run_until_complete
[0.505s] DEBUG:colcon.colcon_parallel_executor.executor.parallel:closing loop
[0.505s] DEBUG:colcon.colcon_parallel_executor.executor.parallel:loop closed
[0.505s] DEBUG:colcon.colcon_parallel_executor.executor.parallel:run_until_complete finished with '0'
[0.505s] DEBUG:colcon.colcon_core.event_reactor:joining thread
[0.510s] INFO:colcon.colcon_core.plugin_system:Skipping extension 'colcon_notification.desktop_notification.terminal_notifier': Not used on non-Darwin systems
[0.510s] INFO:colcon.colcon_core.plugin_system:Skipping extension 'colcon_notification.desktop_notification.win32': Not used on non-Windows systems
[0.511s] INFO:colcon.colcon_notification.desktop_notification:Sending desktop notification using 'notify2'
[0.521s] DEBUG:colcon.colcon_core.event_reactor:joined thread
[0.525s] INFO:colcon.colcon_core.plugin_system:Skipping extension 'colcon_core.shell.bat': Not used on non-Windows systems
[0.526s] INFO:colcon.colcon_core.shell:Creating prefix script '/home/zhanger/tmp/bloomba/bloomba_ws/src/install/local_setup.ps1'
[0.527s] INFO:colcon.colcon_core.shell:Creating prefix util module '/home/zhanger/tmp/bloomba/bloomba_ws/src/install/_local_setup_util_ps1.py'
[0.528s] INFO:colcon.colcon_core.shell:Creating prefix chain script '/home/zhanger/tmp/bloomba/bloomba_ws/src/install/setup.ps1'
[0.530s] INFO:colcon.colcon_core.shell:Creating prefix script '/home/zhanger/tmp/bloomba/bloomba_ws/src/install/local_setup.sh'
[0.531s] INFO:colcon.colcon_core.shell:Creating prefix util module '/home/zhanger/tmp/bloomba/bloomba_ws/src/install/_local_setup_util_sh.py'
[0.531s] INFO:colcon.colcon_core.shell:Creating prefix chain script '/home/zhanger/tmp/bloomba/bloomba_ws/src/install/setup.sh'
[0.534s] INFO:colcon.colcon_core.shell:Creating prefix script '/home/zhanger/tmp/bloomba/bloomba_ws/src/install/local_setup.bash'
[0.535s] INFO:colcon.colcon_core.shell:Creating prefix chain script '/home/zhanger/tmp/bloomba/bloomba_ws/src/install/setup.bash'
[0.538s] INFO:colcon.colcon_core.shell:Creating prefix script '/home/zhanger/tmp/bloomba/bloomba_ws/src/install/local_setup.zsh'
[0.539s] INFO:colcon.colcon_core.shell:Creating prefix chain script '/home/zhanger/tmp/bloomba/bloomba_ws/src/install/setup.zsh'
