running egg_info
creating ../build/bloomba_slam/bloomba_slam.egg-info
writing ../build/bloomba_slam/bloomba_slam.egg-info/PKG-INFO
writing dependency_links to ../build/bloomba_slam/bloomba_slam.egg-info/dependency_links.txt
writing entry points to ../build/bloomba_slam/bloomba_slam.egg-info/entry_points.txt
writing requirements to ../build/bloomba_slam/bloomba_slam.egg-info/requires.txt
writing top-level names to ../build/bloomba_slam/bloomba_slam.egg-info/top_level.txt
writing manifest file '../build/bloomba_slam/bloomba_slam.egg-info/SOURCES.txt'
reading manifest file '../build/bloomba_slam/bloomba_slam.egg-info/SOURCES.txt'
writing manifest file '../build/bloomba_slam/bloomba_slam.egg-info/SOURCES.txt'
running build
running build_py
creating /home/zhanger/tmp/bloomba/bloomba_ws/src/build/bloomba_slam/build
creating /home/zhanger/tmp/bloomba/bloomba_ws/src/build/bloomba_slam/build/lib
creating /home/zhanger/tmp/bloomba/bloomba_ws/src/build/bloomba_slam/build/lib/bloomba_slam
copying bloomba_slam/__init__.py -> /home/zhanger/tmp/bloomba/bloomba_ws/src/build/bloomba_slam/build/lib/bloomba_slam
running install
running install_lib
creating /home/zhanger/tmp/bloomba/bloomba_ws/src/install/bloomba_slam/lib/python3.10/site-packages/bloomba_slam
copying /home/zhanger/tmp/bloomba/bloomba_ws/src/build/bloomba_slam/build/lib/bloomba_slam/__init__.py -> /home/zhanger/tmp/bloomba/bloomba_ws/src/install/bloomba_slam/lib/python3.10/site-packages/bloomba_slam
byte-compiling /home/zhanger/tmp/bloomba/bloomba_ws/src/install/bloomba_slam/lib/python3.10/site-packages/bloomba_slam/__init__.py to __init__.cpython-310.pyc
running install_data
creating /home/zhanger/tmp/bloomba/bloomba_ws/src/install/bloomba_slam/share/ament_index
creating /home/zhanger/tmp/bloomba/bloomba_ws/src/install/bloomba_slam/share/ament_index/resource_index
creating /home/zhanger/tmp/bloomba/bloomba_ws/src/install/bloomba_slam/share/ament_index/resource_index/packages
copying resource/bloomba_slam -> /home/zhanger/tmp/bloomba/bloomba_ws/src/install/bloomba_slam/share/ament_index/resource_index/packages
copying package.xml -> /home/zhanger/tmp/bloomba/bloomba_ws/src/install/bloomba_slam/share/bloomba_slam
creating /home/zhanger/tmp/bloomba/bloomba_ws/src/install/bloomba_slam/share/bloomba_slam/launch
copying launch/online_async_launch.launch.py -> /home/zhanger/tmp/bloomba/bloomba_ws/src/install/bloomba_slam/share/bloomba_slam/launch
creating /home/zhanger/tmp/bloomba/bloomba_ws/src/install/bloomba_slam/share/bloomba_slam/config
copying config/mapper_params_online_async.yaml -> /home/zhanger/tmp/bloomba/bloomba_ws/src/install/bloomba_slam/share/bloomba_slam/config
running install_egg_info
Copying ../build/bloomba_slam/bloomba_slam.egg-info to /home/zhanger/tmp/bloomba/bloomba_ws/src/install/bloomba_slam/lib/python3.10/site-packages/bloomba_slam-0.0.0-py3.10.egg-info
running install_scripts
writing list of installed files to '/home/zhanger/tmp/bloomba/bloomba_ws/src/build/bloomba_slam/install.log'
