[1.870s] Invoking command in '/home/zhanger/tmp/bloomba/bloomba_ws/src/bloomba_slam': PYTHONPATH=/home/zhanger/tmp/bloomba/bloomba_ws/src/build/bloomba_slam/prefix_override:/home/zhanger/tmp/bloomba/bloomba_ws/src/install/bloomba_slam/lib/python3.10/site-packages:${PYTHONPATH} /usr/bin/python3 setup.py egg_info --egg-base ../build/bloomba_slam build --build-base /home/zhanger/tmp/bloomba/bloomba_ws/src/build/bloomba_slam/build install --record /home/zhanger/tmp/bloomba/bloomba_ws/src/build/bloomba_slam/install.log --single-version-externally-managed
[2.482s] running egg_info
[2.484s] creating ../build/bloomba_slam/bloomba_slam.egg-info
[2.485s] writing ../build/bloomba_slam/bloomba_slam.egg-info/PKG-INFO
[2.486s] writing dependency_links to ../build/bloomba_slam/bloomba_slam.egg-info/dependency_links.txt
[2.487s] writing entry points to ../build/bloomba_slam/bloomba_slam.egg-info/entry_points.txt
[2.488s] writing requirements to ../build/bloomba_slam/bloomba_slam.egg-info/requires.txt
[2.489s] writing top-level names to ../build/bloomba_slam/bloomba_slam.egg-info/top_level.txt
[2.490s] writing manifest file '../build/bloomba_slam/bloomba_slam.egg-info/SOURCES.txt'
[2.493s] reading manifest file '../build/bloomba_slam/bloomba_slam.egg-info/SOURCES.txt'
[2.495s] writing manifest file '../build/bloomba_slam/bloomba_slam.egg-info/SOURCES.txt'
[2.496s] running build
[2.496s] running build_py
[2.497s] creating /home/zhanger/tmp/bloomba/bloomba_ws/src/build/bloomba_slam/build
[2.503s] creating /home/zhanger/tmp/bloomba/bloomba_ws/src/build/bloomba_slam/build/lib
[2.503s] creating /home/zhanger/tmp/bloomba/bloomba_ws/src/build/bloomba_slam/build/lib/bloomba_slam
[2.504s] copying bloomba_slam/__init__.py -> /home/zhanger/tmp/bloomba/bloomba_ws/src/build/bloomba_slam/build/lib/bloomba_slam
[2.505s] running install
[2.505s] /usr/lib/python3/dist-packages/setuptools/command/install.py:34: SetuptoolsDeprecationWarning: setup.py install is deprecated. Use build and pip and other standards-based tools.
[2.506s]   warnings.warn(
[2.506s] running install_lib
[2.508s] creating /home/zhanger/tmp/bloomba/bloomba_ws/src/install/bloomba_slam/lib/python3.10/site-packages/bloomba_slam
[2.508s] copying /home/zhanger/tmp/bloomba/bloomba_ws/src/build/bloomba_slam/build/lib/bloomba_slam/__init__.py -> /home/zhanger/tmp/bloomba/bloomba_ws/src/install/bloomba_slam/lib/python3.10/site-packages/bloomba_slam
[2.509s] byte-compiling /home/zhanger/tmp/bloomba/bloomba_ws/src/install/bloomba_slam/lib/python3.10/site-packages/bloomba_slam/__init__.py to __init__.cpython-310.pyc
[2.510s] running install_data
[2.511s] creating /home/zhanger/tmp/bloomba/bloomba_ws/src/install/bloomba_slam/share/ament_index
[2.511s] creating /home/zhanger/tmp/bloomba/bloomba_ws/src/install/bloomba_slam/share/ament_index/resource_index
[2.511s] creating /home/zhanger/tmp/bloomba/bloomba_ws/src/install/bloomba_slam/share/ament_index/resource_index/packages
[2.512s] copying resource/bloomba_slam -> /home/zhanger/tmp/bloomba/bloomba_ws/src/install/bloomba_slam/share/ament_index/resource_index/packages
[2.512s] copying package.xml -> /home/zhanger/tmp/bloomba/bloomba_ws/src/install/bloomba_slam/share/bloomba_slam
[2.512s] creating /home/zhanger/tmp/bloomba/bloomba_ws/src/install/bloomba_slam/share/bloomba_slam/launch
[2.513s] copying launch/online_async_launch.launch.py -> /home/zhanger/tmp/bloomba/bloomba_ws/src/install/bloomba_slam/share/bloomba_slam/launch
[2.513s] creating /home/zhanger/tmp/bloomba/bloomba_ws/src/install/bloomba_slam/share/bloomba_slam/config
[2.513s] copying config/mapper_params_online_async.yaml -> /home/zhanger/tmp/bloomba/bloomba_ws/src/install/bloomba_slam/share/bloomba_slam/config
[2.515s] running install_egg_info
[2.521s] Copying ../build/bloomba_slam/bloomba_slam.egg-info to /home/zhanger/tmp/bloomba/bloomba_ws/src/install/bloomba_slam/lib/python3.10/site-packages/bloomba_slam-0.0.0-py3.10.egg-info
[2.528s] running install_scripts
[2.587s] writing list of installed files to '/home/zhanger/tmp/bloomba/bloomba_ws/src/build/bloomba_slam/install.log'
[2.627s] Invoked command in '/home/zhanger/tmp/bloomba/bloomba_ws/src/bloomba_slam' returned '0': PYTHONPATH=/home/zhanger/tmp/bloomba/bloomba_ws/src/build/bloomba_slam/prefix_override:/home/zhanger/tmp/bloomba/bloomba_ws/src/install/bloomba_slam/lib/python3.10/site-packages:${PYTHONPATH} /usr/bin/python3 setup.py egg_info --egg-base ../build/bloomba_slam build --build-base /home/zhanger/tmp/bloomba/bloomba_ws/src/build/bloomba_slam/build install --record /home/zhanger/tmp/bloomba/bloomba_ws/src/build/bloomba_slam/install.log --single-version-externally-managed
