[0.077s] Invoking command in '/home/zhanger/tmp/bloomba/bloomba_ws/src/build/apriltag_ros': AMENT_PREFIX_PATH=/home/zhanger/tmp/bloomba/bloomba_ws/src/install/apriltag_msgs:${AMENT_PREFIX_PATH} CMAKE_PREFIX_PATH=/home/zhanger/tmp/bloomba/bloomba_ws/src/install/apriltag_msgs:/home/zhanger/tmp/bloomba/bloomba_ws/install/lake_harbour_office_gazebo:/home/zhanger/tmp/bloomba/bloomba_ws/install/irobot_create_gazebo_sim:/home/zhanger/tmp/bloomba/bloomba_ws/install/irobot_create_gazebo_bringup:/home/zhanger/tmp/bloomba/bloomba_ws/install/irobot_create_common_bringup:/home/zhanger/tmp/bloomba/bloomba_ws/install/irobot_create_nodes:/home/zhanger/tmp/bloomba/bloomba_ws/install/irobot_create_gazebo_plugins:/home/zhanger/tmp/bloomba/bloomba_ws/install/irobot_create_toolbox:/home/zhanger/tmp/bloomba/bloomba_ws/install/irobot_create_description:/home/zhanger/tmp/bloomba/bloomba_ws/install/irobot_create_control:/home/zhanger/tmp/bloomba/bloomba_ws/install/bloomba_bringup:/home/zhanger/tmp/bloomba/bloomba_ws/install/apriltag_ros:/home/zhanger/tmp/bloomba/bloomba_ws/install/apriltag_msgs:/home/zhanger/tmp/bloomba/bloomba_ws/install/plant_docking:/home/zhanger/tmp/bloomba/bloomba_ws/install/learning_tf2_py:/home/zhanger/tmp/bloomba/bloomba_ws/install/bloomba_slam:/home/zhanger/tmp/bloomba/bloomba_ws/install/bloomba_navigation:/home/zhanger/tmp/bloomba/bloomba_ws/install/bloomba_docking:/opt/ros/humble LD_LIBRARY_PATH=/home/zhanger/tmp/bloomba/bloomba_ws/src/install/apriltag_msgs/lib:${LD_LIBRARY_PATH} PYTHONPATH=/home/zhanger/tmp/bloomba/bloomba_ws/src/install/apriltag_msgs/local/lib/python3.10/dist-packages:${PYTHONPATH} /usr/bin/cmake --build /home/zhanger/tmp/bloomba/bloomba_ws/src/build/apriltag_ros -- -j4 -l4
[0.263s] [35m[1mConsolidate compiler generated dependencies of target tags[0m
[0.329s] [ 20%] Built target tags
[0.378s] [35m[1mConsolidate compiler generated dependencies of target apriltag_node[0m
[0.442s] [ 60%] Built target apriltag_node
[0.474s] [35m[1mConsolidate compiler generated dependencies of target AprilTagNode[0m
[0.512s] [100%] Built target AprilTagNode
[0.527s] Invoked command in '/home/zhanger/tmp/bloomba/bloomba_ws/src/build/apriltag_ros' returned '0': AMENT_PREFIX_PATH=/home/zhanger/tmp/bloomba/bloomba_ws/src/install/apriltag_msgs:${AMENT_PREFIX_PATH} CMAKE_PREFIX_PATH=/home/zhanger/tmp/bloomba/bloomba_ws/src/install/apriltag_msgs:/home/zhanger/tmp/bloomba/bloomba_ws/install/lake_harbour_office_gazebo:/home/zhanger/tmp/bloomba/bloomba_ws/install/irobot_create_gazebo_sim:/home/zhanger/tmp/bloomba/bloomba_ws/install/irobot_create_gazebo_bringup:/home/zhanger/tmp/bloomba/bloomba_ws/install/irobot_create_common_bringup:/home/zhanger/tmp/bloomba/bloomba_ws/install/irobot_create_nodes:/home/zhanger/tmp/bloomba/bloomba_ws/install/irobot_create_gazebo_plugins:/home/zhanger/tmp/bloomba/bloomba_ws/install/irobot_create_toolbox:/home/zhanger/tmp/bloomba/bloomba_ws/install/irobot_create_description:/home/zhanger/tmp/bloomba/bloomba_ws/install/irobot_create_control:/home/zhanger/tmp/bloomba/bloomba_ws/install/bloomba_bringup:/home/zhanger/tmp/bloomba/bloomba_ws/install/apriltag_ros:/home/zhanger/tmp/bloomba/bloomba_ws/install/apriltag_msgs:/home/zhanger/tmp/bloomba/bloomba_ws/install/plant_docking:/home/zhanger/tmp/bloomba/bloomba_ws/install/learning_tf2_py:/home/zhanger/tmp/bloomba/bloomba_ws/install/bloomba_slam:/home/zhanger/tmp/bloomba/bloomba_ws/install/bloomba_navigation:/home/zhanger/tmp/bloomba/bloomba_ws/install/bloomba_docking:/opt/ros/humble LD_LIBRARY_PATH=/home/zhanger/tmp/bloomba/bloomba_ws/src/install/apriltag_msgs/lib:${LD_LIBRARY_PATH} PYTHONPATH=/home/zhanger/tmp/bloomba/bloomba_ws/src/install/apriltag_msgs/local/lib/python3.10/dist-packages:${PYTHONPATH} /usr/bin/cmake --build /home/zhanger/tmp/bloomba/bloomba_ws/src/build/apriltag_ros -- -j4 -l4
[0.581s] Invoking command in '/home/zhanger/tmp/bloomba/bloomba_ws/src/build/apriltag_ros': AMENT_PREFIX_PATH=/home/zhanger/tmp/bloomba/bloomba_ws/src/install/apriltag_msgs:${AMENT_PREFIX_PATH} CMAKE_PREFIX_PATH=/home/zhanger/tmp/bloomba/bloomba_ws/src/install/apriltag_msgs:/home/zhanger/tmp/bloomba/bloomba_ws/install/lake_harbour_office_gazebo:/home/zhanger/tmp/bloomba/bloomba_ws/install/irobot_create_gazebo_sim:/home/zhanger/tmp/bloomba/bloomba_ws/install/irobot_create_gazebo_bringup:/home/zhanger/tmp/bloomba/bloomba_ws/install/irobot_create_common_bringup:/home/zhanger/tmp/bloomba/bloomba_ws/install/irobot_create_nodes:/home/zhanger/tmp/bloomba/bloomba_ws/install/irobot_create_gazebo_plugins:/home/zhanger/tmp/bloomba/bloomba_ws/install/irobot_create_toolbox:/home/zhanger/tmp/bloomba/bloomba_ws/install/irobot_create_description:/home/zhanger/tmp/bloomba/bloomba_ws/install/irobot_create_control:/home/zhanger/tmp/bloomba/bloomba_ws/install/bloomba_bringup:/home/zhanger/tmp/bloomba/bloomba_ws/install/apriltag_ros:/home/zhanger/tmp/bloomba/bloomba_ws/install/apriltag_msgs:/home/zhanger/tmp/bloomba/bloomba_ws/install/plant_docking:/home/zhanger/tmp/bloomba/bloomba_ws/install/learning_tf2_py:/home/zhanger/tmp/bloomba/bloomba_ws/install/bloomba_slam:/home/zhanger/tmp/bloomba/bloomba_ws/install/bloomba_navigation:/home/zhanger/tmp/bloomba/bloomba_ws/install/bloomba_docking:/opt/ros/humble LD_LIBRARY_PATH=/home/zhanger/tmp/bloomba/bloomba_ws/src/install/apriltag_msgs/lib:${LD_LIBRARY_PATH} PYTHONPATH=/home/zhanger/tmp/bloomba/bloomba_ws/src/install/apriltag_msgs/local/lib/python3.10/dist-packages:${PYTHONPATH} /usr/bin/cmake --install /home/zhanger/tmp/bloomba/bloomba_ws/src/build/apriltag_ros
[0.596s] -- Install configuration: ""
[0.600s] -- Up-to-date: /home/zhanger/tmp/bloomba/bloomba_ws/src/install/apriltag_ros/lib/apriltag_ros/apriltag_node
[0.601s] -- Up-to-date: /home/zhanger/tmp/bloomba/bloomba_ws/src/install/apriltag_ros/share/apriltag_ros/environment/library_path.sh
[0.601s] -- Up-to-date: /home/zhanger/tmp/bloomba/bloomba_ws/src/install/apriltag_ros/share/apriltag_ros/environment/library_path.dsv
[0.603s] -- Up-to-date: /home/zhanger/tmp/bloomba/bloomba_ws/src/install/apriltag_ros/lib/libAprilTagNode.so
[0.605s] -- Up-to-date: /home/zhanger/tmp/bloomba/bloomba_ws/src/install/apriltag_ros/share/apriltag_ros/cfg
[0.605s] -- Up-to-date: /home/zhanger/tmp/bloomba/bloomba_ws/src/install/apriltag_ros/share/apriltag_ros/cfg/tags_36h11(old).yaml
[0.606s] -- Up-to-date: /home/zhanger/tmp/bloomba/bloomba_ws/src/install/apriltag_ros/share/apriltag_ros/cfg/tags_36h11.yaml
[0.606s] -- Up-to-date: /home/zhanger/tmp/bloomba/bloomba_ws/src/install/apriltag_ros/share/apriltag_ros/launch
[0.607s] -- Up-to-date: /home/zhanger/tmp/bloomba/bloomba_ws/src/install/apriltag_ros/share/apriltag_ros/launch/v4l2_36h11.launch.yml
[0.608s] -- Up-to-date: /home/zhanger/tmp/bloomba/bloomba_ws/src/install/apriltag_ros/share/ament_index/resource_index/package_run_dependencies/apriltag_ros
[0.609s] -- Up-to-date: /home/zhanger/tmp/bloomba/bloomba_ws/src/install/apriltag_ros/share/ament_index/resource_index/parent_prefix_path/apriltag_ros
[0.610s] -- Up-to-date: /home/zhanger/tmp/bloomba/bloomba_ws/src/install/apriltag_ros/share/apriltag_ros/environment/ament_prefix_path.sh
[0.610s] -- Up-to-date: /home/zhanger/tmp/bloomba/bloomba_ws/src/install/apriltag_ros/share/apriltag_ros/environment/ament_prefix_path.dsv
[0.611s] -- Up-to-date: /home/zhanger/tmp/bloomba/bloomba_ws/src/install/apriltag_ros/share/apriltag_ros/environment/path.sh
[0.611s] -- Up-to-date: /home/zhanger/tmp/bloomba/bloomba_ws/src/install/apriltag_ros/share/apriltag_ros/environment/path.dsv
[0.611s] -- Up-to-date: /home/zhanger/tmp/bloomba/bloomba_ws/src/install/apriltag_ros/share/apriltag_ros/local_setup.bash
[0.611s] -- Up-to-date: /home/zhanger/tmp/bloomba/bloomba_ws/src/install/apriltag_ros/share/apriltag_ros/local_setup.sh
[0.614s] -- Up-to-date: /home/zhanger/tmp/bloomba/bloomba_ws/src/install/apriltag_ros/share/apriltag_ros/local_setup.zsh
[0.614s] -- Up-to-date: /home/zhanger/tmp/bloomba/bloomba_ws/src/install/apriltag_ros/share/apriltag_ros/local_setup.dsv
[0.614s] -- Installing: /home/zhanger/tmp/bloomba/bloomba_ws/src/install/apriltag_ros/share/apriltag_ros/package.dsv
[0.616s] -- Up-to-date: /home/zhanger/tmp/bloomba/bloomba_ws/src/install/apriltag_ros/share/ament_index/resource_index/packages/apriltag_ros
[0.616s] -- Up-to-date: /home/zhanger/tmp/bloomba/bloomba_ws/src/install/apriltag_ros/share/ament_index/resource_index/rclcpp_components/apriltag_ros
[0.616s] -- Up-to-date: /home/zhanger/tmp/bloomba/bloomba_ws/src/install/apriltag_ros/share/apriltag_ros/cmake/apriltag_rosConfig.cmake
[0.616s] -- Up-to-date: /home/zhanger/tmp/bloomba/bloomba_ws/src/install/apriltag_ros/share/apriltag_ros/cmake/apriltag_rosConfig-version.cmake
[0.616s] -- Up-to-date: /home/zhanger/tmp/bloomba/bloomba_ws/src/install/apriltag_ros/share/apriltag_ros/package.xml
[0.624s] Invoked command in '/home/zhanger/tmp/bloomba/bloomba_ws/src/build/apriltag_ros' returned '0': AMENT_PREFIX_PATH=/home/zhanger/tmp/bloomba/bloomba_ws/src/install/apriltag_msgs:${AMENT_PREFIX_PATH} CMAKE_PREFIX_PATH=/home/zhanger/tmp/bloomba/bloomba_ws/src/install/apriltag_msgs:/home/zhanger/tmp/bloomba/bloomba_ws/install/lake_harbour_office_gazebo:/home/zhanger/tmp/bloomba/bloomba_ws/install/irobot_create_gazebo_sim:/home/zhanger/tmp/bloomba/bloomba_ws/install/irobot_create_gazebo_bringup:/home/zhanger/tmp/bloomba/bloomba_ws/install/irobot_create_common_bringup:/home/zhanger/tmp/bloomba/bloomba_ws/install/irobot_create_nodes:/home/zhanger/tmp/bloomba/bloomba_ws/install/irobot_create_gazebo_plugins:/home/zhanger/tmp/bloomba/bloomba_ws/install/irobot_create_toolbox:/home/zhanger/tmp/bloomba/bloomba_ws/install/irobot_create_description:/home/zhanger/tmp/bloomba/bloomba_ws/install/irobot_create_control:/home/zhanger/tmp/bloomba/bloomba_ws/install/bloomba_bringup:/home/zhanger/tmp/bloomba/bloomba_ws/install/apriltag_ros:/home/zhanger/tmp/bloomba/bloomba_ws/install/apriltag_msgs:/home/zhanger/tmp/bloomba/bloomba_ws/install/plant_docking:/home/zhanger/tmp/bloomba/bloomba_ws/install/learning_tf2_py:/home/zhanger/tmp/bloomba/bloomba_ws/install/bloomba_slam:/home/zhanger/tmp/bloomba/bloomba_ws/install/bloomba_navigation:/home/zhanger/tmp/bloomba/bloomba_ws/install/bloomba_docking:/opt/ros/humble LD_LIBRARY_PATH=/home/zhanger/tmp/bloomba/bloomba_ws/src/install/apriltag_msgs/lib:${LD_LIBRARY_PATH} PYTHONPATH=/home/zhanger/tmp/bloomba/bloomba_ws/src/install/apriltag_msgs/local/lib/python3.10/dist-packages:${PYTHONPATH} /usr/bin/cmake --install /home/zhanger/tmp/bloomba/bloomba_ws/src/build/apriltag_ros
