[0.050s] Invoking command in '/home/zhanger/tmp/bloomba/bloomba_ws/src/build/apriltag_ros': AMENT_PREFIX_PATH=/home/zhanger/tmp/bloomba/bloomba_ws/src/install/apriltag_msgs:${AMENT_PREFIX_PATH} CMAKE_PREFIX_PATH=/home/zhanger/tmp/bloomba/bloomba_ws/src/install/apriltag_msgs:/home/zhanger/tmp/bloomba/bloomba_ws/install/lake_harbour_office_gazebo:/home/zhanger/tmp/bloomba/bloomba_ws/install/irobot_create_gazebo_sim:/home/zhanger/tmp/bloomba/bloomba_ws/install/irobot_create_gazebo_bringup:/home/zhanger/tmp/bloomba/bloomba_ws/install/irobot_create_common_bringup:/home/zhanger/tmp/bloomba/bloomba_ws/install/irobot_create_nodes:/home/zhanger/tmp/bloomba/bloomba_ws/install/irobot_create_gazebo_plugins:/home/zhanger/tmp/bloomba/bloomba_ws/install/irobot_create_toolbox:/home/zhanger/tmp/bloomba/bloomba_ws/install/irobot_create_description:/home/zhanger/tmp/bloomba/bloomba_ws/install/irobot_create_control:/home/zhanger/tmp/bloomba/bloomba_ws/install/bloomba_bringup:/home/zhanger/tmp/bloomba/bloomba_ws/install/apriltag_ros:/home/zhanger/tmp/bloomba/bloomba_ws/install/apriltag_msgs:/home/zhanger/tmp/bloomba/bloomba_ws/install/plant_docking:/home/zhanger/tmp/bloomba/bloomba_ws/install/learning_tf2_py:/home/zhanger/tmp/bloomba/bloomba_ws/install/bloomba_slam:/home/zhanger/tmp/bloomba/bloomba_ws/install/bloomba_navigation:/home/zhanger/tmp/bloomba/bloomba_ws/install/bloomba_docking:/opt/ros/humble LD_LIBRARY_PATH=/home/zhanger/tmp/bloomba/bloomba_ws/src/install/apriltag_msgs/lib:${LD_LIBRARY_PATH} PYTHONPATH=/home/zhanger/tmp/bloomba/bloomba_ws/src/install/apriltag_msgs/local/lib/python3.10/dist-packages:${PYTHONPATH} /usr/bin/cmake /home/zhanger/tmp/bloomba/bloomba_ws/src/apriltag_ros -DCMAKE_INSTALL_PREFIX=/home/zhanger/tmp/bloomba/bloomba_ws/src/install/apriltag_ros
[0.217s] -- The C compiler identification is GNU 11.3.0
[0.333s] -- The CXX compiler identification is GNU 11.3.0
[0.361s] -- Detecting C compiler ABI info
[0.530s] -- Detecting C compiler ABI info - done
[0.552s] -- Check for working C compiler: /usr/bin/cc - skipped
[0.553s] -- Detecting C compile features
[0.554s] -- Detecting C compile features - done
[0.581s] -- Detecting CXX compiler ABI info
[0.781s] -- Detecting CXX compiler ABI info - done
[0.799s] -- Check for working CXX compiler: /usr/bin/c++ - skipped
[0.800s] -- Detecting CXX compile features
[0.801s] -- Detecting CXX compile features - done
[0.808s] -- Found rclcpp: 16.0.3 (/opt/ros/humble/share/rclcpp/cmake)
[1.175s] -- Found Python3: /usr/bin/python3.10 (found version "3.10.6") found components: Interpreter 
[1.612s] -- Found rosidl_generator_c: 3.1.4 (/opt/ros/humble/share/rosidl_generator_c/cmake)
[1.628s] -- Found rosidl_adapter: 3.1.4 (/opt/ros/humble/share/rosidl_adapter/cmake)
[1.650s] -- Found rosidl_generator_cpp: 3.1.4 (/opt/ros/humble/share/rosidl_generator_cpp/cmake)
[1.686s] -- Using all available rosidl_typesupport_c: rosidl_typesupport_fastrtps_c;rosidl_typesupport_introspection_c
[1.741s] -- Using all available rosidl_typesupport_cpp: rosidl_typesupport_fastrtps_cpp;rosidl_typesupport_introspection_cpp
[1.907s] -- Found rmw_implementation_cmake: 6.1.1 (/opt/ros/humble/share/rmw_implementation_cmake/cmake)
[1.916s] -- Found rmw_fastrtps_cpp: 6.2.2 (/opt/ros/humble/share/rmw_fastrtps_cpp/cmake)
[2.114s] -- Found OpenSSL: /usr/lib/x86_64-linux-gnu/libcrypto.so (found version "3.0.2")  
[2.173s] -- Found FastRTPS: /opt/ros/humble/include  
[2.270s] -- Using RMW implementation 'rmw_fastrtps_cpp' as default
[2.301s] -- Looking for pthread.h
[2.486s] -- Looking for pthread.h - found
[2.487s] -- Performing Test CMAKE_HAVE_LIBC_PTHREAD
[2.647s] -- Performing Test CMAKE_HAVE_LIBC_PTHREAD - Success
[2.649s] -- Found Threads: TRUE  
[3.193s] -- Found rclcpp_components: 16.0.3 (/opt/ros/humble/share/rclcpp_components/cmake)
[3.535s] -- Found sensor_msgs: 4.2.3 (/opt/ros/humble/share/sensor_msgs/cmake)
[3.864s] -- Found apriltag_msgs: 2.0.1 (/home/zhanger/tmp/bloomba/bloomba_ws/src/install/apriltag_msgs/share/apriltag_msgs/cmake)
[4.004s] -- Found tf2_ros: 0.25.2 (/opt/ros/humble/share/tf2_ros/cmake)
[5.073s] -- Found image_transport: 3.1.5 (/opt/ros/humble/share/image_transport/cmake)
[5.243s] -- Found cv_bridge: 3.2.1 (/opt/ros/humble/share/cv_bridge/cmake)
[5.380s] -- Found v4l2_camera: 0.6.0 (/opt/ros/humble/share/v4l2_camera/cmake)
[5.687s] -- Found ament_lint_auto: 0.12.5 (/opt/ros/humble/share/ament_lint_auto/cmake)
[5.940s] -- Added test 'clang_format' to check C / C++ code style
[5.960s] -- Added test 'cppcheck' to perform static code analysis on C / C++ code
[5.961s] -- Configured cppcheck include dirs: 
[5.961s] -- Configured cppcheck exclude dirs and/or files: 
[5.967s] -- Configuring done
[6.041s] -- Generating done
[6.060s] -- Build files have been written to: /home/zhanger/tmp/bloomba/bloomba_ws/src/build/apriltag_ros
[6.115s] Invoked command in '/home/zhanger/tmp/bloomba/bloomba_ws/src/build/apriltag_ros' returned '0': AMENT_PREFIX_PATH=/home/zhanger/tmp/bloomba/bloomba_ws/src/install/apriltag_msgs:${AMENT_PREFIX_PATH} CMAKE_PREFIX_PATH=/home/zhanger/tmp/bloomba/bloomba_ws/src/install/apriltag_msgs:/home/zhanger/tmp/bloomba/bloomba_ws/install/lake_harbour_office_gazebo:/home/zhanger/tmp/bloomba/bloomba_ws/install/irobot_create_gazebo_sim:/home/zhanger/tmp/bloomba/bloomba_ws/install/irobot_create_gazebo_bringup:/home/zhanger/tmp/bloomba/bloomba_ws/install/irobot_create_common_bringup:/home/zhanger/tmp/bloomba/bloomba_ws/install/irobot_create_nodes:/home/zhanger/tmp/bloomba/bloomba_ws/install/irobot_create_gazebo_plugins:/home/zhanger/tmp/bloomba/bloomba_ws/install/irobot_create_toolbox:/home/zhanger/tmp/bloomba/bloomba_ws/install/irobot_create_description:/home/zhanger/tmp/bloomba/bloomba_ws/install/irobot_create_control:/home/zhanger/tmp/bloomba/bloomba_ws/install/bloomba_bringup:/home/zhanger/tmp/bloomba/bloomba_ws/install/apriltag_ros:/home/zhanger/tmp/bloomba/bloomba_ws/install/apriltag_msgs:/home/zhanger/tmp/bloomba/bloomba_ws/install/plant_docking:/home/zhanger/tmp/bloomba/bloomba_ws/install/learning_tf2_py:/home/zhanger/tmp/bloomba/bloomba_ws/install/bloomba_slam:/home/zhanger/tmp/bloomba/bloomba_ws/install/bloomba_navigation:/home/zhanger/tmp/bloomba/bloomba_ws/install/bloomba_docking:/opt/ros/humble LD_LIBRARY_PATH=/home/zhanger/tmp/bloomba/bloomba_ws/src/install/apriltag_msgs/lib:${LD_LIBRARY_PATH} PYTHONPATH=/home/zhanger/tmp/bloomba/bloomba_ws/src/install/apriltag_msgs/local/lib/python3.10/dist-packages:${PYTHONPATH} /usr/bin/cmake /home/zhanger/tmp/bloomba/bloomba_ws/src/apriltag_ros -DCMAKE_INSTALL_PREFIX=/home/zhanger/tmp/bloomba/bloomba_ws/src/install/apriltag_ros
[6.116s] Invoking command in '/home/zhanger/tmp/bloomba/bloomba_ws/src/build/apriltag_ros': AMENT_PREFIX_PATH=/home/zhanger/tmp/bloomba/bloomba_ws/src/install/apriltag_msgs:${AMENT_PREFIX_PATH} CMAKE_PREFIX_PATH=/home/zhanger/tmp/bloomba/bloomba_ws/src/install/apriltag_msgs:/home/zhanger/tmp/bloomba/bloomba_ws/install/lake_harbour_office_gazebo:/home/zhanger/tmp/bloomba/bloomba_ws/install/irobot_create_gazebo_sim:/home/zhanger/tmp/bloomba/bloomba_ws/install/irobot_create_gazebo_bringup:/home/zhanger/tmp/bloomba/bloomba_ws/install/irobot_create_common_bringup:/home/zhanger/tmp/bloomba/bloomba_ws/install/irobot_create_nodes:/home/zhanger/tmp/bloomba/bloomba_ws/install/irobot_create_gazebo_plugins:/home/zhanger/tmp/bloomba/bloomba_ws/install/irobot_create_toolbox:/home/zhanger/tmp/bloomba/bloomba_ws/install/irobot_create_description:/home/zhanger/tmp/bloomba/bloomba_ws/install/irobot_create_control:/home/zhanger/tmp/bloomba/bloomba_ws/install/bloomba_bringup:/home/zhanger/tmp/bloomba/bloomba_ws/install/apriltag_ros:/home/zhanger/tmp/bloomba/bloomba_ws/install/apriltag_msgs:/home/zhanger/tmp/bloomba/bloomba_ws/install/plant_docking:/home/zhanger/tmp/bloomba/bloomba_ws/install/learning_tf2_py:/home/zhanger/tmp/bloomba/bloomba_ws/install/bloomba_slam:/home/zhanger/tmp/bloomba/bloomba_ws/install/bloomba_navigation:/home/zhanger/tmp/bloomba/bloomba_ws/install/bloomba_docking:/opt/ros/humble LD_LIBRARY_PATH=/home/zhanger/tmp/bloomba/bloomba_ws/src/install/apriltag_msgs/lib:${LD_LIBRARY_PATH} PYTHONPATH=/home/zhanger/tmp/bloomba/bloomba_ws/src/install/apriltag_msgs/local/lib/python3.10/dist-packages:${PYTHONPATH} /usr/bin/cmake --build /home/zhanger/tmp/bloomba/bloomba_ws/src/build/apriltag_ros -- -j4 -l4
[6.403s] [ 20%] [32mBuilding CXX object CMakeFiles/tags.dir/src/tag_functions.cpp.o[0m
[7.621s] [ 20%] Built target tags
[7.722s] [ 40%] [32mBuilding CXX object CMakeFiles/apriltag_node.dir/rclcpp_components/node_main_apriltag_node.cpp.o[0m
[16.618s] [ 60%] [32m[1mLinking CXX executable apriltag_node[0m
[16.921s] [ 60%] Built target apriltag_node
[17.017s] [ 80%] [32mBuilding CXX object CMakeFiles/AprilTagNode.dir/src/AprilTagNode.cpp.o[0m
[33.079s] [100%] [32m[1mLinking CXX shared library libAprilTagNode.so[0m
[33.659s] [100%] Built target AprilTagNode
[33.696s] Invoked command in '/home/zhanger/tmp/bloomba/bloomba_ws/src/build/apriltag_ros' returned '0': AMENT_PREFIX_PATH=/home/zhanger/tmp/bloomba/bloomba_ws/src/install/apriltag_msgs:${AMENT_PREFIX_PATH} CMAKE_PREFIX_PATH=/home/zhanger/tmp/bloomba/bloomba_ws/src/install/apriltag_msgs:/home/zhanger/tmp/bloomba/bloomba_ws/install/lake_harbour_office_gazebo:/home/zhanger/tmp/bloomba/bloomba_ws/install/irobot_create_gazebo_sim:/home/zhanger/tmp/bloomba/bloomba_ws/install/irobot_create_gazebo_bringup:/home/zhanger/tmp/bloomba/bloomba_ws/install/irobot_create_common_bringup:/home/zhanger/tmp/bloomba/bloomba_ws/install/irobot_create_nodes:/home/zhanger/tmp/bloomba/bloomba_ws/install/irobot_create_gazebo_plugins:/home/zhanger/tmp/bloomba/bloomba_ws/install/irobot_create_toolbox:/home/zhanger/tmp/bloomba/bloomba_ws/install/irobot_create_description:/home/zhanger/tmp/bloomba/bloomba_ws/install/irobot_create_control:/home/zhanger/tmp/bloomba/bloomba_ws/install/bloomba_bringup:/home/zhanger/tmp/bloomba/bloomba_ws/install/apriltag_ros:/home/zhanger/tmp/bloomba/bloomba_ws/install/apriltag_msgs:/home/zhanger/tmp/bloomba/bloomba_ws/install/plant_docking:/home/zhanger/tmp/bloomba/bloomba_ws/install/learning_tf2_py:/home/zhanger/tmp/bloomba/bloomba_ws/install/bloomba_slam:/home/zhanger/tmp/bloomba/bloomba_ws/install/bloomba_navigation:/home/zhanger/tmp/bloomba/bloomba_ws/install/bloomba_docking:/opt/ros/humble LD_LIBRARY_PATH=/home/zhanger/tmp/bloomba/bloomba_ws/src/install/apriltag_msgs/lib:${LD_LIBRARY_PATH} PYTHONPATH=/home/zhanger/tmp/bloomba/bloomba_ws/src/install/apriltag_msgs/local/lib/python3.10/dist-packages:${PYTHONPATH} /usr/bin/cmake --build /home/zhanger/tmp/bloomba/bloomba_ws/src/build/apriltag_ros -- -j4 -l4
[33.957s] Invoking command in '/home/zhanger/tmp/bloomba/bloomba_ws/src/build/apriltag_ros': AMENT_PREFIX_PATH=/home/zhanger/tmp/bloomba/bloomba_ws/src/install/apriltag_msgs:${AMENT_PREFIX_PATH} CMAKE_PREFIX_PATH=/home/zhanger/tmp/bloomba/bloomba_ws/src/install/apriltag_msgs:/home/zhanger/tmp/bloomba/bloomba_ws/install/lake_harbour_office_gazebo:/home/zhanger/tmp/bloomba/bloomba_ws/install/irobot_create_gazebo_sim:/home/zhanger/tmp/bloomba/bloomba_ws/install/irobot_create_gazebo_bringup:/home/zhanger/tmp/bloomba/bloomba_ws/install/irobot_create_common_bringup:/home/zhanger/tmp/bloomba/bloomba_ws/install/irobot_create_nodes:/home/zhanger/tmp/bloomba/bloomba_ws/install/irobot_create_gazebo_plugins:/home/zhanger/tmp/bloomba/bloomba_ws/install/irobot_create_toolbox:/home/zhanger/tmp/bloomba/bloomba_ws/install/irobot_create_description:/home/zhanger/tmp/bloomba/bloomba_ws/install/irobot_create_control:/home/zhanger/tmp/bloomba/bloomba_ws/install/bloomba_bringup:/home/zhanger/tmp/bloomba/bloomba_ws/install/apriltag_ros:/home/zhanger/tmp/bloomba/bloomba_ws/install/apriltag_msgs:/home/zhanger/tmp/bloomba/bloomba_ws/install/plant_docking:/home/zhanger/tmp/bloomba/bloomba_ws/install/learning_tf2_py:/home/zhanger/tmp/bloomba/bloomba_ws/install/bloomba_slam:/home/zhanger/tmp/bloomba/bloomba_ws/install/bloomba_navigation:/home/zhanger/tmp/bloomba/bloomba_ws/install/bloomba_docking:/opt/ros/humble LD_LIBRARY_PATH=/home/zhanger/tmp/bloomba/bloomba_ws/src/install/apriltag_msgs/lib:${LD_LIBRARY_PATH} PYTHONPATH=/home/zhanger/tmp/bloomba/bloomba_ws/src/install/apriltag_msgs/local/lib/python3.10/dist-packages:${PYTHONPATH} /usr/bin/cmake --install /home/zhanger/tmp/bloomba/bloomba_ws/src/build/apriltag_ros
[34.038s] -- Install configuration: ""
[34.042s] -- Installing: /home/zhanger/tmp/bloomba/bloomba_ws/src/install/apriltag_ros/lib/apriltag_ros/apriltag_node
[34.054s] -- Set runtime path of "/home/zhanger/tmp/bloomba/bloomba_ws/src/install/apriltag_ros/lib/apriltag_ros/apriltag_node" to ""
[34.057s] -- Installing: /home/zhanger/tmp/bloomba/bloomba_ws/src/install/apriltag_ros/share/apriltag_ros/environment/library_path.sh
[34.059s] -- Installing: /home/zhanger/tmp/bloomba/bloomba_ws/src/install/apriltag_ros/share/apriltag_ros/environment/library_path.dsv
[34.060s] -- Installing: /home/zhanger/tmp/bloomba/bloomba_ws/src/install/apriltag_ros/lib/libAprilTagNode.so
[34.076s] -- Set runtime path of "/home/zhanger/tmp/bloomba/bloomba_ws/src/install/apriltag_ros/lib/libAprilTagNode.so" to ""
[34.077s] -- Installing: /home/zhanger/tmp/bloomba/bloomba_ws/src/install/apriltag_ros/share/apriltag_ros/cfg
[34.078s] -- Installing: /home/zhanger/tmp/bloomba/bloomba_ws/src/install/apriltag_ros/share/apriltag_ros/cfg/tags_36h11(old).yaml
[34.079s] -- Installing: /home/zhanger/tmp/bloomba/bloomba_ws/src/install/apriltag_ros/share/apriltag_ros/cfg/tags_36h11.yaml
[34.079s] -- Installing: /home/zhanger/tmp/bloomba/bloomba_ws/src/install/apriltag_ros/share/apriltag_ros/launch
[34.080s] -- Installing: /home/zhanger/tmp/bloomba/bloomba_ws/src/install/apriltag_ros/share/apriltag_ros/launch/v4l2_36h11.launch.yml
[34.083s] -- Installing: /home/zhanger/tmp/bloomba/bloomba_ws/src/install/apriltag_ros/share/ament_index/resource_index/package_run_dependencies/apriltag_ros
[34.087s] -- Installing: /home/zhanger/tmp/bloomba/bloomba_ws/src/install/apriltag_ros/share/ament_index/resource_index/parent_prefix_path/apriltag_ros
[34.090s] -- Installing: /home/zhanger/tmp/bloomba/bloomba_ws/src/install/apriltag_ros/share/apriltag_ros/environment/ament_prefix_path.sh
[34.091s] -- Installing: /home/zhanger/tmp/bloomba/bloomba_ws/src/install/apriltag_ros/share/apriltag_ros/environment/ament_prefix_path.dsv
[34.092s] -- Installing: /home/zhanger/tmp/bloomba/bloomba_ws/src/install/apriltag_ros/share/apriltag_ros/environment/path.sh
[34.093s] -- Installing: /home/zhanger/tmp/bloomba/bloomba_ws/src/install/apriltag_ros/share/apriltag_ros/environment/path.dsv
[34.094s] -- Installing: /home/zhanger/tmp/bloomba/bloomba_ws/src/install/apriltag_ros/share/apriltag_ros/local_setup.bash
[34.095s] -- Installing: /home/zhanger/tmp/bloomba/bloomba_ws/src/install/apriltag_ros/share/apriltag_ros/local_setup.sh
[34.096s] -- Installing: /home/zhanger/tmp/bloomba/bloomba_ws/src/install/apriltag_ros/share/apriltag_ros/local_setup.zsh
[34.097s] -- Installing: /home/zhanger/tmp/bloomba/bloomba_ws/src/install/apriltag_ros/share/apriltag_ros/local_setup.dsv
[34.099s] -- Installing: /home/zhanger/tmp/bloomba/bloomba_ws/src/install/apriltag_ros/share/apriltag_ros/package.dsv
[34.100s] -- Installing: /home/zhanger/tmp/bloomba/bloomba_ws/src/install/apriltag_ros/share/ament_index/resource_index/packages/apriltag_ros
[34.104s] -- Installing: /home/zhanger/tmp/bloomba/bloomba_ws/src/install/apriltag_ros/share/ament_index/resource_index/rclcpp_components/apriltag_ros
[34.107s] -- Installing: /home/zhanger/tmp/bloomba/bloomba_ws/src/install/apriltag_ros/share/apriltag_ros/cmake/apriltag_rosConfig.cmake
[34.108s] -- Installing: /home/zhanger/tmp/bloomba/bloomba_ws/src/install/apriltag_ros/share/apriltag_ros/cmake/apriltag_rosConfig-version.cmake
[34.109s] -- Installing: /home/zhanger/tmp/bloomba/bloomba_ws/src/install/apriltag_ros/share/apriltag_ros/package.xml
[34.119s] Invoked command in '/home/zhanger/tmp/bloomba/bloomba_ws/src/build/apriltag_ros' returned '0': AMENT_PREFIX_PATH=/home/zhanger/tmp/bloomba/bloomba_ws/src/install/apriltag_msgs:${AMENT_PREFIX_PATH} CMAKE_PREFIX_PATH=/home/zhanger/tmp/bloomba/bloomba_ws/src/install/apriltag_msgs:/home/zhanger/tmp/bloomba/bloomba_ws/install/lake_harbour_office_gazebo:/home/zhanger/tmp/bloomba/bloomba_ws/install/irobot_create_gazebo_sim:/home/zhanger/tmp/bloomba/bloomba_ws/install/irobot_create_gazebo_bringup:/home/zhanger/tmp/bloomba/bloomba_ws/install/irobot_create_common_bringup:/home/zhanger/tmp/bloomba/bloomba_ws/install/irobot_create_nodes:/home/zhanger/tmp/bloomba/bloomba_ws/install/irobot_create_gazebo_plugins:/home/zhanger/tmp/bloomba/bloomba_ws/install/irobot_create_toolbox:/home/zhanger/tmp/bloomba/bloomba_ws/install/irobot_create_description:/home/zhanger/tmp/bloomba/bloomba_ws/install/irobot_create_control:/home/zhanger/tmp/bloomba/bloomba_ws/install/bloomba_bringup:/home/zhanger/tmp/bloomba/bloomba_ws/install/apriltag_ros:/home/zhanger/tmp/bloomba/bloomba_ws/install/apriltag_msgs:/home/zhanger/tmp/bloomba/bloomba_ws/install/plant_docking:/home/zhanger/tmp/bloomba/bloomba_ws/install/learning_tf2_py:/home/zhanger/tmp/bloomba/bloomba_ws/install/bloomba_slam:/home/zhanger/tmp/bloomba/bloomba_ws/install/bloomba_navigation:/home/zhanger/tmp/bloomba/bloomba_ws/install/bloomba_docking:/opt/ros/humble LD_LIBRARY_PATH=/home/zhanger/tmp/bloomba/bloomba_ws/src/install/apriltag_msgs/lib:${LD_LIBRARY_PATH} PYTHONPATH=/home/zhanger/tmp/bloomba/bloomba_ws/src/install/apriltag_msgs/local/lib/python3.10/dist-packages:${PYTHONPATH} /usr/bin/cmake --install /home/zhanger/tmp/bloomba/bloomba_ws/src/build/apriltag_ros
