[0.019s] Invoking command in '/home/zhanger/tmp/bloomba/bloomba_ws/src/build/irobot_create_gazebo_bringup': AMENT_PREFIX_PATH=/home/zhanger/tmp/bloomba/bloomba_ws/src/install/irobot_create_common_bringup:/home/zhanger/tmp/bloomba/bloomba_ws/src/install/irobot_create_nodes:/home/zhanger/tmp/bloomba/bloomba_ws/src/install/irobot_create_gazebo_plugins:/home/zhanger/tmp/bloomba/bloomba_ws/src/install/irobot_create_toolbox:/home/zhanger/tmp/bloomba/bloomba_ws/src/install/irobot_create_description:/home/zhanger/tmp/bloomba/bloomba_ws/src/install/irobot_create_control:${AMENT_PREFIX_PATH} CMAKE_PREFIX_PATH=/home/zhanger/tmp/bloomba/bloomba_ws/src/install/irobot_create_common_bringup:/home/zhanger/tmp/bloomba/bloomba_ws/src/install/irobot_create_nodes:/home/zhanger/tmp/bloomba/bloomba_ws/src/install/irobot_create_gazebo_plugins:/home/zhanger/tmp/bloomba/bloomba_ws/src/install/irobot_create_toolbox:/home/zhanger/tmp/bloomba/bloomba_ws/src/install/irobot_create_description:/home/zhanger/tmp/bloomba/bloomba_ws/src/install/irobot_create_control:/home/zhanger/tmp/bloomba/bloomba_ws/install/lake_harbour_office_gazebo:/home/zhanger/tmp/bloomba/bloomba_ws/install/irobot_create_gazebo_sim:/home/zhanger/tmp/bloomba/bloomba_ws/install/irobot_create_gazebo_bringup:/home/zhanger/tmp/bloomba/bloomba_ws/install/irobot_create_common_bringup:/home/zhanger/tmp/bloomba/bloomba_ws/install/irobot_create_nodes:/home/zhanger/tmp/bloomba/bloomba_ws/install/irobot_create_gazebo_plugins:/home/zhanger/tmp/bloomba/bloomba_ws/install/irobot_create_toolbox:/home/zhanger/tmp/bloomba/bloomba_ws/install/irobot_create_description:/home/zhanger/tmp/bloomba/bloomba_ws/install/irobot_create_control:/home/zhanger/tmp/bloomba/bloomba_ws/install/bloomba_bringup:/home/zhanger/tmp/bloomba/bloomba_ws/install/apriltag_ros:/home/zhanger/tmp/bloomba/bloomba_ws/install/apriltag_msgs:/home/zhanger/tmp/bloomba/bloomba_ws/install/plant_docking:/home/zhanger/tmp/bloomba/bloomba_ws/install/learning_tf2_py:/home/zhanger/tmp/bloomba/bloomba_ws/install/bloomba_slam:/home/zhanger/tmp/bloomba/bloomba_ws/install/bloomba_navigation:/home/zhanger/tmp/bloomba/bloomba_ws/install/bloomba_docking:/opt/ros/humble LD_LIBRARY_PATH=/home/zhanger/tmp/bloomba/bloomba_ws/src/install/irobot_create_nodes/lib:/home/zhanger/tmp/bloomba/bloomba_ws/src/install/irobot_create_gazebo_plugins/lib:/home/zhanger/tmp/bloomba/bloomba_ws/src/install/irobot_create_toolbox/lib:${LD_LIBRARY_PATH} /usr/bin/cmake /home/zhanger/tmp/bloomba/bloomba_ws/src/bloomba_sim/irobot_create_gazebo/irobot_create_gazebo_bringup -DCMAKE_INSTALL_PREFIX=/home/zhanger/tmp/bloomba/bloomba_ws/src/install/irobot_create_gazebo_bringup
[0.077s] -- The C compiler identification is GNU 11.3.0
[0.132s] -- The CXX compiler identification is GNU 11.3.0
[0.139s] -- Detecting C compiler ABI info
[0.208s] -- Detecting C compiler ABI info - done
[0.219s] -- Check for working C compiler: /usr/bin/cc - skipped
[0.219s] -- Detecting C compile features
[0.220s] -- Detecting C compile features - done
[0.224s] -- Detecting CXX compiler ABI info
[0.308s] -- Detecting CXX compiler ABI info - done
[0.320s] -- Check for working CXX compiler: /usr/bin/c++ - skipped
[0.320s] -- Detecting CXX compile features
[0.321s] -- Detecting CXX compile features - done
[0.327s] -- Found ament_cmake: 1.3.3 (/opt/ros/humble/share/ament_cmake/cmake)
[0.520s] -- Found Python3: /usr/bin/python3.10 (found version "3.10.6") found components: Interpreter 
[0.787s] -- Found rosidl_generator_c: 3.1.4 (/opt/ros/humble/share/rosidl_generator_c/cmake)
[0.800s] -- Found rosidl_adapter: 3.1.4 (/opt/ros/humble/share/rosidl_adapter/cmake)
[0.818s] -- Found rosidl_generator_cpp: 3.1.4 (/opt/ros/humble/share/rosidl_generator_cpp/cmake)
[0.849s] -- Using all available rosidl_typesupport_c: rosidl_typesupport_fastrtps_c;rosidl_typesupport_introspection_c
[0.887s] -- Using all available rosidl_typesupport_cpp: rosidl_typesupport_fastrtps_cpp;rosidl_typesupport_introspection_cpp
[1.009s] -- Found rmw_implementation_cmake: 6.1.1 (/opt/ros/humble/share/rmw_implementation_cmake/cmake)
[1.016s] -- Found rmw_fastrtps_cpp: 6.2.2 (/opt/ros/humble/share/rmw_fastrtps_cpp/cmake)
[1.202s] -- Found OpenSSL: /usr/lib/x86_64-linux-gnu/libcrypto.so (found version "3.0.2")  
[1.236s] -- Found FastRTPS: /opt/ros/humble/include  
[1.294s] -- Using RMW implementation 'rmw_fastrtps_cpp' as default
[1.318s] -- Looking for pthread.h
[1.395s] -- Looking for pthread.h - found
[1.395s] -- Performing Test CMAKE_HAVE_LIBC_PTHREAD
[1.472s] -- Performing Test CMAKE_HAVE_LIBC_PTHREAD - Success
[1.473s] -- Found Threads: TRUE  
[1.710s] -- Found PkgConfig: /usr/bin/pkg-config (found version "0.29.2") 
[1.711s] -- Checking for module 'bullet>=2.82'
[1.728s] --   Found bullet, version 3.05
[1.870s] -- Found fcl: /usr/include (found suitable version "0.7.0", minimum required is "0.5.0") 
[1.927s] -- Found assimp: /usr/include (found version "5.2.0") 
[1.969s] -- Found DART: /usr/include (Required is at least version "6.6") found components: dart 
[2.019s] -- Found Boost: /usr/lib/x86_64-linux-gnu/cmake/Boost-1.74.0/BoostConfig.cmake (found suitable version "1.74.0", minimum required is "1.40.0") found components: thread system filesystem program_options regex iostreams date_time 
[2.045s] -- Found Protobuf: /usr/lib/x86_64-linux-gnu/libprotobuf.so (found version "3.12.4") 
[2.058s] -- Looking for ignition-math6 -- found version 6.12.0
[2.072s] -- Searching for dependencies of ignition-math6
[2.075s] -- Looking for OGRE...
[2.075s] -- OGRE_PREFIX_WATCH changed.
[2.081s] -- Checking for module 'OGRE'
[2.096s] --   Found OGRE, version 1.9.0
[2.133s] -- Found Ogre Ghadamon (1.9.0)
[2.144s] -- Found OGRE: optimized;/usr/lib/x86_64-linux-gnu/libOgreMain.so;debug;/usr/lib/x86_64-linux-gnu/libOgreMain.so
[2.155s] -- Looking for OGRE_Paging...
[2.163s] -- Found OGRE_Paging: optimized;/usr/lib/x86_64-linux-gnu/libOgrePaging.so;debug;/usr/lib/x86_64-linux-gnu/libOgrePaging.so
[2.163s] -- Looking for OGRE_Terrain...
[2.171s] -- Found OGRE_Terrain: optimized;/usr/lib/x86_64-linux-gnu/libOgreTerrain.so;debug;/usr/lib/x86_64-linux-gnu/libOgreTerrain.so
[2.171s] -- Looking for OGRE_Property...
[2.179s] -- Found OGRE_Property: optimized;/usr/lib/x86_64-linux-gnu/libOgreProperty.so;debug;/usr/lib/x86_64-linux-gnu/libOgreProperty.so
[2.180s] -- Looking for OGRE_RTShaderSystem...
[2.189s] -- Found OGRE_RTShaderSystem: optimized;/usr/lib/x86_64-linux-gnu/libOgreRTShaderSystem.so;debug;/usr/lib/x86_64-linux-gnu/libOgreRTShaderSystem.so
[2.189s] -- Looking for OGRE_Volume...
[2.199s] -- Found OGRE_Volume: optimized;/usr/lib/x86_64-linux-gnu/libOgreVolume.so;debug;/usr/lib/x86_64-linux-gnu/libOgreVolume.so
[2.199s] -- Looking for OGRE_Overlay...
[2.207s] -- Found OGRE_Overlay: optimized;/usr/lib/x86_64-linux-gnu/libOgreOverlay.so;debug;/usr/lib/x86_64-linux-gnu/libOgreOverlay.so
[2.410s] -- Looking for ignition-math6 -- found version 6.12.0
[2.417s] -- Looking for ignition-transport8 -- found version 8.2.1
[2.417s] -- Searching for dependencies of ignition-transport8
[2.440s] -- Found Protobuf: /usr/lib/x86_64-linux-gnu/libprotobuf.so (found suitable version "3.12.4", minimum required is "3") 
[2.456s] -- Config-file not installed for ZeroMQ -- checking for pkg-config
[2.462s] -- Checking for module 'libzmq >= 4'
[2.481s] --   Found libzmq , version 4.3.4
[2.522s] -- Found ZeroMQ: TRUE (Required is at least version "4") 
[2.529s] -- Checking for module 'uuid'
[2.545s] --   Found uuid, version 2.37.2
[2.584s] -- Found UUID: TRUE  
[2.590s] -- Looking for ignition-msgs5 -- found version 5.8.1
[2.590s] -- Searching for dependencies of ignition-msgs5
[2.614s] -- Looking for ignition-math6 -- found version 6.12.0
[2.620s] -- Checking for module 'tinyxml2'
[2.637s] --   Found tinyxml2, version 9.0.0
[2.678s] -- Looking for ignition-msgs5 -- found version 5.8.1
[2.683s] -- Looking for ignition-common3 -- found version 3.14.0
[2.684s] -- Searching for dependencies of ignition-common3
[2.685s] -- Looking for dlfcn.h - found
[2.686s] -- Looking for libdl - found
[2.687s] -- Found DL: TRUE  
[2.703s] -- Found tinyobjloader: /usr/lib/x86_64-linux-gnu/cmake/tinyobjloader/tinyobjloader-config.cmake (found version "2.0.0") 
[2.704s] -- Searching for <ignition-common3> component [graphics]
[2.710s] -- Looking for ignition-common3-graphics -- found version 3.14.0
[2.710s] -- Searching for dependencies of ignition-common3-graphics
[2.711s] -- Looking for ignition-math6 -- found version 6.12.0
[2.717s] -- Looking for ignition-fuel_tools4 -- found version 4.4.0
[2.718s] -- Searching for dependencies of ignition-fuel_tools4
[2.812s] -- Found CURL: /usr/lib/x86_64-linux-gnu/libcurl.so (found version "7.81.0")  
[2.826s] -- Checking for module 'jsoncpp'
[2.842s] --   Found jsoncpp, version 1.9.5
[2.881s] -- Found JSONCPP: TRUE  
[2.887s] -- Checking for module 'libzip'
[2.903s] --   Found libzip, version 1.7.3
[2.940s] -- Found ZIP: TRUE  
[2.941s] -- Looking for ignition-common3 -- found version 3.14.0
[2.941s] -- Looking for ignition-math6 -- found version 6.12.0
[2.942s] -- Looking for ignition-msgs5 -- found version 5.8.1
[2.951s] -- Gazebo version: 11.10
[2.952s] -- Checking for module 'tbb'
[2.970s] --   Found tbb, version 2021.5.0
[3.019s] -- Found ament_lint_auto: 0.12.5 (/opt/ros/humble/share/ament_lint_auto/cmake)
[3.123s] -- Added test 'flake8' to check Python code syntax and style conventions
[3.124s] -- Added test 'lint_cmake' to check CMake code style
[3.125s] -- Added test 'pep257' to check Python code against some of the docstring style conventions in PEP 257
[3.126s] -- Added test 'xmllint' to check XML markup files
[3.129s] -- Configuring done
[3.138s] -- Generating done
[3.141s] -- Build files have been written to: /home/zhanger/tmp/bloomba/bloomba_ws/src/build/irobot_create_gazebo_bringup
[3.156s] Invoked command in '/home/zhanger/tmp/bloomba/bloomba_ws/src/build/irobot_create_gazebo_bringup' returned '0': AMENT_PREFIX_PATH=/home/zhanger/tmp/bloomba/bloomba_ws/src/install/irobot_create_common_bringup:/home/zhanger/tmp/bloomba/bloomba_ws/src/install/irobot_create_nodes:/home/zhanger/tmp/bloomba/bloomba_ws/src/install/irobot_create_gazebo_plugins:/home/zhanger/tmp/bloomba/bloomba_ws/src/install/irobot_create_toolbox:/home/zhanger/tmp/bloomba/bloomba_ws/src/install/irobot_create_description:/home/zhanger/tmp/bloomba/bloomba_ws/src/install/irobot_create_control:${AMENT_PREFIX_PATH} CMAKE_PREFIX_PATH=/home/zhanger/tmp/bloomba/bloomba_ws/src/install/irobot_create_common_bringup:/home/zhanger/tmp/bloomba/bloomba_ws/src/install/irobot_create_nodes:/home/zhanger/tmp/bloomba/bloomba_ws/src/install/irobot_create_gazebo_plugins:/home/zhanger/tmp/bloomba/bloomba_ws/src/install/irobot_create_toolbox:/home/zhanger/tmp/bloomba/bloomba_ws/src/install/irobot_create_description:/home/zhanger/tmp/bloomba/bloomba_ws/src/install/irobot_create_control:/home/zhanger/tmp/bloomba/bloomba_ws/install/lake_harbour_office_gazebo:/home/zhanger/tmp/bloomba/bloomba_ws/install/irobot_create_gazebo_sim:/home/zhanger/tmp/bloomba/bloomba_ws/install/irobot_create_gazebo_bringup:/home/zhanger/tmp/bloomba/bloomba_ws/install/irobot_create_common_bringup:/home/zhanger/tmp/bloomba/bloomba_ws/install/irobot_create_nodes:/home/zhanger/tmp/bloomba/bloomba_ws/install/irobot_create_gazebo_plugins:/home/zhanger/tmp/bloomba/bloomba_ws/install/irobot_create_toolbox:/home/zhanger/tmp/bloomba/bloomba_ws/install/irobot_create_description:/home/zhanger/tmp/bloomba/bloomba_ws/install/irobot_create_control:/home/zhanger/tmp/bloomba/bloomba_ws/install/bloomba_bringup:/home/zhanger/tmp/bloomba/bloomba_ws/install/apriltag_ros:/home/zhanger/tmp/bloomba/bloomba_ws/install/apriltag_msgs:/home/zhanger/tmp/bloomba/bloomba_ws/install/plant_docking:/home/zhanger/tmp/bloomba/bloomba_ws/install/learning_tf2_py:/home/zhanger/tmp/bloomba/bloomba_ws/install/bloomba_slam:/home/zhanger/tmp/bloomba/bloomba_ws/install/bloomba_navigation:/home/zhanger/tmp/bloomba/bloomba_ws/install/bloomba_docking:/opt/ros/humble LD_LIBRARY_PATH=/home/zhanger/tmp/bloomba/bloomba_ws/src/install/irobot_create_nodes/lib:/home/zhanger/tmp/bloomba/bloomba_ws/src/install/irobot_create_gazebo_plugins/lib:/home/zhanger/tmp/bloomba/bloomba_ws/src/install/irobot_create_toolbox/lib:${LD_LIBRARY_PATH} /usr/bin/cmake /home/zhanger/tmp/bloomba/bloomba_ws/src/bloomba_sim/irobot_create_gazebo/irobot_create_gazebo_bringup -DCMAKE_INSTALL_PREFIX=/home/zhanger/tmp/bloomba/bloomba_ws/src/install/irobot_create_gazebo_bringup
[3.158s] Invoking command in '/home/zhanger/tmp/bloomba/bloomba_ws/src/build/irobot_create_gazebo_bringup': AMENT_PREFIX_PATH=/home/zhanger/tmp/bloomba/bloomba_ws/src/install/irobot_create_common_bringup:/home/zhanger/tmp/bloomba/bloomba_ws/src/install/irobot_create_nodes:/home/zhanger/tmp/bloomba/bloomba_ws/src/install/irobot_create_gazebo_plugins:/home/zhanger/tmp/bloomba/bloomba_ws/src/install/irobot_create_toolbox:/home/zhanger/tmp/bloomba/bloomba_ws/src/install/irobot_create_description:/home/zhanger/tmp/bloomba/bloomba_ws/src/install/irobot_create_control:${AMENT_PREFIX_PATH} CMAKE_PREFIX_PATH=/home/zhanger/tmp/bloomba/bloomba_ws/src/install/irobot_create_common_bringup:/home/zhanger/tmp/bloomba/bloomba_ws/src/install/irobot_create_nodes:/home/zhanger/tmp/bloomba/bloomba_ws/src/install/irobot_create_gazebo_plugins:/home/zhanger/tmp/bloomba/bloomba_ws/src/install/irobot_create_toolbox:/home/zhanger/tmp/bloomba/bloomba_ws/src/install/irobot_create_description:/home/zhanger/tmp/bloomba/bloomba_ws/src/install/irobot_create_control:/home/zhanger/tmp/bloomba/bloomba_ws/install/lake_harbour_office_gazebo:/home/zhanger/tmp/bloomba/bloomba_ws/install/irobot_create_gazebo_sim:/home/zhanger/tmp/bloomba/bloomba_ws/install/irobot_create_gazebo_bringup:/home/zhanger/tmp/bloomba/bloomba_ws/install/irobot_create_common_bringup:/home/zhanger/tmp/bloomba/bloomba_ws/install/irobot_create_nodes:/home/zhanger/tmp/bloomba/bloomba_ws/install/irobot_create_gazebo_plugins:/home/zhanger/tmp/bloomba/bloomba_ws/install/irobot_create_toolbox:/home/zhanger/tmp/bloomba/bloomba_ws/install/irobot_create_description:/home/zhanger/tmp/bloomba/bloomba_ws/install/irobot_create_control:/home/zhanger/tmp/bloomba/bloomba_ws/install/bloomba_bringup:/home/zhanger/tmp/bloomba/bloomba_ws/install/apriltag_ros:/home/zhanger/tmp/bloomba/bloomba_ws/install/apriltag_msgs:/home/zhanger/tmp/bloomba/bloomba_ws/install/plant_docking:/home/zhanger/tmp/bloomba/bloomba_ws/install/learning_tf2_py:/home/zhanger/tmp/bloomba/bloomba_ws/install/bloomba_slam:/home/zhanger/tmp/bloomba/bloomba_ws/install/bloomba_navigation:/home/zhanger/tmp/bloomba/bloomba_ws/install/bloomba_docking:/opt/ros/humble LD_LIBRARY_PATH=/home/zhanger/tmp/bloomba/bloomba_ws/src/install/irobot_create_nodes/lib:/home/zhanger/tmp/bloomba/bloomba_ws/src/install/irobot_create_gazebo_plugins/lib:/home/zhanger/tmp/bloomba/bloomba_ws/src/install/irobot_create_toolbox/lib:${LD_LIBRARY_PATH} /usr/bin/cmake --build /home/zhanger/tmp/bloomba/bloomba_ws/src/build/irobot_create_gazebo_bringup -- -j4 -l4
[3.202s] Invoked command in '/home/zhanger/tmp/bloomba/bloomba_ws/src/build/irobot_create_gazebo_bringup' returned '0': AMENT_PREFIX_PATH=/home/zhanger/tmp/bloomba/bloomba_ws/src/install/irobot_create_common_bringup:/home/zhanger/tmp/bloomba/bloomba_ws/src/install/irobot_create_nodes:/home/zhanger/tmp/bloomba/bloomba_ws/src/install/irobot_create_gazebo_plugins:/home/zhanger/tmp/bloomba/bloomba_ws/src/install/irobot_create_toolbox:/home/zhanger/tmp/bloomba/bloomba_ws/src/install/irobot_create_description:/home/zhanger/tmp/bloomba/bloomba_ws/src/install/irobot_create_control:${AMENT_PREFIX_PATH} CMAKE_PREFIX_PATH=/home/zhanger/tmp/bloomba/bloomba_ws/src/install/irobot_create_common_bringup:/home/zhanger/tmp/bloomba/bloomba_ws/src/install/irobot_create_nodes:/home/zhanger/tmp/bloomba/bloomba_ws/src/install/irobot_create_gazebo_plugins:/home/zhanger/tmp/bloomba/bloomba_ws/src/install/irobot_create_toolbox:/home/zhanger/tmp/bloomba/bloomba_ws/src/install/irobot_create_description:/home/zhanger/tmp/bloomba/bloomba_ws/src/install/irobot_create_control:/home/zhanger/tmp/bloomba/bloomba_ws/install/lake_harbour_office_gazebo:/home/zhanger/tmp/bloomba/bloomba_ws/install/irobot_create_gazebo_sim:/home/zhanger/tmp/bloomba/bloomba_ws/install/irobot_create_gazebo_bringup:/home/zhanger/tmp/bloomba/bloomba_ws/install/irobot_create_common_bringup:/home/zhanger/tmp/bloomba/bloomba_ws/install/irobot_create_nodes:/home/zhanger/tmp/bloomba/bloomba_ws/install/irobot_create_gazebo_plugins:/home/zhanger/tmp/bloomba/bloomba_ws/install/irobot_create_toolbox:/home/zhanger/tmp/bloomba/bloomba_ws/install/irobot_create_description:/home/zhanger/tmp/bloomba/bloomba_ws/install/irobot_create_control:/home/zhanger/tmp/bloomba/bloomba_ws/install/bloomba_bringup:/home/zhanger/tmp/bloomba/bloomba_ws/install/apriltag_ros:/home/zhanger/tmp/bloomba/bloomba_ws/install/apriltag_msgs:/home/zhanger/tmp/bloomba/bloomba_ws/install/plant_docking:/home/zhanger/tmp/bloomba/bloomba_ws/install/learning_tf2_py:/home/zhanger/tmp/bloomba/bloomba_ws/install/bloomba_slam:/home/zhanger/tmp/bloomba/bloomba_ws/install/bloomba_navigation:/home/zhanger/tmp/bloomba/bloomba_ws/install/bloomba_docking:/opt/ros/humble LD_LIBRARY_PATH=/home/zhanger/tmp/bloomba/bloomba_ws/src/install/irobot_create_nodes/lib:/home/zhanger/tmp/bloomba/bloomba_ws/src/install/irobot_create_gazebo_plugins/lib:/home/zhanger/tmp/bloomba/bloomba_ws/src/install/irobot_create_toolbox/lib:${LD_LIBRARY_PATH} /usr/bin/cmake --build /home/zhanger/tmp/bloomba/bloomba_ws/src/build/irobot_create_gazebo_bringup -- -j4 -l4
[3.227s] Invoking command in '/home/zhanger/tmp/bloomba/bloomba_ws/src/build/irobot_create_gazebo_bringup': AMENT_PREFIX_PATH=/home/zhanger/tmp/bloomba/bloomba_ws/src/install/irobot_create_common_bringup:/home/zhanger/tmp/bloomba/bloomba_ws/src/install/irobot_create_nodes:/home/zhanger/tmp/bloomba/bloomba_ws/src/install/irobot_create_gazebo_plugins:/home/zhanger/tmp/bloomba/bloomba_ws/src/install/irobot_create_toolbox:/home/zhanger/tmp/bloomba/bloomba_ws/src/install/irobot_create_description:/home/zhanger/tmp/bloomba/bloomba_ws/src/install/irobot_create_control:${AMENT_PREFIX_PATH} CMAKE_PREFIX_PATH=/home/zhanger/tmp/bloomba/bloomba_ws/src/install/irobot_create_common_bringup:/home/zhanger/tmp/bloomba/bloomba_ws/src/install/irobot_create_nodes:/home/zhanger/tmp/bloomba/bloomba_ws/src/install/irobot_create_gazebo_plugins:/home/zhanger/tmp/bloomba/bloomba_ws/src/install/irobot_create_toolbox:/home/zhanger/tmp/bloomba/bloomba_ws/src/install/irobot_create_description:/home/zhanger/tmp/bloomba/bloomba_ws/src/install/irobot_create_control:/home/zhanger/tmp/bloomba/bloomba_ws/install/lake_harbour_office_gazebo:/home/zhanger/tmp/bloomba/bloomba_ws/install/irobot_create_gazebo_sim:/home/zhanger/tmp/bloomba/bloomba_ws/install/irobot_create_gazebo_bringup:/home/zhanger/tmp/bloomba/bloomba_ws/install/irobot_create_common_bringup:/home/zhanger/tmp/bloomba/bloomba_ws/install/irobot_create_nodes:/home/zhanger/tmp/bloomba/bloomba_ws/install/irobot_create_gazebo_plugins:/home/zhanger/tmp/bloomba/bloomba_ws/install/irobot_create_toolbox:/home/zhanger/tmp/bloomba/bloomba_ws/install/irobot_create_description:/home/zhanger/tmp/bloomba/bloomba_ws/install/irobot_create_control:/home/zhanger/tmp/bloomba/bloomba_ws/install/bloomba_bringup:/home/zhanger/tmp/bloomba/bloomba_ws/install/apriltag_ros:/home/zhanger/tmp/bloomba/bloomba_ws/install/apriltag_msgs:/home/zhanger/tmp/bloomba/bloomba_ws/install/plant_docking:/home/zhanger/tmp/bloomba/bloomba_ws/install/learning_tf2_py:/home/zhanger/tmp/bloomba/bloomba_ws/install/bloomba_slam:/home/zhanger/tmp/bloomba/bloomba_ws/install/bloomba_navigation:/home/zhanger/tmp/bloomba/bloomba_ws/install/bloomba_docking:/opt/ros/humble LD_LIBRARY_PATH=/home/zhanger/tmp/bloomba/bloomba_ws/src/install/irobot_create_nodes/lib:/home/zhanger/tmp/bloomba/bloomba_ws/src/install/irobot_create_gazebo_plugins/lib:/home/zhanger/tmp/bloomba/bloomba_ws/src/install/irobot_create_toolbox/lib:${LD_LIBRARY_PATH} /usr/bin/cmake --install /home/zhanger/tmp/bloomba/bloomba_ws/src/build/irobot_create_gazebo_bringup
[3.235s] -- Install configuration: ""
[3.236s] -- Installing: /home/zhanger/tmp/bloomba/bloomba_ws/src/install/irobot_create_gazebo_bringup/share/irobot_create_gazebo_bringup/config
[3.236s] -- Installing: /home/zhanger/tmp/bloomba/bloomba_ws/src/install/irobot_create_gazebo_bringup/share/irobot_create_gazebo_bringup/config/gazebo_params.yaml
[3.237s] -- Installing: /home/zhanger/tmp/bloomba/bloomba_ws/src/install/irobot_create_gazebo_bringup/share/irobot_create_gazebo_bringup/launch
[3.238s] -- Installing: /home/zhanger/tmp/bloomba/bloomba_ws/src/install/irobot_create_gazebo_bringup/share/irobot_create_gazebo_bringup/launch/create3_gazebo_aws_small.launch.py
[3.238s] -- Installing: /home/zhanger/tmp/bloomba/bloomba_ws/src/install/irobot_create_gazebo_bringup/share/irobot_create_gazebo_bringup/launch/create3_gazebo.launch.py
[3.238s] -- Installing: /home/zhanger/tmp/bloomba/bloomba_ws/src/install/irobot_create_gazebo_bringup/share/irobot_create_gazebo_bringup/launch/create3_gazebo_office.launch.py
[3.239s] -- Installing: /home/zhanger/tmp/bloomba/bloomba_ws/src/install/irobot_create_gazebo_bringup/share/ament_index/resource_index/package_run_dependencies/irobot_create_gazebo_bringup
[3.239s] -- Installing: /home/zhanger/tmp/bloomba/bloomba_ws/src/install/irobot_create_gazebo_bringup/share/ament_index/resource_index/parent_prefix_path/irobot_create_gazebo_bringup
[3.239s] -- Installing: /home/zhanger/tmp/bloomba/bloomba_ws/src/install/irobot_create_gazebo_bringup/share/irobot_create_gazebo_bringup/environment/ament_prefix_path.sh
[3.239s] -- Installing: /home/zhanger/tmp/bloomba/bloomba_ws/src/install/irobot_create_gazebo_bringup/share/irobot_create_gazebo_bringup/environment/ament_prefix_path.dsv
[3.240s] -- Installing: /home/zhanger/tmp/bloomba/bloomba_ws/src/install/irobot_create_gazebo_bringup/share/irobot_create_gazebo_bringup/environment/path.sh
[3.240s] -- Installing: /home/zhanger/tmp/bloomba/bloomba_ws/src/install/irobot_create_gazebo_bringup/share/irobot_create_gazebo_bringup/environment/path.dsv
[3.240s] -- Installing: /home/zhanger/tmp/bloomba/bloomba_ws/src/install/irobot_create_gazebo_bringup/share/irobot_create_gazebo_bringup/local_setup.bash
[3.240s] -- Installing: /home/zhanger/tmp/bloomba/bloomba_ws/src/install/irobot_create_gazebo_bringup/share/irobot_create_gazebo_bringup/local_setup.sh
[3.240s] -- Installing: /home/zhanger/tmp/bloomba/bloomba_ws/src/install/irobot_create_gazebo_bringup/share/irobot_create_gazebo_bringup/local_setup.zsh
[3.240s] -- Installing: /home/zhanger/tmp/bloomba/bloomba_ws/src/install/irobot_create_gazebo_bringup/share/irobot_create_gazebo_bringup/local_setup.dsv
[3.241s] -- Installing: /home/zhanger/tmp/bloomba/bloomba_ws/src/install/irobot_create_gazebo_bringup/share/irobot_create_gazebo_bringup/package.dsv
[3.241s] -- Installing: /home/zhanger/tmp/bloomba/bloomba_ws/src/install/irobot_create_gazebo_bringup/share/ament_index/resource_index/packages/irobot_create_gazebo_bringup
[3.241s] -- Installing: /home/zhanger/tmp/bloomba/bloomba_ws/src/install/irobot_create_gazebo_bringup/share/irobot_create_gazebo_bringup/cmake/irobot_create_gazebo_bringupConfig.cmake
[3.241s] -- Installing: /home/zhanger/tmp/bloomba/bloomba_ws/src/install/irobot_create_gazebo_bringup/share/irobot_create_gazebo_bringup/cmake/irobot_create_gazebo_bringupConfig-version.cmake
[3.241s] -- Installing: /home/zhanger/tmp/bloomba/bloomba_ws/src/install/irobot_create_gazebo_bringup/share/irobot_create_gazebo_bringup/package.xml
[3.246s] Invoked command in '/home/zhanger/tmp/bloomba/bloomba_ws/src/build/irobot_create_gazebo_bringup' returned '0': AMENT_PREFIX_PATH=/home/zhanger/tmp/bloomba/bloomba_ws/src/install/irobot_create_common_bringup:/home/zhanger/tmp/bloomba/bloomba_ws/src/install/irobot_create_nodes:/home/zhanger/tmp/bloomba/bloomba_ws/src/install/irobot_create_gazebo_plugins:/home/zhanger/tmp/bloomba/bloomba_ws/src/install/irobot_create_toolbox:/home/zhanger/tmp/bloomba/bloomba_ws/src/install/irobot_create_description:/home/zhanger/tmp/bloomba/bloomba_ws/src/install/irobot_create_control:${AMENT_PREFIX_PATH} CMAKE_PREFIX_PATH=/home/zhanger/tmp/bloomba/bloomba_ws/src/install/irobot_create_common_bringup:/home/zhanger/tmp/bloomba/bloomba_ws/src/install/irobot_create_nodes:/home/zhanger/tmp/bloomba/bloomba_ws/src/install/irobot_create_gazebo_plugins:/home/zhanger/tmp/bloomba/bloomba_ws/src/install/irobot_create_toolbox:/home/zhanger/tmp/bloomba/bloomba_ws/src/install/irobot_create_description:/home/zhanger/tmp/bloomba/bloomba_ws/src/install/irobot_create_control:/home/zhanger/tmp/bloomba/bloomba_ws/install/lake_harbour_office_gazebo:/home/zhanger/tmp/bloomba/bloomba_ws/install/irobot_create_gazebo_sim:/home/zhanger/tmp/bloomba/bloomba_ws/install/irobot_create_gazebo_bringup:/home/zhanger/tmp/bloomba/bloomba_ws/install/irobot_create_common_bringup:/home/zhanger/tmp/bloomba/bloomba_ws/install/irobot_create_nodes:/home/zhanger/tmp/bloomba/bloomba_ws/install/irobot_create_gazebo_plugins:/home/zhanger/tmp/bloomba/bloomba_ws/install/irobot_create_toolbox:/home/zhanger/tmp/bloomba/bloomba_ws/install/irobot_create_description:/home/zhanger/tmp/bloomba/bloomba_ws/install/irobot_create_control:/home/zhanger/tmp/bloomba/bloomba_ws/install/bloomba_bringup:/home/zhanger/tmp/bloomba/bloomba_ws/install/apriltag_ros:/home/zhanger/tmp/bloomba/bloomba_ws/install/apriltag_msgs:/home/zhanger/tmp/bloomba/bloomba_ws/install/plant_docking:/home/zhanger/tmp/bloomba/bloomba_ws/install/learning_tf2_py:/home/zhanger/tmp/bloomba/bloomba_ws/install/bloomba_slam:/home/zhanger/tmp/bloomba/bloomba_ws/install/bloomba_navigation:/home/zhanger/tmp/bloomba/bloomba_ws/install/bloomba_docking:/opt/ros/humble LD_LIBRARY_PATH=/home/zhanger/tmp/bloomba/bloomba_ws/src/install/irobot_create_nodes/lib:/home/zhanger/tmp/bloomba/bloomba_ws/src/install/irobot_create_gazebo_plugins/lib:/home/zhanger/tmp/bloomba/bloomba_ws/src/install/irobot_create_toolbox/lib:${LD_LIBRARY_PATH} /usr/bin/cmake --install /home/zhanger/tmp/bloomba/bloomba_ws/src/build/irobot_create_gazebo_bringup
