[0.035s] Invoking command in '/home/zhanger/tmp/bloomba/bloomba_ws/src/build/apriltag_msgs': CMAKE_PREFIX_PATH=${CMAKE_PREFIX_PATH}:/home/zhanger/tmp/bloomba/bloomba_ws/install/plant_docking:/home/zhanger/tmp/bloomba/bloomba_ws/install/learning_tf2_py:/home/zhanger/tmp/bloomba/bloomba_ws/install/bloomba_slam:/home/zhanger/tmp/bloomba/bloomba_ws/install/bloomba_navigation:/home/zhanger/tmp/bloomba/bloomba_ws/install/bloomba_docking:/opt/ros/humble /usr/bin/cmake --build /home/zhanger/tmp/bloomba/bloomba_ws/src/build/apriltag_msgs -- -j4 -l4
[0.126s] [  2%] Built target apriltag_msgs__cpp
[0.173s] [  2%] Built target ament_cmake_python_copy_apriltag_msgs
[0.188s] [35m[1mConsolidate compiler generated dependencies of target apriltag_msgs__rosidl_typesupport_fastrtps_cpp[0m
[0.218s] [ 12%] Built target apriltag_msgs__rosidl_typesupport_fastrtps_cpp
[0.243s] [35m[1mConsolidate compiler generated dependencies of target apriltag_msgs__rosidl_typesupport_introspection_cpp[0m
[0.265s] [ 23%] Built target apriltag_msgs__rosidl_typesupport_introspection_cpp
[0.654s] running egg_info
[0.655s] writing apriltag_msgs.egg-info/PKG-INFO
[0.656s] writing dependency_links to apriltag_msgs.egg-info/dependency_links.txt
[0.656s] writing top-level names to apriltag_msgs.egg-info/top_level.txt
[0.660s] reading manifest file 'apriltag_msgs.egg-info/SOURCES.txt'
[0.662s] writing manifest file 'apriltag_msgs.egg-info/SOURCES.txt'
[0.690s] [ 23%] Built target ament_cmake_python_build_apriltag_msgs_egg
[0.705s] [35m[1mConsolidate compiler generated dependencies of target apriltag_msgs__rosidl_typesupport_cpp[0m
[0.722s] [ 34%] Built target apriltag_msgs__rosidl_typesupport_cpp
[0.735s] [35m[1mConsolidate compiler generated dependencies of target apriltag_msgs__rosidl_generator_c[0m
[0.752s] [ 44%] Built target apriltag_msgs__rosidl_generator_c
[0.771s] [35m[1mConsolidate compiler generated dependencies of target apriltag_msgs__rosidl_typesupport_fastrtps_c[0m
[0.789s] [ 55%] Built target apriltag_msgs__rosidl_typesupport_fastrtps_c
[0.806s] [35m[1mConsolidate compiler generated dependencies of target apriltag_msgs__rosidl_typesupport_c[0m
[0.830s] [ 65%] Built target apriltag_msgs__rosidl_typesupport_c
[0.856s] [35m[1mConsolidate compiler generated dependencies of target apriltag_msgs__rosidl_typesupport_introspection_c[0m
[0.875s] [ 76%] Built target apriltag_msgs__rosidl_typesupport_introspection_c
[0.914s] [ 76%] Built target apriltag_msgs
[0.974s] [ 78%] Built target apriltag_msgs__py
[1.007s] [35m[1mConsolidate compiler generated dependencies of target apriltag_msgs__rosidl_generator_py[0m
[1.054s] [ 87%] Built target apriltag_msgs__rosidl_generator_py
[1.099s] [35m[1mConsolidate compiler generated dependencies of target apriltag_msgs__rosidl_typesupport_fastrtps_c__pyext[0m
[1.129s] [ 91%] Built target apriltag_msgs__rosidl_typesupport_fastrtps_c__pyext
[1.162s] [35m[1mConsolidate compiler generated dependencies of target apriltag_msgs__rosidl_typesupport_c__pyext[0m
[1.242s] [ 95%] Built target apriltag_msgs__rosidl_typesupport_c__pyext
[1.297s] [35m[1mConsolidate compiler generated dependencies of target apriltag_msgs__rosidl_typesupport_introspection_c__pyext[0m
[1.364s] [100%] Built target apriltag_msgs__rosidl_typesupport_introspection_c__pyext
[1.419s] Invoked command in '/home/zhanger/tmp/bloomba/bloomba_ws/src/build/apriltag_msgs' returned '0': CMAKE_PREFIX_PATH=${CMAKE_PREFIX_PATH}:/home/zhanger/tmp/bloomba/bloomba_ws/install/plant_docking:/home/zhanger/tmp/bloomba/bloomba_ws/install/learning_tf2_py:/home/zhanger/tmp/bloomba/bloomba_ws/install/bloomba_slam:/home/zhanger/tmp/bloomba/bloomba_ws/install/bloomba_navigation:/home/zhanger/tmp/bloomba/bloomba_ws/install/bloomba_docking:/opt/ros/humble /usr/bin/cmake --build /home/zhanger/tmp/bloomba/bloomba_ws/src/build/apriltag_msgs -- -j4 -l4
[1.729s] Invoking command in '/home/zhanger/tmp/bloomba/bloomba_ws/src/build/apriltag_msgs': CMAKE_PREFIX_PATH=${CMAKE_PREFIX_PATH}:/home/zhanger/tmp/bloomba/bloomba_ws/install/plant_docking:/home/zhanger/tmp/bloomba/bloomba_ws/install/learning_tf2_py:/home/zhanger/tmp/bloomba/bloomba_ws/install/bloomba_slam:/home/zhanger/tmp/bloomba/bloomba_ws/install/bloomba_navigation:/home/zhanger/tmp/bloomba/bloomba_ws/install/bloomba_docking:/opt/ros/humble /usr/bin/cmake --install /home/zhanger/tmp/bloomba/bloomba_ws/src/build/apriltag_msgs
[1.768s] -- Install configuration: ""
[1.768s] -- Up-to-date: /home/zhanger/tmp/bloomba/bloomba_ws/src/install/apriltag_msgs/share/ament_index/resource_index/rosidl_interfaces/apriltag_msgs
[1.769s] -- Up-to-date: /home/zhanger/tmp/bloomba/bloomba_ws/src/install/apriltag_msgs/include/apriltag_msgs/apriltag_msgs
[1.769s] -- Up-to-date: /home/zhanger/tmp/bloomba/bloomba_ws/src/install/apriltag_msgs/include/apriltag_msgs/apriltag_msgs/msg
[1.769s] -- Up-to-date: /home/zhanger/tmp/bloomba/bloomba_ws/src/install/apriltag_msgs/include/apriltag_msgs/apriltag_msgs/msg/rosidl_generator_c__visibility_control.h
[1.769s] -- Up-to-date: /home/zhanger/tmp/bloomba/bloomba_ws/src/install/apriltag_msgs/include/apriltag_msgs/apriltag_msgs/msg/april_tag_detection_array.h
[1.769s] -- Up-to-date: /home/zhanger/tmp/bloomba/bloomba_ws/src/install/apriltag_msgs/include/apriltag_msgs/apriltag_msgs/msg/detail
[1.769s] -- Up-to-date: /home/zhanger/tmp/bloomba/bloomba_ws/src/install/apriltag_msgs/include/apriltag_msgs/apriltag_msgs/msg/detail/april_tag_detection_array__struct.h
[1.769s] -- Up-to-date: /home/zhanger/tmp/bloomba/bloomba_ws/src/install/apriltag_msgs/include/apriltag_msgs/apriltag_msgs/msg/detail/april_tag_detection_array__functions.h
[1.770s] -- Up-to-date: /home/zhanger/tmp/bloomba/bloomba_ws/src/install/apriltag_msgs/include/apriltag_msgs/apriltag_msgs/msg/detail/april_tag_detection__functions.c
[1.770s] -- Up-to-date: /home/zhanger/tmp/bloomba/bloomba_ws/src/install/apriltag_msgs/include/apriltag_msgs/apriltag_msgs/msg/detail/point__type_support.h
[1.770s] -- Up-to-date: /home/zhanger/tmp/bloomba/bloomba_ws/src/install/apriltag_msgs/include/apriltag_msgs/apriltag_msgs/msg/detail/point__functions.c
[1.770s] -- Up-to-date: /home/zhanger/tmp/bloomba/bloomba_ws/src/install/apriltag_msgs/include/apriltag_msgs/apriltag_msgs/msg/detail/point__functions.h
[1.770s] -- Up-to-date: /home/zhanger/tmp/bloomba/bloomba_ws/src/install/apriltag_msgs/include/apriltag_msgs/apriltag_msgs/msg/detail/april_tag_detection_array__type_support.h
[1.770s] -- Up-to-date: /home/zhanger/tmp/bloomba/bloomba_ws/src/install/apriltag_msgs/include/apriltag_msgs/apriltag_msgs/msg/detail/april_tag_detection_array__functions.c
[1.770s] -- Up-to-date: /home/zhanger/tmp/bloomba/bloomba_ws/src/install/apriltag_msgs/include/apriltag_msgs/apriltag_msgs/msg/detail/april_tag_detection__type_support.h
[1.770s] -- Up-to-date: /home/zhanger/tmp/bloomba/bloomba_ws/src/install/apriltag_msgs/include/apriltag_msgs/apriltag_msgs/msg/detail/april_tag_detection__struct.h
[1.771s] -- Up-to-date: /home/zhanger/tmp/bloomba/bloomba_ws/src/install/apriltag_msgs/include/apriltag_msgs/apriltag_msgs/msg/detail/april_tag_detection__functions.h
[1.771s] -- Up-to-date: /home/zhanger/tmp/bloomba/bloomba_ws/src/install/apriltag_msgs/include/apriltag_msgs/apriltag_msgs/msg/detail/point__struct.h
[1.771s] -- Up-to-date: /home/zhanger/tmp/bloomba/bloomba_ws/src/install/apriltag_msgs/include/apriltag_msgs/apriltag_msgs/msg/april_tag_detection.h
[1.771s] -- Up-to-date: /home/zhanger/tmp/bloomba/bloomba_ws/src/install/apriltag_msgs/include/apriltag_msgs/apriltag_msgs/msg/point.h
[1.771s] -- Up-to-date: /home/zhanger/tmp/bloomba/bloomba_ws/src/install/apriltag_msgs/share/apriltag_msgs/environment/library_path.sh
[1.771s] -- Up-to-date: /home/zhanger/tmp/bloomba/bloomba_ws/src/install/apriltag_msgs/share/apriltag_msgs/environment/library_path.dsv
[1.771s] -- Up-to-date: /home/zhanger/tmp/bloomba/bloomba_ws/src/install/apriltag_msgs/lib/libapriltag_msgs__rosidl_generator_c.so
[1.772s] -- Up-to-date: /home/zhanger/tmp/bloomba/bloomba_ws/src/install/apriltag_msgs/include/apriltag_msgs/apriltag_msgs
[1.772s] -- Up-to-date: /home/zhanger/tmp/bloomba/bloomba_ws/src/install/apriltag_msgs/include/apriltag_msgs/apriltag_msgs/msg
[1.772s] -- Up-to-date: /home/zhanger/tmp/bloomba/bloomba_ws/src/install/apriltag_msgs/include/apriltag_msgs/apriltag_msgs/msg/detail
[1.772s] -- Up-to-date: /home/zhanger/tmp/bloomba/bloomba_ws/src/install/apriltag_msgs/include/apriltag_msgs/apriltag_msgs/msg/detail/point__rosidl_typesupport_fastrtps_c.h
[1.772s] -- Up-to-date: /home/zhanger/tmp/bloomba/bloomba_ws/src/install/apriltag_msgs/include/apriltag_msgs/apriltag_msgs/msg/detail/april_tag_detection__rosidl_typesupport_fastrtps_c.h
[1.772s] -- Up-to-date: /home/zhanger/tmp/bloomba/bloomba_ws/src/install/apriltag_msgs/include/apriltag_msgs/apriltag_msgs/msg/detail/april_tag_detection_array__rosidl_typesupport_fastrtps_c.h
[1.772s] -- Up-to-date: /home/zhanger/tmp/bloomba/bloomba_ws/src/install/apriltag_msgs/include/apriltag_msgs/apriltag_msgs/msg/rosidl_typesupport_fastrtps_c__visibility_control.h
[1.773s] -- Up-to-date: /home/zhanger/tmp/bloomba/bloomba_ws/src/install/apriltag_msgs/lib/libapriltag_msgs__rosidl_typesupport_fastrtps_c.so
[1.773s] -- Up-to-date: /home/zhanger/tmp/bloomba/bloomba_ws/src/install/apriltag_msgs/include/apriltag_msgs/apriltag_msgs
[1.773s] -- Up-to-date: /home/zhanger/tmp/bloomba/bloomba_ws/src/install/apriltag_msgs/include/apriltag_msgs/apriltag_msgs/msg
[1.773s] -- Up-to-date: /home/zhanger/tmp/bloomba/bloomba_ws/src/install/apriltag_msgs/include/apriltag_msgs/apriltag_msgs/msg/rosidl_typesupport_introspection_c__visibility_control.h
[1.773s] -- Up-to-date: /home/zhanger/tmp/bloomba/bloomba_ws/src/install/apriltag_msgs/include/apriltag_msgs/apriltag_msgs/msg/detail
[1.773s] -- Up-to-date: /home/zhanger/tmp/bloomba/bloomba_ws/src/install/apriltag_msgs/include/apriltag_msgs/apriltag_msgs/msg/detail/april_tag_detection__type_support.c
[1.773s] -- Up-to-date: /home/zhanger/tmp/bloomba/bloomba_ws/src/install/apriltag_msgs/include/apriltag_msgs/apriltag_msgs/msg/detail/april_tag_detection__rosidl_typesupport_introspection_c.h
[1.773s] -- Up-to-date: /home/zhanger/tmp/bloomba/bloomba_ws/src/install/apriltag_msgs/include/apriltag_msgs/apriltag_msgs/msg/detail/april_tag_detection_array__rosidl_typesupport_introspection_c.h
[1.773s] -- Up-to-date: /home/zhanger/tmp/bloomba/bloomba_ws/src/install/apriltag_msgs/include/apriltag_msgs/apriltag_msgs/msg/detail/point__type_support.c
[1.773s] -- Up-to-date: /home/zhanger/tmp/bloomba/bloomba_ws/src/install/apriltag_msgs/include/apriltag_msgs/apriltag_msgs/msg/detail/april_tag_detection_array__type_support.c
[1.773s] -- Up-to-date: /home/zhanger/tmp/bloomba/bloomba_ws/src/install/apriltag_msgs/include/apriltag_msgs/apriltag_msgs/msg/detail/point__rosidl_typesupport_introspection_c.h
[1.774s] -- Up-to-date: /home/zhanger/tmp/bloomba/bloomba_ws/src/install/apriltag_msgs/lib/libapriltag_msgs__rosidl_typesupport_introspection_c.so
[1.774s] -- Up-to-date: /home/zhanger/tmp/bloomba/bloomba_ws/src/install/apriltag_msgs/lib/libapriltag_msgs__rosidl_typesupport_c.so
[1.774s] -- Up-to-date: /home/zhanger/tmp/bloomba/bloomba_ws/src/install/apriltag_msgs/include/apriltag_msgs/apriltag_msgs
[1.775s] -- Up-to-date: /home/zhanger/tmp/bloomba/bloomba_ws/src/install/apriltag_msgs/include/apriltag_msgs/apriltag_msgs/msg
[1.775s] -- Up-to-date: /home/zhanger/tmp/bloomba/bloomba_ws/src/install/apriltag_msgs/include/apriltag_msgs/apriltag_msgs/msg/april_tag_detection_array.hpp
[1.775s] -- Up-to-date: /home/zhanger/tmp/bloomba/bloomba_ws/src/install/apriltag_msgs/include/apriltag_msgs/apriltag_msgs/msg/point.hpp
[1.775s] -- Up-to-date: /home/zhanger/tmp/bloomba/bloomba_ws/src/install/apriltag_msgs/include/apriltag_msgs/apriltag_msgs/msg/detail
[1.776s] -- Up-to-date: /home/zhanger/tmp/bloomba/bloomba_ws/src/install/apriltag_msgs/include/apriltag_msgs/apriltag_msgs/msg/detail/april_tag_detection_array__builder.hpp
[1.776s] -- Up-to-date: /home/zhanger/tmp/bloomba/bloomba_ws/src/install/apriltag_msgs/include/apriltag_msgs/apriltag_msgs/msg/detail/april_tag_detection_array__struct.hpp
[1.776s] -- Up-to-date: /home/zhanger/tmp/bloomba/bloomba_ws/src/install/apriltag_msgs/include/apriltag_msgs/apriltag_msgs/msg/detail/point__traits.hpp
[1.776s] -- Up-to-date: /home/zhanger/tmp/bloomba/bloomba_ws/src/install/apriltag_msgs/include/apriltag_msgs/apriltag_msgs/msg/detail/point__struct.hpp
[1.776s] -- Up-to-date: /home/zhanger/tmp/bloomba/bloomba_ws/src/install/apriltag_msgs/include/apriltag_msgs/apriltag_msgs/msg/detail/point__builder.hpp
[1.776s] -- Up-to-date: /home/zhanger/tmp/bloomba/bloomba_ws/src/install/apriltag_msgs/include/apriltag_msgs/apriltag_msgs/msg/detail/april_tag_detection_array__traits.hpp
[1.776s] -- Up-to-date: /home/zhanger/tmp/bloomba/bloomba_ws/src/install/apriltag_msgs/include/apriltag_msgs/apriltag_msgs/msg/detail/april_tag_detection__struct.hpp
[1.776s] -- Up-to-date: /home/zhanger/tmp/bloomba/bloomba_ws/src/install/apriltag_msgs/include/apriltag_msgs/apriltag_msgs/msg/detail/april_tag_detection__builder.hpp
[1.776s] -- Up-to-date: /home/zhanger/tmp/bloomba/bloomba_ws/src/install/apriltag_msgs/include/apriltag_msgs/apriltag_msgs/msg/detail/april_tag_detection__traits.hpp
[1.777s] -- Up-to-date: /home/zhanger/tmp/bloomba/bloomba_ws/src/install/apriltag_msgs/include/apriltag_msgs/apriltag_msgs/msg/april_tag_detection.hpp
[1.777s] -- Up-to-date: /home/zhanger/tmp/bloomba/bloomba_ws/src/install/apriltag_msgs/include/apriltag_msgs/apriltag_msgs
[1.777s] -- Up-to-date: /home/zhanger/tmp/bloomba/bloomba_ws/src/install/apriltag_msgs/include/apriltag_msgs/apriltag_msgs/msg
[1.777s] -- Up-to-date: /home/zhanger/tmp/bloomba/bloomba_ws/src/install/apriltag_msgs/include/apriltag_msgs/apriltag_msgs/msg/rosidl_typesupport_fastrtps_cpp__visibility_control.h
[1.777s] -- Up-to-date: /home/zhanger/tmp/bloomba/bloomba_ws/src/install/apriltag_msgs/include/apriltag_msgs/apriltag_msgs/msg/detail
[1.777s] -- Up-to-date: /home/zhanger/tmp/bloomba/bloomba_ws/src/install/apriltag_msgs/include/apriltag_msgs/apriltag_msgs/msg/detail/april_tag_detection_array__rosidl_typesupport_fastrtps_cpp.hpp
[1.778s] -- Up-to-date: /home/zhanger/tmp/bloomba/bloomba_ws/src/install/apriltag_msgs/include/apriltag_msgs/apriltag_msgs/msg/detail/dds_fastrtps
[1.778s] -- Up-to-date: /home/zhanger/tmp/bloomba/bloomba_ws/src/install/apriltag_msgs/include/apriltag_msgs/apriltag_msgs/msg/detail/april_tag_detection__rosidl_typesupport_fastrtps_cpp.hpp
[1.778s] -- Up-to-date: /home/zhanger/tmp/bloomba/bloomba_ws/src/install/apriltag_msgs/include/apriltag_msgs/apriltag_msgs/msg/detail/point__rosidl_typesupport_fastrtps_cpp.hpp
[1.778s] -- Up-to-date: /home/zhanger/tmp/bloomba/bloomba_ws/src/install/apriltag_msgs/lib/libapriltag_msgs__rosidl_typesupport_fastrtps_cpp.so
[1.778s] -- Up-to-date: /home/zhanger/tmp/bloomba/bloomba_ws/src/install/apriltag_msgs/include/apriltag_msgs/apriltag_msgs
[1.778s] -- Up-to-date: /home/zhanger/tmp/bloomba/bloomba_ws/src/install/apriltag_msgs/include/apriltag_msgs/apriltag_msgs/msg
[1.778s] -- Up-to-date: /home/zhanger/tmp/bloomba/bloomba_ws/src/install/apriltag_msgs/include/apriltag_msgs/apriltag_msgs/msg/detail
[1.778s] -- Up-to-date: /home/zhanger/tmp/bloomba/bloomba_ws/src/install/apriltag_msgs/include/apriltag_msgs/apriltag_msgs/msg/detail/point__rosidl_typesupport_introspection_cpp.hpp
[1.778s] -- Up-to-date: /home/zhanger/tmp/bloomba/bloomba_ws/src/install/apriltag_msgs/include/apriltag_msgs/apriltag_msgs/msg/detail/april_tag_detection_array__rosidl_typesupport_introspection_cpp.hpp
[1.778s] -- Up-to-date: /home/zhanger/tmp/bloomba/bloomba_ws/src/install/apriltag_msgs/include/apriltag_msgs/apriltag_msgs/msg/detail/april_tag_detection_array__type_support.cpp
[1.779s] -- Up-to-date: /home/zhanger/tmp/bloomba/bloomba_ws/src/install/apriltag_msgs/include/apriltag_msgs/apriltag_msgs/msg/detail/april_tag_detection__type_support.cpp
[1.779s] -- Up-to-date: /home/zhanger/tmp/bloomba/bloomba_ws/src/install/apriltag_msgs/include/apriltag_msgs/apriltag_msgs/msg/detail/point__type_support.cpp
[1.779s] -- Up-to-date: /home/zhanger/tmp/bloomba/bloomba_ws/src/install/apriltag_msgs/include/apriltag_msgs/apriltag_msgs/msg/detail/april_tag_detection__rosidl_typesupport_introspection_cpp.hpp
[1.781s] -- Up-to-date: /home/zhanger/tmp/bloomba/bloomba_ws/src/install/apriltag_msgs/lib/libapriltag_msgs__rosidl_typesupport_introspection_cpp.so
[1.795s] -- Up-to-date: /home/zhanger/tmp/bloomba/bloomba_ws/src/install/apriltag_msgs/lib/libapriltag_msgs__rosidl_typesupport_cpp.so
[1.795s] -- Up-to-date: /home/zhanger/tmp/bloomba/bloomba_ws/src/install/apriltag_msgs/share/apriltag_msgs/environment/pythonpath.sh
[1.795s] -- Up-to-date: /home/zhanger/tmp/bloomba/bloomba_ws/src/install/apriltag_msgs/share/apriltag_msgs/environment/pythonpath.dsv
[1.795s] -- Up-to-date: /home/zhanger/tmp/bloomba/bloomba_ws/src/install/apriltag_msgs/local/lib/python3.10/dist-packages/apriltag_msgs-2.0.1-py3.10.egg-info
[1.796s] -- Installing: /home/zhanger/tmp/bloomba/bloomba_ws/src/install/apriltag_msgs/local/lib/python3.10/dist-packages/apriltag_msgs-2.0.1-py3.10.egg-info/top_level.txt
[1.796s] -- Installing: /home/zhanger/tmp/bloomba/bloomba_ws/src/install/apriltag_msgs/local/lib/python3.10/dist-packages/apriltag_msgs-2.0.1-py3.10.egg-info/dependency_links.txt
[1.796s] -- Installing: /home/zhanger/tmp/bloomba/bloomba_ws/src/install/apriltag_msgs/local/lib/python3.10/dist-packages/apriltag_msgs-2.0.1-py3.10.egg-info/PKG-INFO
[1.796s] -- Installing: /home/zhanger/tmp/bloomba/bloomba_ws/src/install/apriltag_msgs/local/lib/python3.10/dist-packages/apriltag_msgs-2.0.1-py3.10.egg-info/SOURCES.txt
[1.796s] -- Up-to-date: /home/zhanger/tmp/bloomba/bloomba_ws/src/install/apriltag_msgs/local/lib/python3.10/dist-packages/apriltag_msgs
[1.796s] -- Up-to-date: /home/zhanger/tmp/bloomba/bloomba_ws/src/install/apriltag_msgs/local/lib/python3.10/dist-packages/apriltag_msgs/apriltag_msgs_s__rosidl_typesupport_fastrtps_c.cpython-310-x86_64-linux-gnu.so
[1.796s] -- Up-to-date: /home/zhanger/tmp/bloomba/bloomba_ws/src/install/apriltag_msgs/local/lib/python3.10/dist-packages/apriltag_msgs/apriltag_msgs_s__rosidl_typesupport_introspection_c.cpython-310-x86_64-linux-gnu.so
[1.796s] -- Up-to-date: /home/zhanger/tmp/bloomba/bloomba_ws/src/install/apriltag_msgs/local/lib/python3.10/dist-packages/apriltag_msgs/__init__.py
[1.797s] -- Up-to-date: /home/zhanger/tmp/bloomba/bloomba_ws/src/install/apriltag_msgs/local/lib/python3.10/dist-packages/apriltag_msgs/msg
[1.797s] -- Up-to-date: /home/zhanger/tmp/bloomba/bloomba_ws/src/install/apriltag_msgs/local/lib/python3.10/dist-packages/apriltag_msgs/msg/__init__.py
[1.797s] -- Up-to-date: /home/zhanger/tmp/bloomba/bloomba_ws/src/install/apriltag_msgs/local/lib/python3.10/dist-packages/apriltag_msgs/msg/_april_tag_detection_s.c
[1.797s] -- Up-to-date: /home/zhanger/tmp/bloomba/bloomba_ws/src/install/apriltag_msgs/local/lib/python3.10/dist-packages/apriltag_msgs/msg/_april_tag_detection_array.py
[1.797s] -- Up-to-date: /home/zhanger/tmp/bloomba/bloomba_ws/src/install/apriltag_msgs/local/lib/python3.10/dist-packages/apriltag_msgs/msg/_april_tag_detection_array_s.c
[1.797s] -- Up-to-date: /home/zhanger/tmp/bloomba/bloomba_ws/src/install/apriltag_msgs/local/lib/python3.10/dist-packages/apriltag_msgs/msg/_point.py
[1.797s] -- Up-to-date: /home/zhanger/tmp/bloomba/bloomba_ws/src/install/apriltag_msgs/local/lib/python3.10/dist-packages/apriltag_msgs/msg/_point_s.c
[1.797s] -- Up-to-date: /home/zhanger/tmp/bloomba/bloomba_ws/src/install/apriltag_msgs/local/lib/python3.10/dist-packages/apriltag_msgs/msg/_april_tag_detection.py
[1.798s] -- Up-to-date: /home/zhanger/tmp/bloomba/bloomba_ws/src/install/apriltag_msgs/local/lib/python3.10/dist-packages/apriltag_msgs/_apriltag_msgs_s.ep.rosidl_typesupport_introspection_c.c
[1.798s] -- Up-to-date: /home/zhanger/tmp/bloomba/bloomba_ws/src/install/apriltag_msgs/local/lib/python3.10/dist-packages/apriltag_msgs/apriltag_msgs_s__rosidl_typesupport_c.cpython-310-x86_64-linux-gnu.so
[1.798s] -- Up-to-date: /home/zhanger/tmp/bloomba/bloomba_ws/src/install/apriltag_msgs/local/lib/python3.10/dist-packages/apriltag_msgs/_apriltag_msgs_s.ep.rosidl_typesupport_c.c
[1.798s] -- Up-to-date: /home/zhanger/tmp/bloomba/bloomba_ws/src/install/apriltag_msgs/local/lib/python3.10/dist-packages/apriltag_msgs/libapriltag_msgs__rosidl_generator_py.so
[1.798s] -- Up-to-date: /home/zhanger/tmp/bloomba/bloomba_ws/src/install/apriltag_msgs/local/lib/python3.10/dist-packages/apriltag_msgs/_apriltag_msgs_s.ep.rosidl_typesupport_fastrtps_c.c
[1.885s] Listing '/home/zhanger/tmp/bloomba/bloomba_ws/src/install/apriltag_msgs/local/lib/python3.10/dist-packages/apriltag_msgs'...
[1.885s] Listing '/home/zhanger/tmp/bloomba/bloomba_ws/src/install/apriltag_msgs/local/lib/python3.10/dist-packages/apriltag_msgs/msg'...
[1.895s] -- Up-to-date: /home/zhanger/tmp/bloomba/bloomba_ws/src/install/apriltag_msgs/local/lib/python3.10/dist-packages/apriltag_msgs/apriltag_msgs_s__rosidl_typesupport_fastrtps_c.cpython-310-x86_64-linux-gnu.so
[1.896s] -- Up-to-date: /home/zhanger/tmp/bloomba/bloomba_ws/src/install/apriltag_msgs/local/lib/python3.10/dist-packages/apriltag_msgs/apriltag_msgs_s__rosidl_typesupport_introspection_c.cpython-310-x86_64-linux-gnu.so
[1.897s] -- Up-to-date: /home/zhanger/tmp/bloomba/bloomba_ws/src/install/apriltag_msgs/local/lib/python3.10/dist-packages/apriltag_msgs/apriltag_msgs_s__rosidl_typesupport_c.cpython-310-x86_64-linux-gnu.so
[1.898s] -- Up-to-date: /home/zhanger/tmp/bloomba/bloomba_ws/src/install/apriltag_msgs/lib/libapriltag_msgs__rosidl_generator_py.so
[1.898s] -- Up-to-date: /home/zhanger/tmp/bloomba/bloomba_ws/src/install/apriltag_msgs/share/apriltag_msgs/msg/Point.idl
[1.899s] -- Up-to-date: /home/zhanger/tmp/bloomba/bloomba_ws/src/install/apriltag_msgs/share/apriltag_msgs/msg/AprilTagDetection.idl
[1.899s] -- Up-to-date: /home/zhanger/tmp/bloomba/bloomba_ws/src/install/apriltag_msgs/share/apriltag_msgs/msg/AprilTagDetectionArray.idl
[1.899s] -- Up-to-date: /home/zhanger/tmp/bloomba/bloomba_ws/src/install/apriltag_msgs/share/apriltag_msgs/msg/Point.msg
[1.899s] -- Up-to-date: /home/zhanger/tmp/bloomba/bloomba_ws/src/install/apriltag_msgs/share/apriltag_msgs/msg/AprilTagDetection.msg
[1.899s] -- Up-to-date: /home/zhanger/tmp/bloomba/bloomba_ws/src/install/apriltag_msgs/share/apriltag_msgs/msg/AprilTagDetectionArray.msg
[1.899s] -- Up-to-date: /home/zhanger/tmp/bloomba/bloomba_ws/src/install/apriltag_msgs/share/ament_index/resource_index/package_run_dependencies/apriltag_msgs
[1.900s] -- Up-to-date: /home/zhanger/tmp/bloomba/bloomba_ws/src/install/apriltag_msgs/share/ament_index/resource_index/parent_prefix_path/apriltag_msgs
[1.901s] -- Up-to-date: /home/zhanger/tmp/bloomba/bloomba_ws/src/install/apriltag_msgs/share/apriltag_msgs/environment/ament_prefix_path.sh
[1.901s] -- Up-to-date: /home/zhanger/tmp/bloomba/bloomba_ws/src/install/apriltag_msgs/share/apriltag_msgs/environment/ament_prefix_path.dsv
[1.901s] -- Up-to-date: /home/zhanger/tmp/bloomba/bloomba_ws/src/install/apriltag_msgs/share/apriltag_msgs/environment/path.sh
[1.901s] -- Up-to-date: /home/zhanger/tmp/bloomba/bloomba_ws/src/install/apriltag_msgs/share/apriltag_msgs/environment/path.dsv
[1.901s] -- Up-to-date: /home/zhanger/tmp/bloomba/bloomba_ws/src/install/apriltag_msgs/share/apriltag_msgs/local_setup.bash
[1.901s] -- Up-to-date: /home/zhanger/tmp/bloomba/bloomba_ws/src/install/apriltag_msgs/share/apriltag_msgs/local_setup.sh
[1.901s] -- Up-to-date: /home/zhanger/tmp/bloomba/bloomba_ws/src/install/apriltag_msgs/share/apriltag_msgs/local_setup.zsh
[1.901s] -- Up-to-date: /home/zhanger/tmp/bloomba/bloomba_ws/src/install/apriltag_msgs/share/apriltag_msgs/local_setup.dsv
[1.901s] -- Installing: /home/zhanger/tmp/bloomba/bloomba_ws/src/install/apriltag_msgs/share/apriltag_msgs/package.dsv
[1.902s] -- Up-to-date: /home/zhanger/tmp/bloomba/bloomba_ws/src/install/apriltag_msgs/share/ament_index/resource_index/packages/apriltag_msgs
[1.904s] -- Up-to-date: /home/zhanger/tmp/bloomba/bloomba_ws/src/install/apriltag_msgs/share/apriltag_msgs/cmake/export_apriltag_msgs__rosidl_generator_cExport.cmake
[1.904s] -- Up-to-date: /home/zhanger/tmp/bloomba/bloomba_ws/src/install/apriltag_msgs/share/apriltag_msgs/cmake/export_apriltag_msgs__rosidl_generator_cExport-noconfig.cmake
[1.904s] -- Up-to-date: /home/zhanger/tmp/bloomba/bloomba_ws/src/install/apriltag_msgs/share/apriltag_msgs/cmake/export_apriltag_msgs__rosidl_typesupport_fastrtps_cExport.cmake
[1.905s] -- Up-to-date: /home/zhanger/tmp/bloomba/bloomba_ws/src/install/apriltag_msgs/share/apriltag_msgs/cmake/export_apriltag_msgs__rosidl_typesupport_fastrtps_cExport-noconfig.cmake
[1.905s] -- Up-to-date: /home/zhanger/tmp/bloomba/bloomba_ws/src/install/apriltag_msgs/share/apriltag_msgs/cmake/apriltag_msgs__rosidl_typesupport_introspection_cExport.cmake
[1.905s] -- Up-to-date: /home/zhanger/tmp/bloomba/bloomba_ws/src/install/apriltag_msgs/share/apriltag_msgs/cmake/apriltag_msgs__rosidl_typesupport_introspection_cExport-noconfig.cmake
[1.905s] -- Up-to-date: /home/zhanger/tmp/bloomba/bloomba_ws/src/install/apriltag_msgs/share/apriltag_msgs/cmake/apriltag_msgs__rosidl_typesupport_cExport.cmake
[1.905s] -- Up-to-date: /home/zhanger/tmp/bloomba/bloomba_ws/src/install/apriltag_msgs/share/apriltag_msgs/cmake/apriltag_msgs__rosidl_typesupport_cExport-noconfig.cmake
[1.906s] -- Up-to-date: /home/zhanger/tmp/bloomba/bloomba_ws/src/install/apriltag_msgs/share/apriltag_msgs/cmake/export_apriltag_msgs__rosidl_generator_cppExport.cmake
[1.906s] -- Up-to-date: /home/zhanger/tmp/bloomba/bloomba_ws/src/install/apriltag_msgs/share/apriltag_msgs/cmake/export_apriltag_msgs__rosidl_typesupport_fastrtps_cppExport.cmake
[1.906s] -- Up-to-date: /home/zhanger/tmp/bloomba/bloomba_ws/src/install/apriltag_msgs/share/apriltag_msgs/cmake/export_apriltag_msgs__rosidl_typesupport_fastrtps_cppExport-noconfig.cmake
[1.906s] -- Up-to-date: /home/zhanger/tmp/bloomba/bloomba_ws/src/install/apriltag_msgs/share/apriltag_msgs/cmake/apriltag_msgs__rosidl_typesupport_introspection_cppExport.cmake
[1.907s] -- Up-to-date: /home/zhanger/tmp/bloomba/bloomba_ws/src/install/apriltag_msgs/share/apriltag_msgs/cmake/apriltag_msgs__rosidl_typesupport_introspection_cppExport-noconfig.cmake
[1.907s] -- Up-to-date: /home/zhanger/tmp/bloomba/bloomba_ws/src/install/apriltag_msgs/share/apriltag_msgs/cmake/apriltag_msgs__rosidl_typesupport_cppExport.cmake
[1.907s] -- Up-to-date: /home/zhanger/tmp/bloomba/bloomba_ws/src/install/apriltag_msgs/share/apriltag_msgs/cmake/apriltag_msgs__rosidl_typesupport_cppExport-noconfig.cmake
[1.908s] -- Up-to-date: /home/zhanger/tmp/bloomba/bloomba_ws/src/install/apriltag_msgs/share/apriltag_msgs/cmake/export_apriltag_msgs__rosidl_generator_pyExport.cmake
[1.908s] -- Up-to-date: /home/zhanger/tmp/bloomba/bloomba_ws/src/install/apriltag_msgs/share/apriltag_msgs/cmake/export_apriltag_msgs__rosidl_generator_pyExport-noconfig.cmake
[1.909s] -- Up-to-date: /home/zhanger/tmp/bloomba/bloomba_ws/src/install/apriltag_msgs/share/apriltag_msgs/cmake/rosidl_cmake-extras.cmake
[1.909s] -- Up-to-date: /home/zhanger/tmp/bloomba/bloomba_ws/src/install/apriltag_msgs/share/apriltag_msgs/cmake/ament_cmake_export_dependencies-extras.cmake
[1.909s] -- Up-to-date: /home/zhanger/tmp/bloomba/bloomba_ws/src/install/apriltag_msgs/share/apriltag_msgs/cmake/ament_cmake_export_include_directories-extras.cmake
[1.909s] -- Up-to-date: /home/zhanger/tmp/bloomba/bloomba_ws/src/install/apriltag_msgs/share/apriltag_msgs/cmake/ament_cmake_export_libraries-extras.cmake
[1.910s] -- Up-to-date: /home/zhanger/tmp/bloomba/bloomba_ws/src/install/apriltag_msgs/share/apriltag_msgs/cmake/ament_cmake_export_targets-extras.cmake
[1.910s] -- Up-to-date: /home/zhanger/tmp/bloomba/bloomba_ws/src/install/apriltag_msgs/share/apriltag_msgs/cmake/rosidl_cmake_export_typesupport_targets-extras.cmake
[1.910s] -- Up-to-date: /home/zhanger/tmp/bloomba/bloomba_ws/src/install/apriltag_msgs/share/apriltag_msgs/cmake/rosidl_cmake_export_typesupport_libraries-extras.cmake
[1.910s] -- Up-to-date: /home/zhanger/tmp/bloomba/bloomba_ws/src/install/apriltag_msgs/share/apriltag_msgs/cmake/apriltag_msgsConfig.cmake
[1.911s] -- Up-to-date: /home/zhanger/tmp/bloomba/bloomba_ws/src/install/apriltag_msgs/share/apriltag_msgs/cmake/apriltag_msgsConfig-version.cmake
[1.911s] -- Up-to-date: /home/zhanger/tmp/bloomba/bloomba_ws/src/install/apriltag_msgs/share/apriltag_msgs/package.xml
[1.926s] Invoked command in '/home/zhanger/tmp/bloomba/bloomba_ws/src/build/apriltag_msgs' returned '0': CMAKE_PREFIX_PATH=${CMAKE_PREFIX_PATH}:/home/zhanger/tmp/bloomba/bloomba_ws/install/plant_docking:/home/zhanger/tmp/bloomba/bloomba_ws/install/learning_tf2_py:/home/zhanger/tmp/bloomba/bloomba_ws/install/bloomba_slam:/home/zhanger/tmp/bloomba/bloomba_ws/install/bloomba_navigation:/home/zhanger/tmp/bloomba/bloomba_ws/install/bloomba_docking:/opt/ros/humble /usr/bin/cmake --install /home/zhanger/tmp/bloomba/bloomba_ws/src/build/apriltag_msgs
