[0.068s] Invoking command in '/home/zhanger/tmp/bloomba/bloomba_ws/src/build/lake_harbour_office_gazebo': CMAKE_PREFIX_PATH=${CMAKE_PREFIX_PATH}:/home/zhanger/tmp/bloomba/bloomba_ws/install/plant_docking:/home/zhanger/tmp/bloomba/bloomba_ws/install/learning_tf2_py:/home/zhanger/tmp/bloomba/bloomba_ws/install/bloomba_slam:/home/zhanger/tmp/bloomba/bloomba_ws/install/bloomba_navigation:/home/zhanger/tmp/bloomba/bloomba_ws/install/bloomba_docking:/opt/ros/humble /usr/bin/cmake /home/zhanger/tmp/bloomba/bloomba_ws/src/bloomba_sim/lake_harbour_office_gazebo -DCMAKE_INSTALL_PREFIX=/home/zhanger/tmp/bloomba/bloomba_ws/src/install/lake_harbour_office_gazebo
[0.247s] -- The C compiler identification is GNU 11.3.0
[0.409s] -- The CXX compiler identification is GNU 11.3.0
[0.436s] -- Detecting C compiler ABI info
[0.865s] -- Detecting C compiler ABI info - done
[0.899s] -- Check for working C compiler: /usr/bin/cc - skipped
[0.900s] -- Detecting C compile features
[0.903s] -- Detecting C compile features - done
[0.924s] -- Detecting CXX compiler ABI info
[1.356s] -- Detecting CXX compiler ABI info - done
[1.390s] -- Check for working CXX compiler: /usr/bin/c++ - skipped
[1.390s] -- Detecting CXX compile features
[1.391s] -- Detecting CXX compile features - done
[1.408s] -- Found ament_cmake: 1.3.3 (/opt/ros/humble/share/ament_cmake/cmake)
[1.892s] -- Found Python3: /usr/bin/python3.10 (found version "3.10.6") found components: Interpreter 
[2.170s] -- Found ament_lint_auto: 0.12.5 (/opt/ros/humble/share/ament_lint_auto/cmake)
[2.435s] -- Added test 'lint_cmake' to check CMake code style
[2.440s] -- Added test 'xmllint' to check XML markup files
[2.447s] -- Configuring done
[2.464s] -- Generating done
[2.466s] -- Build files have been written to: /home/zhanger/tmp/bloomba/bloomba_ws/src/build/lake_harbour_office_gazebo
[3.021s] Invoked command in '/home/zhanger/tmp/bloomba/bloomba_ws/src/build/lake_harbour_office_gazebo' returned '0': CMAKE_PREFIX_PATH=${CMAKE_PREFIX_PATH}:/home/zhanger/tmp/bloomba/bloomba_ws/install/plant_docking:/home/zhanger/tmp/bloomba/bloomba_ws/install/learning_tf2_py:/home/zhanger/tmp/bloomba/bloomba_ws/install/bloomba_slam:/home/zhanger/tmp/bloomba/bloomba_ws/install/bloomba_navigation:/home/zhanger/tmp/bloomba/bloomba_ws/install/bloomba_docking:/opt/ros/humble /usr/bin/cmake /home/zhanger/tmp/bloomba/bloomba_ws/src/bloomba_sim/lake_harbour_office_gazebo -DCMAKE_INSTALL_PREFIX=/home/zhanger/tmp/bloomba/bloomba_ws/src/install/lake_harbour_office_gazebo
[3.021s] Invoking command in '/home/zhanger/tmp/bloomba/bloomba_ws/src/build/lake_harbour_office_gazebo': CMAKE_PREFIX_PATH=${CMAKE_PREFIX_PATH}:/home/zhanger/tmp/bloomba/bloomba_ws/install/plant_docking:/home/zhanger/tmp/bloomba/bloomba_ws/install/learning_tf2_py:/home/zhanger/tmp/bloomba/bloomba_ws/install/bloomba_slam:/home/zhanger/tmp/bloomba/bloomba_ws/install/bloomba_navigation:/home/zhanger/tmp/bloomba/bloomba_ws/install/bloomba_docking:/opt/ros/humble /usr/bin/cmake --build /home/zhanger/tmp/bloomba/bloomba_ws/src/build/lake_harbour_office_gazebo -- -j4 -l4
[3.170s] Invoked command in '/home/zhanger/tmp/bloomba/bloomba_ws/src/build/lake_harbour_office_gazebo' returned '0': CMAKE_PREFIX_PATH=${CMAKE_PREFIX_PATH}:/home/zhanger/tmp/bloomba/bloomba_ws/install/plant_docking:/home/zhanger/tmp/bloomba/bloomba_ws/install/learning_tf2_py:/home/zhanger/tmp/bloomba/bloomba_ws/install/bloomba_slam:/home/zhanger/tmp/bloomba/bloomba_ws/install/bloomba_navigation:/home/zhanger/tmp/bloomba/bloomba_ws/install/bloomba_docking:/opt/ros/humble /usr/bin/cmake --build /home/zhanger/tmp/bloomba/bloomba_ws/src/build/lake_harbour_office_gazebo -- -j4 -l4
[3.429s] Invoking command in '/home/zhanger/tmp/bloomba/bloomba_ws/src/build/lake_harbour_office_gazebo': CMAKE_PREFIX_PATH=${CMAKE_PREFIX_PATH}:/home/zhanger/tmp/bloomba/bloomba_ws/install/plant_docking:/home/zhanger/tmp/bloomba/bloomba_ws/install/learning_tf2_py:/home/zhanger/tmp/bloomba/bloomba_ws/install/bloomba_slam:/home/zhanger/tmp/bloomba/bloomba_ws/install/bloomba_navigation:/home/zhanger/tmp/bloomba/bloomba_ws/install/bloomba_docking:/opt/ros/humble /usr/bin/cmake --install /home/zhanger/tmp/bloomba/bloomba_ws/src/build/lake_harbour_office_gazebo
[3.446s] -- Install configuration: ""
[3.446s] -- Installing: /home/zhanger/tmp/bloomba/bloomba_ws/src/install/lake_harbour_office_gazebo/share/lake_harbour_office_gazebo/models
[3.446s] -- Installing: /home/zhanger/tmp/bloomba/bloomba_ws/src/install/lake_harbour_office_gazebo/share/lake_harbour_office_gazebo/models/lake_harbour_office
[3.446s] -- Installing: /home/zhanger/tmp/bloomba/bloomba_ws/src/install/lake_harbour_office_gazebo/share/lake_harbour_office_gazebo/models/lake_harbour_office/model.config
[3.448s] -- Installing: /home/zhanger/tmp/bloomba/bloomba_ws/src/install/lake_harbour_office_gazebo/share/lake_harbour_office_gazebo/models/lake_harbour_office/model.sdf
[3.457s] -- Installing: /home/zhanger/tmp/bloomba/bloomba_ws/src/install/lake_harbour_office_gazebo/share/lake_harbour_office_gazebo/worlds
[3.457s] -- Installing: /home/zhanger/tmp/bloomba/bloomba_ws/src/install/lake_harbour_office_gazebo/share/lake_harbour_office_gazebo/worlds/office.world
[3.459s] -- Installing: /home/zhanger/tmp/bloomba/bloomba_ws/src/install/lake_harbour_office_gazebo/share/ament_index/resource_index/package_run_dependencies/lake_harbour_office_gazebo
[3.459s] -- Installing: /home/zhanger/tmp/bloomba/bloomba_ws/src/install/lake_harbour_office_gazebo/share/ament_index/resource_index/parent_prefix_path/lake_harbour_office_gazebo
[3.460s] -- Installing: /home/zhanger/tmp/bloomba/bloomba_ws/src/install/lake_harbour_office_gazebo/share/lake_harbour_office_gazebo/environment/ament_prefix_path.sh
[3.460s] -- Installing: /home/zhanger/tmp/bloomba/bloomba_ws/src/install/lake_harbour_office_gazebo/share/lake_harbour_office_gazebo/environment/ament_prefix_path.dsv
[3.460s] -- Installing: /home/zhanger/tmp/bloomba/bloomba_ws/src/install/lake_harbour_office_gazebo/share/lake_harbour_office_gazebo/environment/path.sh
[3.460s] -- Installing: /home/zhanger/tmp/bloomba/bloomba_ws/src/install/lake_harbour_office_gazebo/share/lake_harbour_office_gazebo/environment/path.dsv
[3.461s] -- Installing: /home/zhanger/tmp/bloomba/bloomba_ws/src/install/lake_harbour_office_gazebo/share/lake_harbour_office_gazebo/local_setup.bash
[3.461s] -- Installing: /home/zhanger/tmp/bloomba/bloomba_ws/src/install/lake_harbour_office_gazebo/share/lake_harbour_office_gazebo/local_setup.sh
[3.461s] -- Installing: /home/zhanger/tmp/bloomba/bloomba_ws/src/install/lake_harbour_office_gazebo/share/lake_harbour_office_gazebo/local_setup.zsh
[3.461s] -- Installing: /home/zhanger/tmp/bloomba/bloomba_ws/src/install/lake_harbour_office_gazebo/share/lake_harbour_office_gazebo/local_setup.dsv
[3.462s] -- Installing: /home/zhanger/tmp/bloomba/bloomba_ws/src/install/lake_harbour_office_gazebo/share/lake_harbour_office_gazebo/package.dsv
[3.463s] -- Installing: /home/zhanger/tmp/bloomba/bloomba_ws/src/install/lake_harbour_office_gazebo/share/ament_index/resource_index/packages/lake_harbour_office_gazebo
[3.463s] -- Installing: /home/zhanger/tmp/bloomba/bloomba_ws/src/install/lake_harbour_office_gazebo/share/lake_harbour_office_gazebo/cmake/lake_harbour_office_gazeboConfig.cmake
[3.463s] -- Installing: /home/zhanger/tmp/bloomba/bloomba_ws/src/install/lake_harbour_office_gazebo/share/lake_harbour_office_gazebo/cmake/lake_harbour_office_gazeboConfig-version.cmake
[3.463s] -- Installing: /home/zhanger/tmp/bloomba/bloomba_ws/src/install/lake_harbour_office_gazebo/share/lake_harbour_office_gazebo/package.xml
[3.472s] Invoked command in '/home/zhanger/tmp/bloomba/bloomba_ws/src/build/lake_harbour_office_gazebo' returned '0': CMAKE_PREFIX_PATH=${CMAKE_PREFIX_PATH}:/home/zhanger/tmp/bloomba/bloomba_ws/install/plant_docking:/home/zhanger/tmp/bloomba/bloomba_ws/install/learning_tf2_py:/home/zhanger/tmp/bloomba/bloomba_ws/install/bloomba_slam:/home/zhanger/tmp/bloomba/bloomba_ws/install/bloomba_navigation:/home/zhanger/tmp/bloomba/bloomba_ws/install/bloomba_docking:/opt/ros/humble /usr/bin/cmake --install /home/zhanger/tmp/bloomba/bloomba_ws/src/build/lake_harbour_office_gazebo
