[0.034s] Invoking command in '/home/zhanger/tmp/bloomba/bloomba_ws/src/build/irobot_create_description': CMAKE_PREFIX_PATH=${CMAKE_PREFIX_PATH}:/home/zhanger/tmp/bloomba/bloomba_ws/install/plant_docking:/home/zhanger/tmp/bloomba/bloomba_ws/install/learning_tf2_py:/home/zhanger/tmp/bloomba/bloomba_ws/install/bloomba_slam:/home/zhanger/tmp/bloomba/bloomba_ws/install/bloomba_navigation:/home/zhanger/tmp/bloomba/bloomba_ws/install/bloomba_docking:/opt/ros/humble /usr/bin/cmake /home/zhanger/tmp/bloomba/bloomba_ws/src/bloomba_sim/irobot_create_common/irobot_create_description -DCMAKE_INSTALL_PREFIX=/home/zhanger/tmp/bloomba/bloomba_ws/src/install/irobot_create_description
[0.214s] -- The C compiler identification is GNU 11.3.0
[0.409s] -- The CXX compiler identification is GNU 11.3.0
[0.455s] -- Detecting C compiler ABI info
[0.646s] -- Detecting C compiler ABI info - done
[0.667s] -- Check for working C compiler: /usr/bin/cc - skipped
[0.667s] -- Detecting C compile features
[0.668s] -- Detecting C compile features - done
[0.672s] -- Detecting CXX compiler ABI info
[0.985s] -- Detecting CXX compiler ABI info - done
[1.014s] -- Check for working CXX compiler: /usr/bin/c++ - skipped
[1.015s] -- Detecting CXX compile features
[1.016s] -- Detecting CXX compile features - done
[1.042s] -- Found ament_cmake: 1.3.3 (/opt/ros/humble/share/ament_cmake/cmake)
[1.436s] -- Found Python3: /usr/bin/python3.10 (found version "3.10.6") found components: Interpreter 
[1.697s] -- Found ament_lint_auto: 0.12.5 (/opt/ros/humble/share/ament_lint_auto/cmake)
[1.854s] -- Added test 'lint_cmake' to check CMake code style
[1.858s] -- Configuring done
[1.862s] -- Generating done
[1.864s] -- Build files have been written to: /home/zhanger/tmp/bloomba/bloomba_ws/src/build/irobot_create_description
[1.882s] Invoked command in '/home/zhanger/tmp/bloomba/bloomba_ws/src/build/irobot_create_description' returned '0': CMAKE_PREFIX_PATH=${CMAKE_PREFIX_PATH}:/home/zhanger/tmp/bloomba/bloomba_ws/install/plant_docking:/home/zhanger/tmp/bloomba/bloomba_ws/install/learning_tf2_py:/home/zhanger/tmp/bloomba/bloomba_ws/install/bloomba_slam:/home/zhanger/tmp/bloomba/bloomba_ws/install/bloomba_navigation:/home/zhanger/tmp/bloomba/bloomba_ws/install/bloomba_docking:/opt/ros/humble /usr/bin/cmake /home/zhanger/tmp/bloomba/bloomba_ws/src/bloomba_sim/irobot_create_common/irobot_create_description -DCMAKE_INSTALL_PREFIX=/home/zhanger/tmp/bloomba/bloomba_ws/src/install/irobot_create_description
[1.886s] Invoking command in '/home/zhanger/tmp/bloomba/bloomba_ws/src/build/irobot_create_description': CMAKE_PREFIX_PATH=${CMAKE_PREFIX_PATH}:/home/zhanger/tmp/bloomba/bloomba_ws/install/plant_docking:/home/zhanger/tmp/bloomba/bloomba_ws/install/learning_tf2_py:/home/zhanger/tmp/bloomba/bloomba_ws/install/bloomba_slam:/home/zhanger/tmp/bloomba/bloomba_ws/install/bloomba_navigation:/home/zhanger/tmp/bloomba/bloomba_ws/install/bloomba_docking:/opt/ros/humble /usr/bin/cmake --build /home/zhanger/tmp/bloomba/bloomba_ws/src/build/irobot_create_description -- -j4 -l4
[1.960s] Invoked command in '/home/zhanger/tmp/bloomba/bloomba_ws/src/build/irobot_create_description' returned '0': CMAKE_PREFIX_PATH=${CMAKE_PREFIX_PATH}:/home/zhanger/tmp/bloomba/bloomba_ws/install/plant_docking:/home/zhanger/tmp/bloomba/bloomba_ws/install/learning_tf2_py:/home/zhanger/tmp/bloomba/bloomba_ws/install/bloomba_slam:/home/zhanger/tmp/bloomba/bloomba_ws/install/bloomba_navigation:/home/zhanger/tmp/bloomba/bloomba_ws/install/bloomba_docking:/opt/ros/humble /usr/bin/cmake --build /home/zhanger/tmp/bloomba/bloomba_ws/src/build/irobot_create_description -- -j4 -l4
[2.023s] Invoking command in '/home/zhanger/tmp/bloomba/bloomba_ws/src/build/irobot_create_description': CMAKE_PREFIX_PATH=${CMAKE_PREFIX_PATH}:/home/zhanger/tmp/bloomba/bloomba_ws/install/plant_docking:/home/zhanger/tmp/bloomba/bloomba_ws/install/learning_tf2_py:/home/zhanger/tmp/bloomba/bloomba_ws/install/bloomba_slam:/home/zhanger/tmp/bloomba/bloomba_ws/install/bloomba_navigation:/home/zhanger/tmp/bloomba/bloomba_ws/install/bloomba_docking:/opt/ros/humble /usr/bin/cmake --install /home/zhanger/tmp/bloomba/bloomba_ws/src/build/irobot_create_description
[2.035s] -- Install configuration: ""
[2.036s] -- Installing: /home/zhanger/tmp/bloomba/bloomba_ws/src/install/irobot_create_description/share/irobot_create_description//meshes
[2.036s] -- Installing: /home/zhanger/tmp/bloomba/bloomba_ws/src/install/irobot_create_description/share/irobot_create_description//meshes/dock
[2.036s] -- Installing: /home/zhanger/tmp/bloomba/bloomba_ws/src/install/irobot_create_description/share/irobot_create_description//meshes/dock/visual.dae
[2.076s] -- Installing: /home/zhanger/tmp/bloomba/bloomba_ws/src/install/irobot_create_description/share/irobot_create_description//meshes/bumper_visual.dae
[2.078s] -- Installing: /home/zhanger/tmp/bloomba/bloomba_ws/src/install/irobot_create_description/share/irobot_create_description//meshes/bumper_collision.dae
[2.079s] -- Installing: /home/zhanger/tmp/bloomba/bloomba_ws/src/install/irobot_create_description/share/irobot_create_description//meshes/body_visual.dae
[2.084s] -- Installing: /home/zhanger/tmp/bloomba/bloomba_ws/src/install/irobot_create_description/share/irobot_create_description//urdf
[2.084s] -- Installing: /home/zhanger/tmp/bloomba/bloomba_ws/src/install/irobot_create_description/share/irobot_create_description//urdf/wheel.urdf.xacro
[2.085s] -- Installing: /home/zhanger/tmp/bloomba/bloomba_ws/src/install/irobot_create_description/share/irobot_create_description//urdf/dock
[2.086s] -- Installing: /home/zhanger/tmp/bloomba/bloomba_ws/src/install/irobot_create_description/share/irobot_create_description//urdf/dock/ir_emitter.urdf.xacro
[2.094s] -- Installing: /home/zhanger/tmp/bloomba/bloomba_ws/src/install/irobot_create_description/share/irobot_create_description//urdf/dock/standard_dock.urdf.xacro
[2.095s] -- Installing: /home/zhanger/tmp/bloomba/bloomba_ws/src/install/irobot_create_description/share/irobot_create_description//urdf/wheel_with_wheeldrop.urdf.xacro
[2.095s] -- Installing: /home/zhanger/tmp/bloomba/bloomba_ws/src/install/irobot_create_description/share/irobot_create_description//urdf/common_properties.urdf.xacro
[2.095s] -- Installing: /home/zhanger/tmp/bloomba/bloomba_ws/src/install/irobot_create_description/share/irobot_create_description//urdf/button.urdf.xacro
[2.095s] -- Installing: /home/zhanger/tmp/bloomba/bloomba_ws/src/install/irobot_create_description/share/irobot_create_description//urdf/create3.urdf.xacro
[2.102s] -- Installing: /home/zhanger/tmp/bloomba/bloomba_ws/src/install/irobot_create_description/share/irobot_create_description//urdf/bumper.urdf.xacro
[2.102s] -- Installing: /home/zhanger/tmp/bloomba/bloomba_ws/src/install/irobot_create_description/share/irobot_create_description//urdf/caster.urdf.xacro
[2.102s] -- Installing: /home/zhanger/tmp/bloomba/bloomba_ws/src/install/irobot_create_description/share/irobot_create_description//urdf/sensors
[2.102s] -- Installing: /home/zhanger/tmp/bloomba/bloomba_ws/src/install/irobot_create_description/share/irobot_create_description//urdf/sensors/imu.urdf.xacro
[2.103s] -- Installing: /home/zhanger/tmp/bloomba/bloomba_ws/src/install/irobot_create_description/share/irobot_create_description//urdf/sensors/ir_intensity.urdf.xacro
[2.103s] -- Installing: /home/zhanger/tmp/bloomba/bloomba_ws/src/install/irobot_create_description/share/irobot_create_description//urdf/sensors/ir_opcode_receivers.urdf.xacro
[2.104s] -- Installing: /home/zhanger/tmp/bloomba/bloomba_ws/src/install/irobot_create_description/share/irobot_create_description//urdf/sensors/cliff_sensor.urdf.xacro
[2.104s] -- Installing: /home/zhanger/tmp/bloomba/bloomba_ws/src/install/irobot_create_description/share/irobot_create_description//urdf/sensors/lidar.urdf.xacro
[2.104s] -- Installing: /home/zhanger/tmp/bloomba/bloomba_ws/src/install/irobot_create_description/share/irobot_create_description//urdf/sensors/optical_mouse.urdf.xacro
[2.104s] -- Installing: /home/zhanger/tmp/bloomba/bloomba_ws/src/install/irobot_create_description/share/irobot_create_description//urdf/wheel_drop.urdf.xacro
[2.105s] -- Installing: /home/zhanger/tmp/bloomba/bloomba_ws/src/install/irobot_create_description/share/ament_index/resource_index/package_run_dependencies/irobot_create_description
[2.105s] -- Installing: /home/zhanger/tmp/bloomba/bloomba_ws/src/install/irobot_create_description/share/ament_index/resource_index/parent_prefix_path/irobot_create_description
[2.107s] -- Installing: /home/zhanger/tmp/bloomba/bloomba_ws/src/install/irobot_create_description/share/irobot_create_description/environment/ament_prefix_path.sh
[2.107s] -- Installing: /home/zhanger/tmp/bloomba/bloomba_ws/src/install/irobot_create_description/share/irobot_create_description/environment/ament_prefix_path.dsv
[2.108s] -- Installing: /home/zhanger/tmp/bloomba/bloomba_ws/src/install/irobot_create_description/share/irobot_create_description/environment/path.sh
[2.108s] -- Installing: /home/zhanger/tmp/bloomba/bloomba_ws/src/install/irobot_create_description/share/irobot_create_description/environment/path.dsv
[2.108s] -- Installing: /home/zhanger/tmp/bloomba/bloomba_ws/src/install/irobot_create_description/share/irobot_create_description/local_setup.bash
[2.108s] -- Installing: /home/zhanger/tmp/bloomba/bloomba_ws/src/install/irobot_create_description/share/irobot_create_description/local_setup.sh
[2.108s] -- Installing: /home/zhanger/tmp/bloomba/bloomba_ws/src/install/irobot_create_description/share/irobot_create_description/local_setup.zsh
[2.108s] -- Installing: /home/zhanger/tmp/bloomba/bloomba_ws/src/install/irobot_create_description/share/irobot_create_description/local_setup.dsv
[2.108s] -- Installing: /home/zhanger/tmp/bloomba/bloomba_ws/src/install/irobot_create_description/share/irobot_create_description/package.dsv
[2.108s] -- Installing: /home/zhanger/tmp/bloomba/bloomba_ws/src/install/irobot_create_description/share/ament_index/resource_index/packages/irobot_create_description
[2.108s] -- Installing: /home/zhanger/tmp/bloomba/bloomba_ws/src/install/irobot_create_description/share/irobot_create_description/cmake/irobot_create_descriptionConfig.cmake
[2.108s] -- Installing: /home/zhanger/tmp/bloomba/bloomba_ws/src/install/irobot_create_description/share/irobot_create_description/cmake/irobot_create_descriptionConfig-version.cmake
[2.109s] -- Installing: /home/zhanger/tmp/bloomba/bloomba_ws/src/install/irobot_create_description/share/irobot_create_description/package.xml
[2.132s] Invoked command in '/home/zhanger/tmp/bloomba/bloomba_ws/src/build/irobot_create_description' returned '0': CMAKE_PREFIX_PATH=${CMAKE_PREFIX_PATH}:/home/zhanger/tmp/bloomba/bloomba_ws/install/plant_docking:/home/zhanger/tmp/bloomba/bloomba_ws/install/learning_tf2_py:/home/zhanger/tmp/bloomba/bloomba_ws/install/bloomba_slam:/home/zhanger/tmp/bloomba/bloomba_ws/install/bloomba_navigation:/home/zhanger/tmp/bloomba/bloomba_ws/install/bloomba_docking:/opt/ros/humble /usr/bin/cmake --install /home/zhanger/tmp/bloomba/bloomba_ws/src/build/irobot_create_description
