running egg_info
creating ../build/plant_docking/plant_docking.egg-info
writing ../build/plant_docking/plant_docking.egg-info/PKG-INFO
writing dependency_links to ../build/plant_docking/plant_docking.egg-info/dependency_links.txt
writing entry points to ../build/plant_docking/plant_docking.egg-info/entry_points.txt
writing requirements to ../build/plant_docking/plant_docking.egg-info/requires.txt
writing top-level names to ../build/plant_docking/plant_docking.egg-info/top_level.txt
writing manifest file '../build/plant_docking/plant_docking.egg-info/SOURCES.txt'
reading manifest file '../build/plant_docking/plant_docking.egg-info/SOURCES.txt'
writing manifest file '../build/plant_docking/plant_docking.egg-info/SOURCES.txt'
running build
running build_py
creating /home/zhanger/tmp/bloomba/bloomba_ws/src/build/plant_docking/build
creating /home/zhanger/tmp/bloomba/bloomba_ws/src/build/plant_docking/build/lib
creating /home/zhanger/tmp/bloomba/bloomba_ws/src/build/plant_docking/build/lib/plant_docking
copying plant_docking/plant_docking_listen.py -> /home/zhanger/tmp/bloomba/bloomba_ws/src/build/plant_docking/build/lib/plant_docking
copying plant_docking/__init__.py -> /home/zhanger/tmp/bloomba/bloomba_ws/src/build/plant_docking/build/lib/plant_docking
copying plant_docking/plant_docking_talker.py -> /home/zhanger/tmp/bloomba/bloomba_ws/src/build/plant_docking/build/lib/plant_docking
copying plant_docking/plant_docking_tf_listen.py -> /home/zhanger/tmp/bloomba/bloomba_ws/src/build/plant_docking/build/lib/plant_docking
running install
running install_lib
creating /home/zhanger/tmp/bloomba/bloomba_ws/src/install/plant_docking/lib/python3.10/site-packages/plant_docking
copying /home/zhanger/tmp/bloomba/bloomba_ws/src/build/plant_docking/build/lib/plant_docking/plant_docking_listen.py -> /home/zhanger/tmp/bloomba/bloomba_ws/src/install/plant_docking/lib/python3.10/site-packages/plant_docking
copying /home/zhanger/tmp/bloomba/bloomba_ws/src/build/plant_docking/build/lib/plant_docking/__init__.py -> /home/zhanger/tmp/bloomba/bloomba_ws/src/install/plant_docking/lib/python3.10/site-packages/plant_docking
copying /home/zhanger/tmp/bloomba/bloomba_ws/src/build/plant_docking/build/lib/plant_docking/plant_docking_talker.py -> /home/zhanger/tmp/bloomba/bloomba_ws/src/install/plant_docking/lib/python3.10/site-packages/plant_docking
copying /home/zhanger/tmp/bloomba/bloomba_ws/src/build/plant_docking/build/lib/plant_docking/plant_docking_tf_listen.py -> /home/zhanger/tmp/bloomba/bloomba_ws/src/install/plant_docking/lib/python3.10/site-packages/plant_docking
byte-compiling /home/zhanger/tmp/bloomba/bloomba_ws/src/install/plant_docking/lib/python3.10/site-packages/plant_docking/plant_docking_listen.py to plant_docking_listen.cpython-310.pyc
byte-compiling /home/zhanger/tmp/bloomba/bloomba_ws/src/install/plant_docking/lib/python3.10/site-packages/plant_docking/__init__.py to __init__.cpython-310.pyc
byte-compiling /home/zhanger/tmp/bloomba/bloomba_ws/src/install/plant_docking/lib/python3.10/site-packages/plant_docking/plant_docking_talker.py to plant_docking_talker.cpython-310.pyc
byte-compiling /home/zhanger/tmp/bloomba/bloomba_ws/src/install/plant_docking/lib/python3.10/site-packages/plant_docking/plant_docking_tf_listen.py to plant_docking_tf_listen.cpython-310.pyc
running install_data
creating /home/zhanger/tmp/bloomba/bloomba_ws/src/install/plant_docking/share/ament_index
creating /home/zhanger/tmp/bloomba/bloomba_ws/src/install/plant_docking/share/ament_index/resource_index
creating /home/zhanger/tmp/bloomba/bloomba_ws/src/install/plant_docking/share/ament_index/resource_index/packages
copying resource/plant_docking -> /home/zhanger/tmp/bloomba/bloomba_ws/src/install/plant_docking/share/ament_index/resource_index/packages
copying package.xml -> /home/zhanger/tmp/bloomba/bloomba_ws/src/install/plant_docking/share/plant_docking
creating /home/zhanger/tmp/bloomba/bloomba_ws/src/install/plant_docking/share/plant_docking/launch
copying launch/plant_docking.launch.py -> /home/zhanger/tmp/bloomba/bloomba_ws/src/install/plant_docking/share/plant_docking/launch
running install_egg_info
Copying ../build/plant_docking/plant_docking.egg-info to /home/zhanger/tmp/bloomba/bloomba_ws/src/install/plant_docking/lib/python3.10/site-packages/plant_docking-0.0.0-py3.10.egg-info
running install_scripts
Installing plant_docking_listener script to /home/zhanger/tmp/bloomba/bloomba_ws/src/install/plant_docking/lib/plant_docking
Installing plant_tf2_broadcaster script to /home/zhanger/tmp/bloomba/bloomba_ws/src/install/plant_docking/lib/plant_docking
Installing plant_tf2_listener script to /home/zhanger/tmp/bloomba/bloomba_ws/src/install/plant_docking/lib/plant_docking
writing list of installed files to '/home/zhanger/tmp/bloomba/bloomba_ws/src/build/plant_docking/install.log'
