[2.687s] Invoking command in '/home/zhanger/tmp/bloomba/bloomba_ws/src/plant_docking': PYTHONPATH=/home/zhanger/tmp/bloomba/bloomba_ws/src/build/plant_docking/prefix_override:/home/zhanger/tmp/bloomba/bloomba_ws/src/install/plant_docking/lib/python3.10/site-packages:${PYTHONPATH} /usr/bin/python3 setup.py egg_info --egg-base ../build/plant_docking build --build-base /home/zhanger/tmp/bloomba/bloomba_ws/src/build/plant_docking/build install --record /home/zhanger/tmp/bloomba/bloomba_ws/src/build/plant_docking/install.log --single-version-externally-managed
[3.370s] running egg_info
[3.379s] creating ../build/plant_docking/plant_docking.egg-info
[3.379s] writing ../build/plant_docking/plant_docking.egg-info/PKG-INFO
[3.379s] writing dependency_links to ../build/plant_docking/plant_docking.egg-info/dependency_links.txt
[3.379s] writing entry points to ../build/plant_docking/plant_docking.egg-info/entry_points.txt
[3.379s] writing requirements to ../build/plant_docking/plant_docking.egg-info/requires.txt
[3.380s] writing top-level names to ../build/plant_docking/plant_docking.egg-info/top_level.txt
[3.380s] writing manifest file '../build/plant_docking/plant_docking.egg-info/SOURCES.txt'
[3.382s] reading manifest file '../build/plant_docking/plant_docking.egg-info/SOURCES.txt'
[3.384s] writing manifest file '../build/plant_docking/plant_docking.egg-info/SOURCES.txt'
[3.384s] running build
[3.384s] running build_py
[3.384s] creating /home/zhanger/tmp/bloomba/bloomba_ws/src/build/plant_docking/build
[3.385s] creating /home/zhanger/tmp/bloomba/bloomba_ws/src/build/plant_docking/build/lib
[3.385s] creating /home/zhanger/tmp/bloomba/bloomba_ws/src/build/plant_docking/build/lib/plant_docking
[3.385s] copying plant_docking/plant_docking_listen.py -> /home/zhanger/tmp/bloomba/bloomba_ws/src/build/plant_docking/build/lib/plant_docking
[3.385s] copying plant_docking/__init__.py -> /home/zhanger/tmp/bloomba/bloomba_ws/src/build/plant_docking/build/lib/plant_docking
[3.385s] copying plant_docking/plant_docking_talker.py -> /home/zhanger/tmp/bloomba/bloomba_ws/src/build/plant_docking/build/lib/plant_docking
[3.385s] copying plant_docking/plant_docking_tf_listen.py -> /home/zhanger/tmp/bloomba/bloomba_ws/src/build/plant_docking/build/lib/plant_docking
[3.385s] /usr/lib/python3/dist-packages/setuptools/command/install.py:34: SetuptoolsDeprecationWarning: setup.py install is deprecated. Use build and pip and other standards-based tools.
[3.386s]   warnings.warn(
[3.386s] running install
[3.392s] running install_lib
[3.394s] creating /home/zhanger/tmp/bloomba/bloomba_ws/src/install/plant_docking/lib/python3.10/site-packages/plant_docking
[3.394s] copying /home/zhanger/tmp/bloomba/bloomba_ws/src/build/plant_docking/build/lib/plant_docking/plant_docking_listen.py -> /home/zhanger/tmp/bloomba/bloomba_ws/src/install/plant_docking/lib/python3.10/site-packages/plant_docking
[3.394s] copying /home/zhanger/tmp/bloomba/bloomba_ws/src/build/plant_docking/build/lib/plant_docking/__init__.py -> /home/zhanger/tmp/bloomba/bloomba_ws/src/install/plant_docking/lib/python3.10/site-packages/plant_docking
[3.395s] copying /home/zhanger/tmp/bloomba/bloomba_ws/src/build/plant_docking/build/lib/plant_docking/plant_docking_talker.py -> /home/zhanger/tmp/bloomba/bloomba_ws/src/install/plant_docking/lib/python3.10/site-packages/plant_docking
[3.395s] copying /home/zhanger/tmp/bloomba/bloomba_ws/src/build/plant_docking/build/lib/plant_docking/plant_docking_tf_listen.py -> /home/zhanger/tmp/bloomba/bloomba_ws/src/install/plant_docking/lib/python3.10/site-packages/plant_docking
[3.396s] byte-compiling /home/zhanger/tmp/bloomba/bloomba_ws/src/install/plant_docking/lib/python3.10/site-packages/plant_docking/plant_docking_listen.py to plant_docking_listen.cpython-310.pyc
[3.396s] byte-compiling /home/zhanger/tmp/bloomba/bloomba_ws/src/install/plant_docking/lib/python3.10/site-packages/plant_docking/__init__.py to __init__.cpython-310.pyc
[3.396s] byte-compiling /home/zhanger/tmp/bloomba/bloomba_ws/src/install/plant_docking/lib/python3.10/site-packages/plant_docking/plant_docking_talker.py to plant_docking_talker.cpython-310.pyc
[3.397s] byte-compiling /home/zhanger/tmp/bloomba/bloomba_ws/src/install/plant_docking/lib/python3.10/site-packages/plant_docking/plant_docking_tf_listen.py to plant_docking_tf_listen.cpython-310.pyc
[3.405s] running install_data
[3.406s] creating /home/zhanger/tmp/bloomba/bloomba_ws/src/install/plant_docking/share/ament_index
[3.406s] creating /home/zhanger/tmp/bloomba/bloomba_ws/src/install/plant_docking/share/ament_index/resource_index
[3.406s] creating /home/zhanger/tmp/bloomba/bloomba_ws/src/install/plant_docking/share/ament_index/resource_index/packages
[3.406s] copying resource/plant_docking -> /home/zhanger/tmp/bloomba/bloomba_ws/src/install/plant_docking/share/ament_index/resource_index/packages
[3.406s] copying package.xml -> /home/zhanger/tmp/bloomba/bloomba_ws/src/install/plant_docking/share/plant_docking
[3.407s] creating /home/zhanger/tmp/bloomba/bloomba_ws/src/install/plant_docking/share/plant_docking/launch
[3.407s] copying launch/plant_docking.launch.py -> /home/zhanger/tmp/bloomba/bloomba_ws/src/install/plant_docking/share/plant_docking/launch
[3.408s] running install_egg_info
[3.421s] Copying ../build/plant_docking/plant_docking.egg-info to /home/zhanger/tmp/bloomba/bloomba_ws/src/install/plant_docking/lib/python3.10/site-packages/plant_docking-0.0.0-py3.10.egg-info
[3.422s] running install_scripts
[3.508s] Installing plant_docking_listener script to /home/zhanger/tmp/bloomba/bloomba_ws/src/install/plant_docking/lib/plant_docking
[3.509s] Installing plant_tf2_broadcaster script to /home/zhanger/tmp/bloomba/bloomba_ws/src/install/plant_docking/lib/plant_docking
[3.509s] Installing plant_tf2_listener script to /home/zhanger/tmp/bloomba/bloomba_ws/src/install/plant_docking/lib/plant_docking
[3.510s] writing list of installed files to '/home/zhanger/tmp/bloomba/bloomba_ws/src/build/plant_docking/install.log'
[3.605s] Invoked command in '/home/zhanger/tmp/bloomba/bloomba_ws/src/plant_docking' returned '0': PYTHONPATH=/home/zhanger/tmp/bloomba/bloomba_ws/src/build/plant_docking/prefix_override:/home/zhanger/tmp/bloomba/bloomba_ws/src/install/plant_docking/lib/python3.10/site-packages:${PYTHONPATH} /usr/bin/python3 setup.py egg_info --egg-base ../build/plant_docking build --build-base /home/zhanger/tmp/bloomba/bloomba_ws/src/build/plant_docking/build install --record /home/zhanger/tmp/bloomba/bloomba_ws/src/build/plant_docking/install.log --single-version-externally-managed
