[0.044s] Invoking command in '/home/zhanger/tmp/bloomba/bloomba_ws/src/build/irobot_create_gazebo_plugins': AMENT_PREFIX_PATH=/home/zhanger/tmp/bloomba/bloomba_ws/src/install/irobot_create_toolbox:${AMENT_PREFIX_PATH} CMAKE_PREFIX_PATH=/home/zhanger/tmp/bloomba/bloomba_ws/src/install/irobot_create_toolbox:/home/zhanger/tmp/bloomba/bloomba_ws/install/lake_harbour_office_gazebo:/home/zhanger/tmp/bloomba/bloomba_ws/install/irobot_create_gazebo_sim:/home/zhanger/tmp/bloomba/bloomba_ws/install/irobot_create_gazebo_bringup:/home/zhanger/tmp/bloomba/bloomba_ws/install/irobot_create_common_bringup:/home/zhanger/tmp/bloomba/bloomba_ws/install/irobot_create_nodes:/home/zhanger/tmp/bloomba/bloomba_ws/install/irobot_create_gazebo_plugins:/home/zhanger/tmp/bloomba/bloomba_ws/install/irobot_create_toolbox:/home/zhanger/tmp/bloomba/bloomba_ws/install/irobot_create_description:/home/zhanger/tmp/bloomba/bloomba_ws/install/irobot_create_control:/home/zhanger/tmp/bloomba/bloomba_ws/install/bloomba_bringup:/home/zhanger/tmp/bloomba/bloomba_ws/install/apriltag_ros:/home/zhanger/tmp/bloomba/bloomba_ws/install/apriltag_msgs:/home/zhanger/tmp/bloomba/bloomba_ws/install/plant_docking:/home/zhanger/tmp/bloomba/bloomba_ws/install/learning_tf2_py:/home/zhanger/tmp/bloomba/bloomba_ws/install/bloomba_slam:/home/zhanger/tmp/bloomba/bloomba_ws/install/bloomba_navigation:/home/zhanger/tmp/bloomba/bloomba_ws/install/bloomba_docking:/opt/ros/humble LD_LIBRARY_PATH=/home/zhanger/tmp/bloomba/bloomba_ws/src/install/irobot_create_toolbox/lib:${LD_LIBRARY_PATH} /usr/bin/cmake --build /home/zhanger/tmp/bloomba/bloomba_ws/src/build/irobot_create_gazebo_plugins -- -j4 -l4
[0.197s] [35m[1mConsolidate compiler generated dependencies of target gazebo_ros_create_helpers[0m
[0.297s] [ 10%] Built target gazebo_ros_create_helpers
[0.378s] [35m[1mConsolidate compiler generated dependencies of target gazebo_ros_create_bumper[0m
[0.528s] [ 20%] Built target gazebo_ros_create_bumper
[0.575s] [ 25%] [32mBuilding CXX object CMakeFiles/gazebo_ros_create_imu.dir/src/gazebo_ros_imu.cpp.o[0m
[16.610s] [ 30%] [32m[1mLinking CXX shared library libgazebo_ros_create_imu.so[0m
[17.328s] [ 30%] Built target gazebo_ros_create_imu
[17.353s] [ 35%] [32mBuilding CXX object CMakeFiles/gazebo_ros_create_ir_intensity_sensor.dir/src/gazebo_ros_ir_intensity_sensor.cpp.o[0m
[30.393s] [ 40%] [32mBuilding CXX object CMakeFiles/gazebo_ros_create_optical_mouse.dir/src/gazebo_ros_optical_mouse.cpp.o[0m
[31.469s] [ 45%] [32mBuilding CXX object CMakeFiles/gazebo_ros_create_docking_status.dir/src/gazebo_ros_docking_status.cpp.o[0m
[32.611s] [ 50%] [32mBuilding CXX object CMakeFiles/gazebo_ros_create_cliff_sensor.dir/src/gazebo_ros_cliff_sensor.cpp.o[0m
[36.156s] [ 55%] [32m[1mLinking CXX shared library libgazebo_ros_create_ir_intensity_sensor.so[0m
[38.181s] [ 55%] Built target gazebo_ros_create_ir_intensity_sensor
[69.860s] [ 60%] [32m[1mLinking CXX shared library libgazebo_ros_create_optical_mouse.so[0m
[71.710s] [ 60%] Built target gazebo_ros_create_optical_mouse
[76.609s] [ 65%] [32m[1mLinking CXX shared library libgazebo_ros_create_docking_status.so[0m
[77.273s] [ 70%] [32m[1mLinking CXX shared library libgazebo_ros_create_cliff_sensor.so[0m
[78.422s] [ 70%] Built target gazebo_ros_create_docking_status
[78.604s] [ 70%] Built target gazebo_ros_create_cliff_sensor
[78.633s] [ 75%] [32mBuilding CXX object CMakeFiles/gazebo_ros_create_wheel_drop.dir/src/gazebo_ros_wheel_drop.cpp.o[0m
[92.366s] [ 80%] [32m[1mLinking CXX shared library libgazebo_ros_create_wheel_drop.so[0m
[92.941s] [ 80%] Built target gazebo_ros_create_wheel_drop
[92.966s] [ 85%] [32mBuilding CXX object CMakeFiles/docking_manager.dir/src/docking_manager.cpp.o[0m
[104.610s] [ 90%] [32m[1mLinking CXX shared library libdocking_manager.so[0m
[105.043s] [ 90%] Built target docking_manager
[105.066s] [ 95%] [32mBuilding CXX object CMakeFiles/gazebo_ros_create_ir_opcode.dir/src/gazebo_ros_ir_opcode.cpp.o[0m
[121.785s] [100%] [32m[1mLinking CXX shared library libgazebo_ros_create_ir_opcode.so[0m
[122.426s] [100%] Built target gazebo_ros_create_ir_opcode
[122.456s] Invoked command in '/home/zhanger/tmp/bloomba/bloomba_ws/src/build/irobot_create_gazebo_plugins' returned '0': AMENT_PREFIX_PATH=/home/zhanger/tmp/bloomba/bloomba_ws/src/install/irobot_create_toolbox:${AMENT_PREFIX_PATH} CMAKE_PREFIX_PATH=/home/zhanger/tmp/bloomba/bloomba_ws/src/install/irobot_create_toolbox:/home/zhanger/tmp/bloomba/bloomba_ws/install/lake_harbour_office_gazebo:/home/zhanger/tmp/bloomba/bloomba_ws/install/irobot_create_gazebo_sim:/home/zhanger/tmp/bloomba/bloomba_ws/install/irobot_create_gazebo_bringup:/home/zhanger/tmp/bloomba/bloomba_ws/install/irobot_create_common_bringup:/home/zhanger/tmp/bloomba/bloomba_ws/install/irobot_create_nodes:/home/zhanger/tmp/bloomba/bloomba_ws/install/irobot_create_gazebo_plugins:/home/zhanger/tmp/bloomba/bloomba_ws/install/irobot_create_toolbox:/home/zhanger/tmp/bloomba/bloomba_ws/install/irobot_create_description:/home/zhanger/tmp/bloomba/bloomba_ws/install/irobot_create_control:/home/zhanger/tmp/bloomba/bloomba_ws/install/bloomba_bringup:/home/zhanger/tmp/bloomba/bloomba_ws/install/apriltag_ros:/home/zhanger/tmp/bloomba/bloomba_ws/install/apriltag_msgs:/home/zhanger/tmp/bloomba/bloomba_ws/install/plant_docking:/home/zhanger/tmp/bloomba/bloomba_ws/install/learning_tf2_py:/home/zhanger/tmp/bloomba/bloomba_ws/install/bloomba_slam:/home/zhanger/tmp/bloomba/bloomba_ws/install/bloomba_navigation:/home/zhanger/tmp/bloomba/bloomba_ws/install/bloomba_docking:/opt/ros/humble LD_LIBRARY_PATH=/home/zhanger/tmp/bloomba/bloomba_ws/src/install/irobot_create_toolbox/lib:${LD_LIBRARY_PATH} /usr/bin/cmake --build /home/zhanger/tmp/bloomba/bloomba_ws/src/build/irobot_create_gazebo_plugins -- -j4 -l4
[122.519s] Invoking command in '/home/zhanger/tmp/bloomba/bloomba_ws/src/build/irobot_create_gazebo_plugins': AMENT_PREFIX_PATH=/home/zhanger/tmp/bloomba/bloomba_ws/src/install/irobot_create_toolbox:${AMENT_PREFIX_PATH} CMAKE_PREFIX_PATH=/home/zhanger/tmp/bloomba/bloomba_ws/src/install/irobot_create_toolbox:/home/zhanger/tmp/bloomba/bloomba_ws/install/lake_harbour_office_gazebo:/home/zhanger/tmp/bloomba/bloomba_ws/install/irobot_create_gazebo_sim:/home/zhanger/tmp/bloomba/bloomba_ws/install/irobot_create_gazebo_bringup:/home/zhanger/tmp/bloomba/bloomba_ws/install/irobot_create_common_bringup:/home/zhanger/tmp/bloomba/bloomba_ws/install/irobot_create_nodes:/home/zhanger/tmp/bloomba/bloomba_ws/install/irobot_create_gazebo_plugins:/home/zhanger/tmp/bloomba/bloomba_ws/install/irobot_create_toolbox:/home/zhanger/tmp/bloomba/bloomba_ws/install/irobot_create_description:/home/zhanger/tmp/bloomba/bloomba_ws/install/irobot_create_control:/home/zhanger/tmp/bloomba/bloomba_ws/install/bloomba_bringup:/home/zhanger/tmp/bloomba/bloomba_ws/install/apriltag_ros:/home/zhanger/tmp/bloomba/bloomba_ws/install/apriltag_msgs:/home/zhanger/tmp/bloomba/bloomba_ws/install/plant_docking:/home/zhanger/tmp/bloomba/bloomba_ws/install/learning_tf2_py:/home/zhanger/tmp/bloomba/bloomba_ws/install/bloomba_slam:/home/zhanger/tmp/bloomba/bloomba_ws/install/bloomba_navigation:/home/zhanger/tmp/bloomba/bloomba_ws/install/bloomba_docking:/opt/ros/humble LD_LIBRARY_PATH=/home/zhanger/tmp/bloomba/bloomba_ws/src/install/irobot_create_toolbox/lib:${LD_LIBRARY_PATH} /usr/bin/cmake --install /home/zhanger/tmp/bloomba/bloomba_ws/src/build/irobot_create_gazebo_plugins
[122.528s] -- Install configuration: ""
[122.528s] -- Installing: /home/zhanger/tmp/bloomba/bloomba_ws/src/install/irobot_create_gazebo_plugins/share/irobot_create_gazebo_plugins/environment/library_path.sh
[122.528s] -- Installing: /home/zhanger/tmp/bloomba/bloomba_ws/src/install/irobot_create_gazebo_plugins/share/irobot_create_gazebo_plugins/environment/library_path.dsv
[122.529s] -- Installing: /home/zhanger/tmp/bloomba/bloomba_ws/src/install/irobot_create_gazebo_plugins/include
[122.529s] -- Installing: /home/zhanger/tmp/bloomba/bloomba_ws/src/install/irobot_create_gazebo_plugins/include/irobot_create_gazebo_plugins
[122.529s] -- Installing: /home/zhanger/tmp/bloomba/bloomba_ws/src/install/irobot_create_gazebo_plugins/include/irobot_create_gazebo_plugins/gazebo_ros_docking_status.hpp
[122.529s] -- Installing: /home/zhanger/tmp/bloomba/bloomba_ws/src/install/irobot_create_gazebo_plugins/include/irobot_create_gazebo_plugins/gazebo_ros_cliff_sensor.hpp
[122.530s] -- Installing: /home/zhanger/tmp/bloomba/bloomba_ws/src/install/irobot_create_gazebo_plugins/include/irobot_create_gazebo_plugins/docking_manager.hpp
[122.530s] -- Installing: /home/zhanger/tmp/bloomba/bloomba_ws/src/install/irobot_create_gazebo_plugins/include/irobot_create_gazebo_plugins/gazebo_ros_ir_opcode.hpp
[122.530s] -- Installing: /home/zhanger/tmp/bloomba/bloomba_ws/src/install/irobot_create_gazebo_plugins/include/irobot_create_gazebo_plugins/gazebo_ros_optical_mouse.hpp
[122.530s] -- Installing: /home/zhanger/tmp/bloomba/bloomba_ws/src/install/irobot_create_gazebo_plugins/include/irobot_create_gazebo_plugins/gazebo_ros_bumper.hpp
[122.530s] -- Installing: /home/zhanger/tmp/bloomba/bloomba_ws/src/install/irobot_create_gazebo_plugins/include/irobot_create_gazebo_plugins/gazebo_ros_imu.hpp
[122.531s] -- Installing: /home/zhanger/tmp/bloomba/bloomba_ws/src/install/irobot_create_gazebo_plugins/include/irobot_create_gazebo_plugins/gazebo_ros_helpers.hpp
[122.531s] -- Installing: /home/zhanger/tmp/bloomba/bloomba_ws/src/install/irobot_create_gazebo_plugins/include/irobot_create_gazebo_plugins/gazebo_ros_wheel_drop.hpp
[122.531s] -- Installing: /home/zhanger/tmp/bloomba/bloomba_ws/src/install/irobot_create_gazebo_plugins/include/irobot_create_gazebo_plugins/gazebo_ros_ir_intensity_sensor.hpp
[122.531s] -- Installing: /home/zhanger/tmp/bloomba/bloomba_ws/src/install/irobot_create_gazebo_plugins/lib/libgazebo_ros_create_bumper.so
[122.540s] -- Set runtime path of "/home/zhanger/tmp/bloomba/bloomba_ws/src/install/irobot_create_gazebo_plugins/lib/libgazebo_ros_create_bumper.so" to ""
[122.540s] -- Installing: /home/zhanger/tmp/bloomba/bloomba_ws/src/install/irobot_create_gazebo_plugins/lib/libgazebo_ros_create_cliff_sensor.so
[122.544s] -- Set runtime path of "/home/zhanger/tmp/bloomba/bloomba_ws/src/install/irobot_create_gazebo_plugins/lib/libgazebo_ros_create_cliff_sensor.so" to ""
[122.545s] -- Installing: /home/zhanger/tmp/bloomba/bloomba_ws/src/install/irobot_create_gazebo_plugins/lib/libgazebo_ros_create_docking_status.so
[122.556s] -- Set runtime path of "/home/zhanger/tmp/bloomba/bloomba_ws/src/install/irobot_create_gazebo_plugins/lib/libgazebo_ros_create_docking_status.so" to ""
[122.556s] -- Installing: /home/zhanger/tmp/bloomba/bloomba_ws/src/install/irobot_create_gazebo_plugins/lib/libgazebo_ros_create_helpers.so
[122.558s] -- Set runtime path of "/home/zhanger/tmp/bloomba/bloomba_ws/src/install/irobot_create_gazebo_plugins/lib/libgazebo_ros_create_helpers.so" to ""
[122.559s] -- Installing: /home/zhanger/tmp/bloomba/bloomba_ws/src/install/irobot_create_gazebo_plugins/lib/libgazebo_ros_create_imu.so
[122.564s] -- Set runtime path of "/home/zhanger/tmp/bloomba/bloomba_ws/src/install/irobot_create_gazebo_plugins/lib/libgazebo_ros_create_imu.so" to ""
[122.564s] -- Installing: /home/zhanger/tmp/bloomba/bloomba_ws/src/install/irobot_create_gazebo_plugins/lib/libgazebo_ros_create_ir_intensity_sensor.so
[122.570s] -- Set runtime path of "/home/zhanger/tmp/bloomba/bloomba_ws/src/install/irobot_create_gazebo_plugins/lib/libgazebo_ros_create_ir_intensity_sensor.so" to ""
[122.570s] -- Installing: /home/zhanger/tmp/bloomba/bloomba_ws/src/install/irobot_create_gazebo_plugins/lib/libgazebo_ros_create_optical_mouse.so
[122.574s] -- Set runtime path of "/home/zhanger/tmp/bloomba/bloomba_ws/src/install/irobot_create_gazebo_plugins/lib/libgazebo_ros_create_optical_mouse.so" to ""
[122.574s] -- Installing: /home/zhanger/tmp/bloomba/bloomba_ws/src/install/irobot_create_gazebo_plugins/lib/libgazebo_ros_create_ir_opcode.so
[122.579s] -- Set runtime path of "/home/zhanger/tmp/bloomba/bloomba_ws/src/install/irobot_create_gazebo_plugins/lib/libgazebo_ros_create_ir_opcode.so" to ""
[122.579s] -- Installing: /home/zhanger/tmp/bloomba/bloomba_ws/src/install/irobot_create_gazebo_plugins/lib/libdocking_manager.so
[122.581s] -- Set runtime path of "/home/zhanger/tmp/bloomba/bloomba_ws/src/install/irobot_create_gazebo_plugins/lib/libdocking_manager.so" to ""
[122.581s] -- Installing: /home/zhanger/tmp/bloomba/bloomba_ws/src/install/irobot_create_gazebo_plugins/lib/libgazebo_ros_create_wheel_drop.so
[122.586s] -- Set runtime path of "/home/zhanger/tmp/bloomba/bloomba_ws/src/install/irobot_create_gazebo_plugins/lib/libgazebo_ros_create_wheel_drop.so" to ""
[122.587s] -- Installing: /home/zhanger/tmp/bloomba/bloomba_ws/src/install/irobot_create_gazebo_plugins/share/ament_index/resource_index/package_run_dependencies/irobot_create_gazebo_plugins
[122.588s] -- Installing: /home/zhanger/tmp/bloomba/bloomba_ws/src/install/irobot_create_gazebo_plugins/share/ament_index/resource_index/parent_prefix_path/irobot_create_gazebo_plugins
[122.588s] -- Installing: /home/zhanger/tmp/bloomba/bloomba_ws/src/install/irobot_create_gazebo_plugins/share/irobot_create_gazebo_plugins/environment/ament_prefix_path.sh
[122.588s] -- Installing: /home/zhanger/tmp/bloomba/bloomba_ws/src/install/irobot_create_gazebo_plugins/share/irobot_create_gazebo_plugins/environment/ament_prefix_path.dsv
[122.589s] -- Installing: /home/zhanger/tmp/bloomba/bloomba_ws/src/install/irobot_create_gazebo_plugins/share/irobot_create_gazebo_plugins/environment/path.sh
[122.589s] -- Installing: /home/zhanger/tmp/bloomba/bloomba_ws/src/install/irobot_create_gazebo_plugins/share/irobot_create_gazebo_plugins/environment/path.dsv
[122.589s] -- Installing: /home/zhanger/tmp/bloomba/bloomba_ws/src/install/irobot_create_gazebo_plugins/share/irobot_create_gazebo_plugins/local_setup.bash
[122.590s] -- Installing: /home/zhanger/tmp/bloomba/bloomba_ws/src/install/irobot_create_gazebo_plugins/share/irobot_create_gazebo_plugins/local_setup.sh
[122.590s] -- Installing: /home/zhanger/tmp/bloomba/bloomba_ws/src/install/irobot_create_gazebo_plugins/share/irobot_create_gazebo_plugins/local_setup.zsh
[122.590s] -- Installing: /home/zhanger/tmp/bloomba/bloomba_ws/src/install/irobot_create_gazebo_plugins/share/irobot_create_gazebo_plugins/local_setup.dsv
[122.591s] -- Installing: /home/zhanger/tmp/bloomba/bloomba_ws/src/install/irobot_create_gazebo_plugins/share/irobot_create_gazebo_plugins/package.dsv
[122.591s] -- Installing: /home/zhanger/tmp/bloomba/bloomba_ws/src/install/irobot_create_gazebo_plugins/share/ament_index/resource_index/packages/irobot_create_gazebo_plugins
[122.592s] -- Installing: /home/zhanger/tmp/bloomba/bloomba_ws/src/install/irobot_create_gazebo_plugins/share/irobot_create_gazebo_plugins/cmake/ament_cmake_export_libraries-extras.cmake
[122.592s] -- Installing: /home/zhanger/tmp/bloomba/bloomba_ws/src/install/irobot_create_gazebo_plugins/share/irobot_create_gazebo_plugins/cmake/ament_cmake_export_include_directories-extras.cmake
[122.593s] -- Installing: /home/zhanger/tmp/bloomba/bloomba_ws/src/install/irobot_create_gazebo_plugins/share/irobot_create_gazebo_plugins/cmake/ament_cmake_export_dependencies-extras.cmake
[122.593s] -- Installing: /home/zhanger/tmp/bloomba/bloomba_ws/src/install/irobot_create_gazebo_plugins/share/irobot_create_gazebo_plugins/cmake/irobot_create_gazebo_pluginsConfig.cmake
[122.593s] -- Installing: /home/zhanger/tmp/bloomba/bloomba_ws/src/install/irobot_create_gazebo_plugins/share/irobot_create_gazebo_plugins/cmake/irobot_create_gazebo_pluginsConfig-version.cmake
[122.594s] -- Installing: /home/zhanger/tmp/bloomba/bloomba_ws/src/install/irobot_create_gazebo_plugins/share/irobot_create_gazebo_plugins/package.xml
[122.598s] Invoked command in '/home/zhanger/tmp/bloomba/bloomba_ws/src/build/irobot_create_gazebo_plugins' returned '0': AMENT_PREFIX_PATH=/home/zhanger/tmp/bloomba/bloomba_ws/src/install/irobot_create_toolbox:${AMENT_PREFIX_PATH} CMAKE_PREFIX_PATH=/home/zhanger/tmp/bloomba/bloomba_ws/src/install/irobot_create_toolbox:/home/zhanger/tmp/bloomba/bloomba_ws/install/lake_harbour_office_gazebo:/home/zhanger/tmp/bloomba/bloomba_ws/install/irobot_create_gazebo_sim:/home/zhanger/tmp/bloomba/bloomba_ws/install/irobot_create_gazebo_bringup:/home/zhanger/tmp/bloomba/bloomba_ws/install/irobot_create_common_bringup:/home/zhanger/tmp/bloomba/bloomba_ws/install/irobot_create_nodes:/home/zhanger/tmp/bloomba/bloomba_ws/install/irobot_create_gazebo_plugins:/home/zhanger/tmp/bloomba/bloomba_ws/install/irobot_create_toolbox:/home/zhanger/tmp/bloomba/bloomba_ws/install/irobot_create_description:/home/zhanger/tmp/bloomba/bloomba_ws/install/irobot_create_control:/home/zhanger/tmp/bloomba/bloomba_ws/install/bloomba_bringup:/home/zhanger/tmp/bloomba/bloomba_ws/install/apriltag_ros:/home/zhanger/tmp/bloomba/bloomba_ws/install/apriltag_msgs:/home/zhanger/tmp/bloomba/bloomba_ws/install/plant_docking:/home/zhanger/tmp/bloomba/bloomba_ws/install/learning_tf2_py:/home/zhanger/tmp/bloomba/bloomba_ws/install/bloomba_slam:/home/zhanger/tmp/bloomba/bloomba_ws/install/bloomba_navigation:/home/zhanger/tmp/bloomba/bloomba_ws/install/bloomba_docking:/opt/ros/humble LD_LIBRARY_PATH=/home/zhanger/tmp/bloomba/bloomba_ws/src/install/irobot_create_toolbox/lib:${LD_LIBRARY_PATH} /usr/bin/cmake --install /home/zhanger/tmp/bloomba/bloomba_ws/src/build/irobot_create_gazebo_plugins
