-- Install configuration: ""
-- Up-to-date: /home/zhanger/tmp/bloomba/bloomba_ws/src/install/lake_harbour_office_gazebo/share/lake_harbour_office_gazebo/models
-- Up-to-date: /home/zhanger/tmp/bloomba/bloomba_ws/src/install/lake_harbour_office_gazebo/share/lake_harbour_office_gazebo/models/lake_harbour_office
-- Up-to-date: /home/zhanger/tmp/bloomba/bloomba_ws/src/install/lake_harbour_office_gazebo/share/lake_harbour_office_gazebo/models/lake_harbour_office/model.config
-- Up-to-date: /home/zhanger/tmp/bloomba/bloomba_ws/src/install/lake_harbour_office_gazebo/share/lake_harbour_office_gazebo/models/lake_harbour_office/model.sdf
-- Up-to-date: /home/zhanger/tmp/bloomba/bloomba_ws/src/install/lake_harbour_office_gazebo/share/lake_harbour_office_gazebo/worlds
-- Up-to-date: /home/zhanger/tmp/bloomba/bloomba_ws/src/install/lake_harbour_office_gazebo/share/lake_harbour_office_gazebo/worlds/office.world
-- Up-to-date: /home/zhanger/tmp/bloomba/bloomba_ws/src/install/lake_harbour_office_gazebo/share/ament_index/resource_index/package_run_dependencies/lake_harbour_office_gazebo
-- Up-to-date: /home/zhanger/tmp/bloomba/bloomba_ws/src/install/lake_harbour_office_gazebo/share/ament_index/resource_index/parent_prefix_path/lake_harbour_office_gazebo
-- Up-to-date: /home/zhanger/tmp/bloomba/bloomba_ws/src/install/lake_harbour_office_gazebo/share/lake_harbour_office_gazebo/environment/ament_prefix_path.sh
-- Up-to-date: /home/zhanger/tmp/bloomba/bloomba_ws/src/install/lake_harbour_office_gazebo/share/lake_harbour_office_gazebo/environment/ament_prefix_path.dsv
-- Up-to-date: /home/zhanger/tmp/bloomba/bloomba_ws/src/install/lake_harbour_office_gazebo/share/lake_harbour_office_gazebo/environment/path.sh
-- Up-to-date: /home/zhanger/tmp/bloomba/bloomba_ws/src/install/lake_harbour_office_gazebo/share/lake_harbour_office_gazebo/environment/path.dsv
-- Up-to-date: /home/zhanger/tmp/bloomba/bloomba_ws/src/install/lake_harbour_office_gazebo/share/lake_harbour_office_gazebo/local_setup.bash
-- Up-to-date: /home/zhanger/tmp/bloomba/bloomba_ws/src/install/lake_harbour_office_gazebo/share/lake_harbour_office_gazebo/local_setup.sh
-- Up-to-date: /home/zhanger/tmp/bloomba/bloomba_ws/src/install/lake_harbour_office_gazebo/share/lake_harbour_office_gazebo/local_setup.zsh
-- Up-to-date: /home/zhanger/tmp/bloomba/bloomba_ws/src/install/lake_harbour_office_gazebo/share/lake_harbour_office_gazebo/local_setup.dsv
-- Installing: /home/zhanger/tmp/bloomba/bloomba_ws/src/install/lake_harbour_office_gazebo/share/lake_harbour_office_gazebo/package.dsv
-- Up-to-date: /home/zhanger/tmp/bloomba/bloomba_ws/src/install/lake_harbour_office_gazebo/share/ament_index/resource_index/packages/lake_harbour_office_gazebo
-- Up-to-date: /home/zhanger/tmp/bloomba/bloomba_ws/src/install/lake_harbour_office_gazebo/share/lake_harbour_office_gazebo/cmake/lake_harbour_office_gazeboConfig.cmake
-- Up-to-date: /home/zhanger/tmp/bloomba/bloomba_ws/src/install/lake_harbour_office_gazebo/share/lake_harbour_office_gazebo/cmake/lake_harbour_office_gazeboConfig-version.cmake
-- Up-to-date: /home/zhanger/tmp/bloomba/bloomba_ws/src/install/lake_harbour_office_gazebo/share/lake_harbour_office_gazebo/package.xml
