[0.039s] Invoking command in '/home/zhanger/tmp/bloomba/bloomba_ws/src/build/lake_harbour_office_gazebo': CMAKE_PREFIX_PATH=${CMAKE_PREFIX_PATH}:/home/zhanger/tmp/bloomba/bloomba_ws/install/plant_docking:/home/zhanger/tmp/bloomba/bloomba_ws/install/learning_tf2_py:/home/zhanger/tmp/bloomba/bloomba_ws/install/bloomba_slam:/home/zhanger/tmp/bloomba/bloomba_ws/install/bloomba_navigation:/home/zhanger/tmp/bloomba/bloomba_ws/install/bloomba_docking:/opt/ros/humble /usr/bin/cmake --build /home/zhanger/tmp/bloomba/bloomba_ws/src/build/lake_harbour_office_gazebo -- -j4 -l4
[0.154s] Invoked command in '/home/zhanger/tmp/bloomba/bloomba_ws/src/build/lake_harbour_office_gazebo' returned '0': CMAKE_PREFIX_PATH=${CMAKE_PREFIX_PATH}:/home/zhanger/tmp/bloomba/bloomba_ws/install/plant_docking:/home/zhanger/tmp/bloomba/bloomba_ws/install/learning_tf2_py:/home/zhanger/tmp/bloomba/bloomba_ws/install/bloomba_slam:/home/zhanger/tmp/bloomba/bloomba_ws/install/bloomba_navigation:/home/zhanger/tmp/bloomba/bloomba_ws/install/bloomba_docking:/opt/ros/humble /usr/bin/cmake --build /home/zhanger/tmp/bloomba/bloomba_ws/src/build/lake_harbour_office_gazebo -- -j4 -l4
[0.356s] Invoking command in '/home/zhanger/tmp/bloomba/bloomba_ws/src/build/lake_harbour_office_gazebo': CMAKE_PREFIX_PATH=${CMAKE_PREFIX_PATH}:/home/zhanger/tmp/bloomba/bloomba_ws/install/plant_docking:/home/zhanger/tmp/bloomba/bloomba_ws/install/learning_tf2_py:/home/zhanger/tmp/bloomba/bloomba_ws/install/bloomba_slam:/home/zhanger/tmp/bloomba/bloomba_ws/install/bloomba_navigation:/home/zhanger/tmp/bloomba/bloomba_ws/install/bloomba_docking:/opt/ros/humble /usr/bin/cmake --install /home/zhanger/tmp/bloomba/bloomba_ws/src/build/lake_harbour_office_gazebo
[0.369s] -- Install configuration: ""
[0.370s] -- Up-to-date: /home/zhanger/tmp/bloomba/bloomba_ws/src/install/lake_harbour_office_gazebo/share/lake_harbour_office_gazebo/models
[0.371s] -- Up-to-date: /home/zhanger/tmp/bloomba/bloomba_ws/src/install/lake_harbour_office_gazebo/share/lake_harbour_office_gazebo/models/lake_harbour_office
[0.373s] -- Up-to-date: /home/zhanger/tmp/bloomba/bloomba_ws/src/install/lake_harbour_office_gazebo/share/lake_harbour_office_gazebo/models/lake_harbour_office/model.config
[0.373s] -- Up-to-date: /home/zhanger/tmp/bloomba/bloomba_ws/src/install/lake_harbour_office_gazebo/share/lake_harbour_office_gazebo/models/lake_harbour_office/model.sdf
[0.375s] -- Up-to-date: /home/zhanger/tmp/bloomba/bloomba_ws/src/install/lake_harbour_office_gazebo/share/lake_harbour_office_gazebo/worlds
[0.376s] -- Up-to-date: /home/zhanger/tmp/bloomba/bloomba_ws/src/install/lake_harbour_office_gazebo/share/lake_harbour_office_gazebo/worlds/office.world
[0.378s] -- Up-to-date: /home/zhanger/tmp/bloomba/bloomba_ws/src/install/lake_harbour_office_gazebo/share/ament_index/resource_index/package_run_dependencies/lake_harbour_office_gazebo
[0.378s] -- Up-to-date: /home/zhanger/tmp/bloomba/bloomba_ws/src/install/lake_harbour_office_gazebo/share/ament_index/resource_index/parent_prefix_path/lake_harbour_office_gazebo
[0.380s] -- Up-to-date: /home/zhanger/tmp/bloomba/bloomba_ws/src/install/lake_harbour_office_gazebo/share/lake_harbour_office_gazebo/environment/ament_prefix_path.sh
[0.382s] -- Up-to-date: /home/zhanger/tmp/bloomba/bloomba_ws/src/install/lake_harbour_office_gazebo/share/lake_harbour_office_gazebo/environment/ament_prefix_path.dsv
[0.383s] -- Up-to-date: /home/zhanger/tmp/bloomba/bloomba_ws/src/install/lake_harbour_office_gazebo/share/lake_harbour_office_gazebo/environment/path.sh
[0.384s] -- Up-to-date: /home/zhanger/tmp/bloomba/bloomba_ws/src/install/lake_harbour_office_gazebo/share/lake_harbour_office_gazebo/environment/path.dsv
[0.385s] -- Up-to-date: /home/zhanger/tmp/bloomba/bloomba_ws/src/install/lake_harbour_office_gazebo/share/lake_harbour_office_gazebo/local_setup.bash
[0.386s] -- Up-to-date: /home/zhanger/tmp/bloomba/bloomba_ws/src/install/lake_harbour_office_gazebo/share/lake_harbour_office_gazebo/local_setup.sh
[0.387s] -- Up-to-date: /home/zhanger/tmp/bloomba/bloomba_ws/src/install/lake_harbour_office_gazebo/share/lake_harbour_office_gazebo/local_setup.zsh
[0.387s] -- Up-to-date: /home/zhanger/tmp/bloomba/bloomba_ws/src/install/lake_harbour_office_gazebo/share/lake_harbour_office_gazebo/local_setup.dsv
[0.387s] -- Installing: /home/zhanger/tmp/bloomba/bloomba_ws/src/install/lake_harbour_office_gazebo/share/lake_harbour_office_gazebo/package.dsv
[0.389s] -- Up-to-date: /home/zhanger/tmp/bloomba/bloomba_ws/src/install/lake_harbour_office_gazebo/share/ament_index/resource_index/packages/lake_harbour_office_gazebo
[0.390s] -- Up-to-date: /home/zhanger/tmp/bloomba/bloomba_ws/src/install/lake_harbour_office_gazebo/share/lake_harbour_office_gazebo/cmake/lake_harbour_office_gazeboConfig.cmake
[0.390s] -- Up-to-date: /home/zhanger/tmp/bloomba/bloomba_ws/src/install/lake_harbour_office_gazebo/share/lake_harbour_office_gazebo/cmake/lake_harbour_office_gazeboConfig-version.cmake
[0.390s] -- Up-to-date: /home/zhanger/tmp/bloomba/bloomba_ws/src/install/lake_harbour_office_gazebo/share/lake_harbour_office_gazebo/package.xml
[0.406s] Invoked command in '/home/zhanger/tmp/bloomba/bloomba_ws/src/build/lake_harbour_office_gazebo' returned '0': CMAKE_PREFIX_PATH=${CMAKE_PREFIX_PATH}:/home/zhanger/tmp/bloomba/bloomba_ws/install/plant_docking:/home/zhanger/tmp/bloomba/bloomba_ws/install/learning_tf2_py:/home/zhanger/tmp/bloomba/bloomba_ws/install/bloomba_slam:/home/zhanger/tmp/bloomba/bloomba_ws/install/bloomba_navigation:/home/zhanger/tmp/bloomba/bloomba_ws/install/bloomba_docking:/opt/ros/humble /usr/bin/cmake --install /home/zhanger/tmp/bloomba/bloomba_ws/src/build/lake_harbour_office_gazebo
