/home/zhanger/tmp/bloomba/bloomba_ws/src/install/plant_docking/lib/python3.10/site-packages/plant_docking/plant_docking_listen.py
/home/zhanger/tmp/bloomba/bloomba_ws/src/install/plant_docking/lib/python3.10/site-packages/plant_docking/__init__.py
/home/zhanger/tmp/bloomba/bloomba_ws/src/install/plant_docking/lib/python3.10/site-packages/plant_docking/plant_docking_talker.py
/home/zhanger/tmp/bloomba/bloomba_ws/src/install/plant_docking/lib/python3.10/site-packages/plant_docking/plant_docking_tf_listen.py
/home/zhanger/tmp/bloomba/bloomba_ws/src/install/plant_docking/lib/python3.10/site-packages/plant_docking/__pycache__/plant_docking_listen.cpython-310.pyc
/home/zhanger/tmp/bloomba/bloomba_ws/src/install/plant_docking/lib/python3.10/site-packages/plant_docking/__pycache__/__init__.cpython-310.pyc
/home/zhanger/tmp/bloomba/bloomba_ws/src/install/plant_docking/lib/python3.10/site-packages/plant_docking/__pycache__/plant_docking_talker.cpython-310.pyc
/home/zhanger/tmp/bloomba/bloomba_ws/src/install/plant_docking/lib/python3.10/site-packages/plant_docking/__pycache__/plant_docking_tf_listen.cpython-310.pyc
/home/zhanger/tmp/bloomba/bloomba_ws/src/install/plant_docking/share/ament_index/resource_index/packages/plant_docking
/home/zhanger/tmp/bloomba/bloomba_ws/src/install/plant_docking/share/plant_docking/package.xml
/home/zhanger/tmp/bloomba/bloomba_ws/src/install/plant_docking/share/plant_docking/launch/plant_docking.launch.py
/home/zhanger/tmp/bloomba/bloomba_ws/src/install/plant_docking/lib/python3.10/site-packages/plant_docking-0.0.0-py3.10.egg-info/zip-safe
/home/zhanger/tmp/bloomba/bloomba_ws/src/install/plant_docking/lib/python3.10/site-packages/plant_docking-0.0.0-py3.10.egg-info/requires.txt
/home/zhanger/tmp/bloomba/bloomba_ws/src/install/plant_docking/lib/python3.10/site-packages/plant_docking-0.0.0-py3.10.egg-info/top_level.txt
/home/zhanger/tmp/bloomba/bloomba_ws/src/install/plant_docking/lib/python3.10/site-packages/plant_docking-0.0.0-py3.10.egg-info/entry_points.txt
/home/zhanger/tmp/bloomba/bloomba_ws/src/install/plant_docking/lib/python3.10/site-packages/plant_docking-0.0.0-py3.10.egg-info/dependency_links.txt
/home/zhanger/tmp/bloomba/bloomba_ws/src/install/plant_docking/lib/python3.10/site-packages/plant_docking-0.0.0-py3.10.egg-info/PKG-INFO
/home/zhanger/tmp/bloomba/bloomba_ws/src/install/plant_docking/lib/python3.10/site-packages/plant_docking-0.0.0-py3.10.egg-info/SOURCES.txt
/home/zhanger/tmp/bloomba/bloomba_ws/src/install/plant_docking/lib/plant_docking/plant_docking_listener
/home/zhanger/tmp/bloomba/bloomba_ws/src/install/plant_docking/lib/plant_docking/plant_tf2_broadcaster
/home/zhanger/tmp/bloomba/bloomba_ws/src/install/plant_docking/lib/plant_docking/plant_tf2_listener
