-- Install configuration: ""
-- Up-to-date: /home/zhanger/tmp/bloomba/bloomba_ws/src/install/irobot_create_description/share/irobot_create_description//meshes
-- Up-to-date: /home/zhanger/tmp/bloomba/bloomba_ws/src/install/irobot_create_description/share/irobot_create_description//meshes/dock
-- Up-to-date: /home/zhanger/tmp/bloomba/bloomba_ws/src/install/irobot_create_description/share/irobot_create_description//meshes/dock/visual.dae
-- Up-to-date: /home/zhanger/tmp/bloomba/bloomba_ws/src/install/irobot_create_description/share/irobot_create_description//meshes/bumper_visual.dae
-- Up-to-date: /home/zhanger/tmp/bloomba/bloomba_ws/src/install/irobot_create_description/share/irobot_create_description//meshes/bumper_collision.dae
-- Up-to-date: /home/zhanger/tmp/bloomba/bloomba_ws/src/install/irobot_create_description/share/irobot_create_description//meshes/body_visual.dae
-- Up-to-date: /home/zhanger/tmp/bloomba/bloomba_ws/src/install/irobot_create_description/share/irobot_create_description//urdf
-- Up-to-date: /home/zhanger/tmp/bloomba/bloomba_ws/src/install/irobot_create_description/share/irobot_create_description//urdf/wheel.urdf.xacro
-- Up-to-date: /home/zhanger/tmp/bloomba/bloomba_ws/src/install/irobot_create_description/share/irobot_create_description//urdf/dock
-- Up-to-date: /home/zhanger/tmp/bloomba/bloomba_ws/src/install/irobot_create_description/share/irobot_create_description//urdf/dock/ir_emitter.urdf.xacro
-- Up-to-date: /home/zhanger/tmp/bloomba/bloomba_ws/src/install/irobot_create_description/share/irobot_create_description//urdf/dock/standard_dock.urdf.xacro
-- Up-to-date: /home/zhanger/tmp/bloomba/bloomba_ws/src/install/irobot_create_description/share/irobot_create_description//urdf/wheel_with_wheeldrop.urdf.xacro
-- Up-to-date: /home/zhanger/tmp/bloomba/bloomba_ws/src/install/irobot_create_description/share/irobot_create_description//urdf/common_properties.urdf.xacro
-- Up-to-date: /home/zhanger/tmp/bloomba/bloomba_ws/src/install/irobot_create_description/share/irobot_create_description//urdf/button.urdf.xacro
-- Up-to-date: /home/zhanger/tmp/bloomba/bloomba_ws/src/install/irobot_create_description/share/irobot_create_description//urdf/create3.urdf.xacro
-- Up-to-date: /home/zhanger/tmp/bloomba/bloomba_ws/src/install/irobot_create_description/share/irobot_create_description//urdf/bumper.urdf.xacro
-- Up-to-date: /home/zhanger/tmp/bloomba/bloomba_ws/src/install/irobot_create_description/share/irobot_create_description//urdf/caster.urdf.xacro
-- Up-to-date: /home/zhanger/tmp/bloomba/bloomba_ws/src/install/irobot_create_description/share/irobot_create_description//urdf/sensors
-- Up-to-date: /home/zhanger/tmp/bloomba/bloomba_ws/src/install/irobot_create_description/share/irobot_create_description//urdf/sensors/imu.urdf.xacro
-- Up-to-date: /home/zhanger/tmp/bloomba/bloomba_ws/src/install/irobot_create_description/share/irobot_create_description//urdf/sensors/ir_intensity.urdf.xacro
-- Up-to-date: /home/zhanger/tmp/bloomba/bloomba_ws/src/install/irobot_create_description/share/irobot_create_description//urdf/sensors/ir_opcode_receivers.urdf.xacro
-- Up-to-date: /home/zhanger/tmp/bloomba/bloomba_ws/src/install/irobot_create_description/share/irobot_create_description//urdf/sensors/cliff_sensor.urdf.xacro
-- Up-to-date: /home/zhanger/tmp/bloomba/bloomba_ws/src/install/irobot_create_description/share/irobot_create_description//urdf/sensors/lidar.urdf.xacro
-- Up-to-date: /home/zhanger/tmp/bloomba/bloomba_ws/src/install/irobot_create_description/share/irobot_create_description//urdf/sensors/optical_mouse.urdf.xacro
-- Up-to-date: /home/zhanger/tmp/bloomba/bloomba_ws/src/install/irobot_create_description/share/irobot_create_description//urdf/wheel_drop.urdf.xacro
-- Up-to-date: /home/zhanger/tmp/bloomba/bloomba_ws/src/install/irobot_create_description/share/ament_index/resource_index/package_run_dependencies/irobot_create_description
-- Up-to-date: /home/zhanger/tmp/bloomba/bloomba_ws/src/install/irobot_create_description/share/ament_index/resource_index/parent_prefix_path/irobot_create_description
-- Up-to-date: /home/zhanger/tmp/bloomba/bloomba_ws/src/install/irobot_create_description/share/irobot_create_description/environment/ament_prefix_path.sh
-- Up-to-date: /home/zhanger/tmp/bloomba/bloomba_ws/src/install/irobot_create_description/share/irobot_create_description/environment/ament_prefix_path.dsv
-- Up-to-date: /home/zhanger/tmp/bloomba/bloomba_ws/src/install/irobot_create_description/share/irobot_create_description/environment/path.sh
-- Up-to-date: /home/zhanger/tmp/bloomba/bloomba_ws/src/install/irobot_create_description/share/irobot_create_description/environment/path.dsv
-- Up-to-date: /home/zhanger/tmp/bloomba/bloomba_ws/src/install/irobot_create_description/share/irobot_create_description/local_setup.bash
-- Up-to-date: /home/zhanger/tmp/bloomba/bloomba_ws/src/install/irobot_create_description/share/irobot_create_description/local_setup.sh
-- Up-to-date: /home/zhanger/tmp/bloomba/bloomba_ws/src/install/irobot_create_description/share/irobot_create_description/local_setup.zsh
-- Up-to-date: /home/zhanger/tmp/bloomba/bloomba_ws/src/install/irobot_create_description/share/irobot_create_description/local_setup.dsv
-- Up-to-date: /home/zhanger/tmp/bloomba/bloomba_ws/src/install/irobot_create_description/share/irobot_create_description/package.dsv
-- Up-to-date: /home/zhanger/tmp/bloomba/bloomba_ws/src/install/irobot_create_description/share/ament_index/resource_index/packages/irobot_create_description
-- Up-to-date: /home/zhanger/tmp/bloomba/bloomba_ws/src/install/irobot_create_description/share/irobot_create_description/cmake/irobot_create_descriptionConfig.cmake
-- Up-to-date: /home/zhanger/tmp/bloomba/bloomba_ws/src/install/irobot_create_description/share/irobot_create_description/cmake/irobot_create_descriptionConfig-version.cmake
-- Up-to-date: /home/zhanger/tmp/bloomba/bloomba_ws/src/install/irobot_create_description/share/irobot_create_description/package.xml
