[35m[1mConsolidate compiler generated dependencies of target irobot_create_toolbox[0m
[100%] Built target irobot_create_toolbox
-- Install configuration: ""
-- Up-to-date: /home/zhanger/tmp/bloomba/bloomba_ws/src/install/irobot_create_toolbox/lib/libirobot_create_toolbox.so
-- Up-to-date: /home/zhanger/tmp/bloomba/bloomba_ws/src/install/irobot_create_toolbox/include
-- Up-to-date: /home/zhanger/tmp/bloomba/bloomba_ws/src/install/irobot_create_toolbox/include/irobot_create_toolbox
-- Up-to-date: /home/zhanger/tmp/bloomba/bloomba_ws/src/install/irobot_create_toolbox/include/irobot_create_toolbox/polar_coordinates.hpp
-- Up-to-date: /home/zhanger/tmp/bloomba/bloomba_ws/src/install/irobot_create_toolbox/include/irobot_create_toolbox/math.hpp
-- Up-to-date: /home/zhanger/tmp/bloomba/bloomba_ws/src/install/irobot_create_toolbox/include/irobot_create_toolbox/sensors
-- Up-to-date: /home/zhanger/tmp/bloomba/bloomba_ws/src/install/irobot_create_toolbox/include/irobot_create_toolbox/sensors/bumpers.hpp
-- Up-to-date: /home/zhanger/tmp/bloomba/bloomba_ws/src/install/irobot_create_toolbox/share/irobot_create_toolbox/environment/library_path.sh
-- Up-to-date: /home/zhanger/tmp/bloomba/bloomba_ws/src/install/irobot_create_toolbox/share/irobot_create_toolbox/environment/library_path.dsv
-- Up-to-date: /home/zhanger/tmp/bloomba/bloomba_ws/src/install/irobot_create_toolbox/share/ament_index/resource_index/package_run_dependencies/irobot_create_toolbox
-- Up-to-date: /home/zhanger/tmp/bloomba/bloomba_ws/src/install/irobot_create_toolbox/share/ament_index/resource_index/parent_prefix_path/irobot_create_toolbox
-- Up-to-date: /home/zhanger/tmp/bloomba/bloomba_ws/src/install/irobot_create_toolbox/share/irobot_create_toolbox/environment/ament_prefix_path.sh
-- Up-to-date: /home/zhanger/tmp/bloomba/bloomba_ws/src/install/irobot_create_toolbox/share/irobot_create_toolbox/environment/ament_prefix_path.dsv
-- Up-to-date: /home/zhanger/tmp/bloomba/bloomba_ws/src/install/irobot_create_toolbox/share/irobot_create_toolbox/environment/path.sh
-- Up-to-date: /home/zhanger/tmp/bloomba/bloomba_ws/src/install/irobot_create_toolbox/share/irobot_create_toolbox/environment/path.dsv
-- Up-to-date: /home/zhanger/tmp/bloomba/bloomba_ws/src/install/irobot_create_toolbox/share/irobot_create_toolbox/local_setup.bash
-- Up-to-date: /home/zhanger/tmp/bloomba/bloomba_ws/src/install/irobot_create_toolbox/share/irobot_create_toolbox/local_setup.sh
-- Up-to-date: /home/zhanger/tmp/bloomba/bloomba_ws/src/install/irobot_create_toolbox/share/irobot_create_toolbox/local_setup.zsh
-- Up-to-date: /home/zhanger/tmp/bloomba/bloomba_ws/src/install/irobot_create_toolbox/share/irobot_create_toolbox/local_setup.dsv
-- Installing: /home/zhanger/tmp/bloomba/bloomba_ws/src/install/irobot_create_toolbox/share/irobot_create_toolbox/package.dsv
-- Up-to-date: /home/zhanger/tmp/bloomba/bloomba_ws/src/install/irobot_create_toolbox/share/ament_index/resource_index/packages/irobot_create_toolbox
-- Up-to-date: /home/zhanger/tmp/bloomba/bloomba_ws/src/install/irobot_create_toolbox/share/irobot_create_toolbox/cmake/ament_cmake_export_include_directories-extras.cmake
-- Up-to-date: /home/zhanger/tmp/bloomba/bloomba_ws/src/install/irobot_create_toolbox/share/irobot_create_toolbox/cmake/ament_cmake_export_libraries-extras.cmake
-- Up-to-date: /home/zhanger/tmp/bloomba/bloomba_ws/src/install/irobot_create_toolbox/share/irobot_create_toolbox/cmake/ament_cmake_export_dependencies-extras.cmake
-- Up-to-date: /home/zhanger/tmp/bloomba/bloomba_ws/src/install/irobot_create_toolbox/share/irobot_create_toolbox/cmake/irobot_create_toolboxConfig.cmake
-- Up-to-date: /home/zhanger/tmp/bloomba/bloomba_ws/src/install/irobot_create_toolbox/share/irobot_create_toolbox/cmake/irobot_create_toolboxConfig-version.cmake
-- Up-to-date: /home/zhanger/tmp/bloomba/bloomba_ws/src/install/irobot_create_toolbox/share/irobot_create_toolbox/package.xml
