[0.047s] Invoking command in '/home/zhanger/tmp/bloomba/bloomba_ws/src/build/irobot_create_toolbox': CMAKE_PREFIX_PATH=${CMAKE_PREFIX_PATH}:/home/zhanger/tmp/bloomba/bloomba_ws/install/plant_docking:/home/zhanger/tmp/bloomba/bloomba_ws/install/learning_tf2_py:/home/zhanger/tmp/bloomba/bloomba_ws/install/bloomba_slam:/home/zhanger/tmp/bloomba/bloomba_ws/install/bloomba_navigation:/home/zhanger/tmp/bloomba/bloomba_ws/install/bloomba_docking:/opt/ros/humble /usr/bin/cmake --build /home/zhanger/tmp/bloomba/bloomba_ws/src/build/irobot_create_toolbox -- -j4 -l4
[0.136s] [35m[1mConsolidate compiler generated dependencies of target irobot_create_toolbox[0m
[0.159s] [100%] Built target irobot_create_toolbox
[0.175s] Invoked command in '/home/zhanger/tmp/bloomba/bloomba_ws/src/build/irobot_create_toolbox' returned '0': CMAKE_PREFIX_PATH=${CMAKE_PREFIX_PATH}:/home/zhanger/tmp/bloomba/bloomba_ws/install/plant_docking:/home/zhanger/tmp/bloomba/bloomba_ws/install/learning_tf2_py:/home/zhanger/tmp/bloomba/bloomba_ws/install/bloomba_slam:/home/zhanger/tmp/bloomba/bloomba_ws/install/bloomba_navigation:/home/zhanger/tmp/bloomba/bloomba_ws/install/bloomba_docking:/opt/ros/humble /usr/bin/cmake --build /home/zhanger/tmp/bloomba/bloomba_ws/src/build/irobot_create_toolbox -- -j4 -l4
[0.223s] Invoking command in '/home/zhanger/tmp/bloomba/bloomba_ws/src/build/irobot_create_toolbox': CMAKE_PREFIX_PATH=${CMAKE_PREFIX_PATH}:/home/zhanger/tmp/bloomba/bloomba_ws/install/plant_docking:/home/zhanger/tmp/bloomba/bloomba_ws/install/learning_tf2_py:/home/zhanger/tmp/bloomba/bloomba_ws/install/bloomba_slam:/home/zhanger/tmp/bloomba/bloomba_ws/install/bloomba_navigation:/home/zhanger/tmp/bloomba/bloomba_ws/install/bloomba_docking:/opt/ros/humble /usr/bin/cmake --install /home/zhanger/tmp/bloomba/bloomba_ws/src/build/irobot_create_toolbox
[0.236s] -- Install configuration: ""
[0.239s] -- Up-to-date: /home/zhanger/tmp/bloomba/bloomba_ws/src/install/irobot_create_toolbox/lib/libirobot_create_toolbox.so
[0.239s] -- Up-to-date: /home/zhanger/tmp/bloomba/bloomba_ws/src/install/irobot_create_toolbox/include
[0.239s] -- Up-to-date: /home/zhanger/tmp/bloomba/bloomba_ws/src/install/irobot_create_toolbox/include/irobot_create_toolbox
[0.239s] -- Up-to-date: /home/zhanger/tmp/bloomba/bloomba_ws/src/install/irobot_create_toolbox/include/irobot_create_toolbox/polar_coordinates.hpp
[0.239s] -- Up-to-date: /home/zhanger/tmp/bloomba/bloomba_ws/src/install/irobot_create_toolbox/include/irobot_create_toolbox/math.hpp
[0.239s] -- Up-to-date: /home/zhanger/tmp/bloomba/bloomba_ws/src/install/irobot_create_toolbox/include/irobot_create_toolbox/sensors
[0.239s] -- Up-to-date: /home/zhanger/tmp/bloomba/bloomba_ws/src/install/irobot_create_toolbox/include/irobot_create_toolbox/sensors/bumpers.hpp
[0.239s] -- Up-to-date: /home/zhanger/tmp/bloomba/bloomba_ws/src/install/irobot_create_toolbox/share/irobot_create_toolbox/environment/library_path.sh
[0.240s] -- Up-to-date: /home/zhanger/tmp/bloomba/bloomba_ws/src/install/irobot_create_toolbox/share/irobot_create_toolbox/environment/library_path.dsv
[0.240s] -- Up-to-date: /home/zhanger/tmp/bloomba/bloomba_ws/src/install/irobot_create_toolbox/share/ament_index/resource_index/package_run_dependencies/irobot_create_toolbox
[0.240s] -- Up-to-date: /home/zhanger/tmp/bloomba/bloomba_ws/src/install/irobot_create_toolbox/share/ament_index/resource_index/parent_prefix_path/irobot_create_toolbox
[0.240s] -- Up-to-date: /home/zhanger/tmp/bloomba/bloomba_ws/src/install/irobot_create_toolbox/share/irobot_create_toolbox/environment/ament_prefix_path.sh
[0.240s] -- Up-to-date: /home/zhanger/tmp/bloomba/bloomba_ws/src/install/irobot_create_toolbox/share/irobot_create_toolbox/environment/ament_prefix_path.dsv
[0.240s] -- Up-to-date: /home/zhanger/tmp/bloomba/bloomba_ws/src/install/irobot_create_toolbox/share/irobot_create_toolbox/environment/path.sh
[0.241s] -- Up-to-date: /home/zhanger/tmp/bloomba/bloomba_ws/src/install/irobot_create_toolbox/share/irobot_create_toolbox/environment/path.dsv
[0.241s] -- Up-to-date: /home/zhanger/tmp/bloomba/bloomba_ws/src/install/irobot_create_toolbox/share/irobot_create_toolbox/local_setup.bash
[0.241s] -- Up-to-date: /home/zhanger/tmp/bloomba/bloomba_ws/src/install/irobot_create_toolbox/share/irobot_create_toolbox/local_setup.sh
[0.241s] -- Up-to-date: /home/zhanger/tmp/bloomba/bloomba_ws/src/install/irobot_create_toolbox/share/irobot_create_toolbox/local_setup.zsh
[0.241s] -- Up-to-date: /home/zhanger/tmp/bloomba/bloomba_ws/src/install/irobot_create_toolbox/share/irobot_create_toolbox/local_setup.dsv
[0.241s] -- Installing: /home/zhanger/tmp/bloomba/bloomba_ws/src/install/irobot_create_toolbox/share/irobot_create_toolbox/package.dsv
[0.241s] -- Up-to-date: /home/zhanger/tmp/bloomba/bloomba_ws/src/install/irobot_create_toolbox/share/ament_index/resource_index/packages/irobot_create_toolbox
[0.242s] -- Up-to-date: /home/zhanger/tmp/bloomba/bloomba_ws/src/install/irobot_create_toolbox/share/irobot_create_toolbox/cmake/ament_cmake_export_include_directories-extras.cmake
[0.242s] -- Up-to-date: /home/zhanger/tmp/bloomba/bloomba_ws/src/install/irobot_create_toolbox/share/irobot_create_toolbox/cmake/ament_cmake_export_libraries-extras.cmake
[0.242s] -- Up-to-date: /home/zhanger/tmp/bloomba/bloomba_ws/src/install/irobot_create_toolbox/share/irobot_create_toolbox/cmake/ament_cmake_export_dependencies-extras.cmake
[0.242s] -- Up-to-date: /home/zhanger/tmp/bloomba/bloomba_ws/src/install/irobot_create_toolbox/share/irobot_create_toolbox/cmake/irobot_create_toolboxConfig.cmake
[0.242s] -- Up-to-date: /home/zhanger/tmp/bloomba/bloomba_ws/src/install/irobot_create_toolbox/share/irobot_create_toolbox/cmake/irobot_create_toolboxConfig-version.cmake
[0.242s] -- Up-to-date: /home/zhanger/tmp/bloomba/bloomba_ws/src/install/irobot_create_toolbox/share/irobot_create_toolbox/package.xml
[0.266s] Invoked command in '/home/zhanger/tmp/bloomba/bloomba_ws/src/build/irobot_create_toolbox' returned '0': CMAKE_PREFIX_PATH=${CMAKE_PREFIX_PATH}:/home/zhanger/tmp/bloomba/bloomba_ws/install/plant_docking:/home/zhanger/tmp/bloomba/bloomba_ws/install/learning_tf2_py:/home/zhanger/tmp/bloomba/bloomba_ws/install/bloomba_slam:/home/zhanger/tmp/bloomba/bloomba_ws/install/bloomba_navigation:/home/zhanger/tmp/bloomba/bloomba_ws/install/bloomba_docking:/opt/ros/humble /usr/bin/cmake --install /home/zhanger/tmp/bloomba/bloomba_ws/src/build/irobot_create_toolbox
